2021-12-26 18:13:20 INFO  Thresh-Server-System main org.springframework.context.support.PostProcessorRegistrationDelegate$BeanPostProcessorChecker Bean 'org.springframework.cloud.autoconfigure.ConfigurationPropertiesRebinderAutoConfiguration' of type [org.springframework.cloud.autoconfigure.ConfigurationPropertiesRebinderAutoConfiguration] is not eligible for getting processed by all BeanPostProcessors (for example: not eligible for auto-proxying)
2021-12-26 18:13:21 INFO  Thresh-Server-System main org.springframework.cloud.bootstrap.config.PropertySourceBootstrapConfiguration Located property source: CompositePropertySource {name='NACOS', propertySources=[NacosPropertySource {name='thresh-server-system.yaml'}, NacosPropertySource {name='thresh-server-system'}]}
2021-12-26 18:13:21 INFO  Thresh-Server-System main com.zhang.thresh.server.system.ThreshServerSystemApplication No active profile set, falling back to default profiles: default
2021-12-26 18:13:22 INFO  Thresh-Server-System main org.springframework.cloud.context.scope.GenericScope BeanFactory id=674c7812-950f-356d-aaf5-dca082769eb3
2021-12-26 18:13:22 INFO  Thresh-Server-System main org.springframework.context.support.PostProcessorRegistrationDelegate$BeanPostProcessorChecker Bean 'org.springframework.security.config.annotation.configuration.ObjectPostProcessorConfiguration' of type [org.springframework.security.config.annotation.configuration.ObjectPostProcessorConfiguration] is not eligible for getting processed by all BeanPostProcessors (for example: not eligible for auto-proxying)
2021-12-26 18:13:22 INFO  Thresh-Server-System main org.springframework.context.support.PostProcessorRegistrationDelegate$BeanPostProcessorChecker Bean 'objectPostProcessor' of type [org.springframework.security.config.annotation.configuration.AutowireBeanFactoryObjectPostProcessor] is not eligible for getting processed by all BeanPostProcessors (for example: not eligible for auto-proxying)
2021-12-26 18:13:22 INFO  Thresh-Server-System main org.springframework.context.support.PostProcessorRegistrationDelegate$BeanPostProcessorChecker Bean 'org.springframework.security.access.expression.method.DefaultMethodSecurityExpressionHandler@256bb5be' of type [org.springframework.security.access.expression.method.DefaultMethodSecurityExpressionHandler] is not eligible for getting processed by all BeanPostProcessors (for example: not eligible for auto-proxying)
2021-12-26 18:13:22 INFO  Thresh-Server-System main org.springframework.context.support.PostProcessorRegistrationDelegate$BeanPostProcessorChecker Bean 'com.zhang.thresh.common.security.starter.configure.ThreshCloudSecurityAutoConfigure' of type [com.zhang.thresh.common.security.starter.configure.ThreshCloudSecurityAutoConfigure$$EnhancerBySpringCGLIB$$3547dc67] is not eligible for getting processed by all BeanPostProcessors (for example: not eligible for auto-proxying)
2021-12-26 18:13:22 INFO  Thresh-Server-System main org.springframework.context.support.PostProcessorRegistrationDelegate$BeanPostProcessorChecker Bean 'methodSecurityMetadataSource' of type [org.springframework.security.access.method.DelegatingMethodSecurityMetadataSource] is not eligible for getting processed by all BeanPostProcessors (for example: not eligible for auto-proxying)
2021-12-26 18:13:22 INFO  Thresh-Server-System main org.springframework.context.support.PostProcessorRegistrationDelegate$BeanPostProcessorChecker Bean 'spring.datasource.dynamic-com.baomidou.dynamic.datasource.spring.boot.autoconfigure.DynamicDataSourceProperties' of type [com.baomidou.dynamic.datasource.spring.boot.autoconfigure.DynamicDataSourceProperties] is not eligible for getting processed by all BeanPostProcessors (for example: not eligible for auto-proxying)
2021-12-26 18:13:22 INFO  Thresh-Server-System main org.springframework.context.support.PostProcessorRegistrationDelegate$BeanPostProcessorChecker Bean 'com.baomidou.dynamic.datasource.spring.boot.autoconfigure.DynamicDataSourceAutoConfiguration' of type [com.baomidou.dynamic.datasource.spring.boot.autoconfigure.DynamicDataSourceAutoConfiguration$$EnhancerBySpringCGLIB$$4ec46be0] is not eligible for getting processed by all BeanPostProcessors (for example: not eligible for auto-proxying)
2021-12-26 18:13:22 INFO  Thresh-Server-System main org.springframework.context.support.PostProcessorRegistrationDelegate$BeanPostProcessorChecker Bean 'dsProcessor' of type [com.baomidou.dynamic.datasource.processor.DsHeaderProcessor] is not eligible for getting processed by all BeanPostProcessors (for example: not eligible for auto-proxying)
2021-12-26 18:13:22 INFO  Thresh-Server-System main org.springframework.context.support.PostProcessorRegistrationDelegate$BeanPostProcessorChecker Bean 'dynamicDatasourceAnnotationAdvisor' of type [com.baomidou.dynamic.datasource.aop.DynamicDataSourceAnnotationAdvisor] is not eligible for getting processed by all BeanPostProcessors (for example: not eligible for auto-proxying)
2021-12-26 18:13:22 INFO  Thresh-Server-System main org.springframework.context.support.PostProcessorRegistrationDelegate$BeanPostProcessorChecker Bean 'org.springframework.transaction.annotation.ProxyTransactionManagementConfiguration' of type [org.springframework.transaction.annotation.ProxyTransactionManagementConfiguration] is not eligible for getting processed by all BeanPostProcessors (for example: not eligible for auto-proxying)
2021-12-26 18:13:22 INFO  Thresh-Server-System main org.springframework.context.support.PostProcessorRegistrationDelegate$BeanPostProcessorChecker Bean 'org.springframework.cloud.autoconfigure.ConfigurationPropertiesRebinderAutoConfiguration' of type [org.springframework.cloud.autoconfigure.ConfigurationPropertiesRebinderAutoConfiguration] is not eligible for getting processed by all BeanPostProcessors (for example: not eligible for auto-proxying)
2021-12-26 18:13:23 INFO  Thresh-Server-System main org.springframework.boot.web.embedded.tomcat.TomcatWebServer Tomcat initialized with port(s): 8201 (http)
2021-12-26 18:13:23 INFO  Thresh-Server-System main org.apache.coyote.http11.Http11NioProtocol Initializing ProtocolHandler ["http-nio-8201"]
2021-12-26 18:13:23 INFO  Thresh-Server-System main org.apache.catalina.core.StandardService Starting service [Tomcat]
2021-12-26 18:13:23 INFO  Thresh-Server-System main org.apache.catalina.core.StandardEngine Starting Servlet engine: [Apache Tomcat/9.0.27]
2021-12-26 18:13:23 INFO  Thresh-Server-System main org.apache.catalina.core.ContainerBase.[Tomcat].[localhost].[/] Initializing Spring embedded WebApplicationContext
2021-12-26 18:13:23 INFO  Thresh-Server-System main org.springframework.web.context.ContextLoader Root WebApplicationContext: initialization completed in 2070 ms
2021-12-26 18:13:23 INFO  Thresh-Server-System main com.netflix.config.sources.URLConfigurationSource To enable URLs as dynamic configuration sources, define System property archaius.configurationSource.additionalUrls or make config.properties available on classpath.
2021-12-26 18:13:23 INFO  Thresh-Server-System main com.netflix.config.DynamicPropertyFactory DynamicPropertyFactory is initialized with configuration sources: com.netflix.config.ConcurrentCompositeConfiguration@25214797
2021-12-26 18:13:24 INFO  Thresh-Server-System main com.baomidou.dynamic.datasource.DynamicRoutingDataSource dynamic-datasource detect P6SPY plugin and enabled it
2021-12-26 18:13:24 INFO  Thresh-Server-System main com.zaxxer.hikari.HikariDataSource base - Starting...
2021-12-26 18:13:24 INFO  Thresh-Server-System main com.zaxxer.hikari.HikariDataSource base - Start completed.
2021-12-26 18:13:24 INFO  Thresh-Server-System main com.baomidou.dynamic.datasource.DynamicRoutingDataSource dynamic-datasource - load a datasource named [base] success
2021-12-26 18:13:24 INFO  Thresh-Server-System main com.baomidou.dynamic.datasource.DynamicRoutingDataSource dynamic-datasource initial loaded [1] datasource,primary datasource named [base]
2021-12-26 18:13:24 INFO  Thresh-Server-System main com.alibaba.nacos.client.naming initializer namespace from System Property :null
2021-12-26 18:13:24 INFO  Thresh-Server-System main com.alibaba.nacos.client.naming initializer namespace from System Environment :null
2021-12-26 18:13:24 INFO  Thresh-Server-System main com.alibaba.nacos.client.naming initializer namespace from System Property :null
2021-12-26 18:13:24 INFO  Thresh-Server-System main org.springframework.boot.actuate.endpoint.web.ServletEndpointRegistrar Registered '/actuator/jolokia' to jolokia-actuator-endpoint
2021-12-26 18:13:26 INFO  Thresh-Server-System main com.zaxxer.hikari.HikariDataSource HikariPool-1 - Starting...
2021-12-26 18:13:26 INFO  Thresh-Server-System main com.zaxxer.hikari.HikariDataSource HikariPool-1 - Start completed.
2021-12-26 18:13:26 INFO  Thresh-Server-System main com.codingapi.txlcn.tc.corelog.H2DbHelper Init H2 DATABASE at D:\Program Files\thresh\.txlcn\Thresh-Server-System-8201
2021-12-26 18:13:26 INFO  Thresh-Server-System main com.codingapi.txlcn.logger.db.LogDbProperties TxLogger used user's config.
2021-12-26 18:13:27 INFO  Thresh-Server-System main org.springframework.boot.actuate.endpoint.web.EndpointLinksResolver Exposing 21 endpoint(s) beneath base path '/actuator'
2021-12-26 18:13:27 INFO  Thresh-Server-System main org.springframework.scheduling.concurrent.ThreadPoolTaskExecutor Initializing ExecutorService
2021-12-26 18:13:27 INFO  Thresh-Server-System main org.springframework.scheduling.concurrent.ThreadPoolTaskExecutor Initializing ExecutorService 'threshAsyncThreadPool'
2021-12-26 18:13:27 INFO  Thresh-Server-System main com.netflix.config.sources.URLConfigurationSource To enable URLs as dynamic configuration sources, define System property archaius.configurationSource.additionalUrls or make config.properties available on classpath.
2021-12-26 18:13:28 INFO  Thresh-Server-System main org.springframework.scheduling.concurrent.ThreadPoolTaskScheduler Initializing ExecutorService
2021-12-26 18:13:28 INFO  Thresh-Server-System main springfox.documentation.spring.web.PropertySourcedRequestMappingHandlerMapping Mapped URL path [/v2/api-docs] onto method [springfox.documentation.swagger2.web.Swagger2Controller#getDocumentation(String, HttpServletRequest)]
2021-12-26 18:13:28 INFO  Thresh-Server-System main org.springframework.scheduling.concurrent.ThreadPoolTaskScheduler Initializing ExecutorService
2021-12-26 18:13:28 INFO  Thresh-Server-System main org.springframework.security.web.DefaultSecurityFilterChain Creating filter chain: OrRequestMatcher [requestMatchers=[Ant [pattern='/**']]], [org.springframework.security.web.context.request.async.WebAsyncManagerIntegrationFilter@6055e899, org.springframework.security.web.context.SecurityContextPersistenceFilter@1b96d447, org.springframework.security.web.header.HeaderWriterFilter@74a3160d, org.springframework.security.web.authentication.logout.LogoutFilter@2b66bf1c, org.springframework.security.oauth2.provider.authentication.OAuth2AuthenticationProcessingFilter@3a663a45, org.springframework.security.web.authentication.www.BasicAuthenticationFilter@bb38c49, org.springframework.security.web.savedrequest.RequestCacheAwareFilter@3a47bf0e, org.springframework.security.web.servletapi.SecurityContextHolderAwareRequestFilter@716eae1, org.springframework.security.web.authentication.AnonymousAuthenticationFilter@350be5ec, org.springframework.security.web.session.SessionManagementFilter@5cf1bbd3, org.springframework.security.web.access.ExceptionTranslationFilter@647ce968, org.springframework.security.web.access.intercept.FilterSecurityInterceptor@7d0333c8]
2021-12-26 18:13:29 INFO  Thresh-Server-System main springfox.documentation.spring.web.plugins.DocumentationPluginsBootstrapper Context refreshed
2021-12-26 18:13:29 INFO  Thresh-Server-System main springfox.documentation.spring.web.plugins.DocumentationPluginsBootstrapper Found 1 custom documentation plugin(s)
2021-12-26 18:13:29 INFO  Thresh-Server-System main springfox.documentation.spring.web.scanners.ApiListingReferenceScanner Scanning for api listing references
2021-12-26 18:13:29 INFO  Thresh-Server-System main springfox.documentation.spring.web.readers.operation.CachingOperationNameGenerator Generating unique operation named: exportUsingPOST_1
2021-12-26 18:13:29 INFO  Thresh-Server-System main springfox.documentation.spring.web.readers.operation.CachingOperationNameGenerator Generating unique operation named: exportUsingPOST_2
2021-12-26 18:13:29 INFO  Thresh-Server-System main springfox.documentation.spring.web.readers.operation.CachingOperationNameGenerator Generating unique operation named: exportUsingPOST_3
2021-12-26 18:13:29 INFO  Thresh-Server-System main springfox.documentation.spring.web.readers.operation.CachingOperationNameGenerator Generating unique operation named: exportUsingPOST_4
2021-12-26 18:13:29 INFO  Thresh-Server-System main springfox.documentation.spring.web.readers.operation.CachingOperationNameGenerator Generating unique operation named: exportUsingPOST_5
2021-12-26 18:13:29 INFO  Thresh-Server-System main springfox.documentation.spring.web.readers.operation.CachingOperationNameGenerator Generating unique operation named: exportUsingPOST_6
2021-12-26 18:13:29 INFO  Thresh-Server-System main org.apache.coyote.http11.Http11NioProtocol Starting ProtocolHandler ["http-nio-8201"]
2021-12-26 18:13:29 INFO  Thresh-Server-System main org.springframework.boot.web.embedded.tomcat.TomcatWebServer Tomcat started on port(s): 8201 (http) with context path ''
2021-12-26 18:13:29 INFO  Thresh-Server-System main com.alibaba.nacos.client.naming [BEAT] adding beat: {"cluster":"DEFAULT","ip":"192.168.1.3","metadata":{"preserved.register.source":"SPRING_CLOUD"},"period":5000,"port":8201,"scheduled":false,"serviceName":"DEFAULT_GROUP@@Thresh-Server-System","stopped":false,"weight":1.0} to beat map.
2021-12-26 18:13:29 INFO  Thresh-Server-System main com.alibaba.nacos.client.naming [REGISTER-SERVICE] public registering service DEFAULT_GROUP@@Thresh-Server-System with instance: {"clusterName":"DEFAULT","enabled":true,"ephemeral":true,"healthy":true,"instanceHeartBeatInterval":5000,"instanceHeartBeatTimeOut":15000,"ip":"192.168.1.3","ipDeleteTimeout":30000,"metadata":{"preserved.register.source":"SPRING_CLOUD"},"port":8201,"weight":1.0}
2021-12-26 18:13:29 INFO  Thresh-Server-System main com.alibaba.cloud.nacos.registry.NacosServiceRegistry nacos registry, DEFAULT_GROUP Thresh-Server-System 192.168.1.3:8201 register finished
2021-12-26 18:13:30 INFO  Thresh-Server-System main com.zhang.thresh.server.system.ThreshServerSystemApplication Started ThreshServerSystemApplication in 10.306 seconds (JVM running for 12.328)
2021-12-26 18:13:30 INFO  Thresh-Server-System main com.codingapi.txlcn.txmsg.netty.impl.NettyRpcClientInitializer Try connect socket(localhost/127.0.0.1:8888) - count 1
2021-12-26 18:13:38 INFO  Thresh-Server-System main com.codingapi.txlcn.txmsg.netty.impl.NettyRpcClientInitializer Try connect socket(localhost/127.0.0.1:8888) - count 2
2021-12-26 18:13:46 INFO  Thresh-Server-System main com.codingapi.txlcn.txmsg.netty.impl.NettyRpcClientInitializer Try connect socket(localhost/127.0.0.1:8888) - count 3
2021-12-26 18:13:54 INFO  Thresh-Server-System main com.codingapi.txlcn.txmsg.netty.impl.NettyRpcClientInitializer Try connect socket(localhost/127.0.0.1:8888) - count 4
2021-12-26 18:14:02 INFO  Thresh-Server-System main com.codingapi.txlcn.txmsg.netty.impl.NettyRpcClientInitializer Try connect socket(localhost/127.0.0.1:8888) - count 5
2021-12-26 18:14:11 INFO  Thresh-Server-System main com.codingapi.txlcn.txmsg.netty.impl.NettyRpcClientInitializer Try connect socket(localhost/127.0.0.1:8888) - count 6
2021-12-26 18:14:19 INFO  Thresh-Server-System main com.codingapi.txlcn.txmsg.netty.impl.NettyRpcClientInitializer Try connect socket(localhost/127.0.0.1:8888) - count 7
2021-12-26 18:14:27 INFO  Thresh-Server-System main com.codingapi.txlcn.txmsg.netty.impl.NettyRpcClientInitializer Try connect socket(localhost/127.0.0.1:8888) - count 8
2021-12-26 18:14:35 INFO  Thresh-Server-System main com.codingapi.txlcn.tc.txmsg.TMSearcher Searching for more TM...
2021-12-26 18:14:35 INFO  Thresh-Server-System main org.springframework.boot.autoconfigure.logging.ConditionEvaluationReportLoggingListener 

Error starting ApplicationContext. To display the conditions report re-run your application with 'debug' enabled.
2021-12-26 18:14:35 INFO  Thresh-Server-System main org.springframework.scheduling.concurrent.ThreadPoolTaskScheduler Shutting down ExecutorService
2021-12-26 18:14:35 INFO  Thresh-Server-System main com.alibaba.cloud.nacos.registry.NacosServiceRegistry De-registering from Nacos Server now...
2021-12-26 18:14:35 INFO  Thresh-Server-System main com.alibaba.nacos.client.naming [BEAT] removing beat: DEFAULT_GROUP@@Thresh-Server-System:192.168.1.3:8201 from beat map.
2021-12-26 18:14:35 INFO  Thresh-Server-System main com.alibaba.nacos.client.naming [DEREGISTER-SERVICE] public deregistering service DEFAULT_GROUP@@Thresh-Server-System with instance: {"clusterName":"DEFAULT","enabled":true,"ephemeral":true,"healthy":true,"instanceHeartBeatInterval":5000,"instanceHeartBeatTimeOut":15000,"instanceIdGenerator":"simple","ip":"192.168.1.3","ipDeleteTimeout":30000,"metadata":{},"port":8201,"weight":1.0}
2021-12-26 18:14:35 INFO  Thresh-Server-System main com.alibaba.cloud.nacos.registry.NacosServiceRegistry De-registration finished.
2021-12-26 18:14:35 INFO  Thresh-Server-System main org.springframework.scheduling.concurrent.ThreadPoolTaskExecutor Shutting down ExecutorService 'threshAsyncThreadPool'
2021-12-26 18:14:35 INFO  Thresh-Server-System main com.codingapi.txlcn.txmsg.netty.impl.NettyRpcServerInitializer server was down.
2021-12-26 18:14:35 INFO  Thresh-Server-System main com.codingapi.txlcn.txmsg.netty.impl.NettyRpcClientInitializer RPC client was down.
2021-12-26 18:14:35 INFO  Thresh-Server-System main com.zaxxer.hikari.HikariDataSource HikariPool-1 - Shutdown initiated...
2021-12-26 18:14:35 INFO  Thresh-Server-System main com.zaxxer.hikari.HikariDataSource HikariPool-1 - Shutdown completed.
2021-12-26 18:14:35 INFO  Thresh-Server-System main com.codingapi.txlcn.tc.corelog.H2DbHelper log hikariDataSource close.
2021-12-26 18:14:35 INFO  Thresh-Server-System main com.baomidou.dynamic.datasource.DynamicRoutingDataSource dynamic-datasource start closing ....
2021-12-26 18:14:35 INFO  Thresh-Server-System main com.zaxxer.hikari.HikariDataSource base - Shutdown initiated...
2021-12-26 18:14:35 INFO  Thresh-Server-System main com.zaxxer.hikari.HikariDataSource base - Shutdown completed.
2021-12-26 18:14:35 INFO  Thresh-Server-System main com.baomidou.dynamic.datasource.DynamicRoutingDataSource dynamic-datasource all closed success,bye
2021-12-26 18:18:24 INFO  Thresh-Server-System main org.springframework.context.support.PostProcessorRegistrationDelegate$BeanPostProcessorChecker Bean 'org.springframework.cloud.autoconfigure.ConfigurationPropertiesRebinderAutoConfiguration' of type [org.springframework.cloud.autoconfigure.ConfigurationPropertiesRebinderAutoConfiguration] is not eligible for getting processed by all BeanPostProcessors (for example: not eligible for auto-proxying)
2021-12-26 18:18:24 INFO  Thresh-Server-System main org.springframework.cloud.bootstrap.config.PropertySourceBootstrapConfiguration Located property source: CompositePropertySource {name='NACOS', propertySources=[NacosPropertySource {name='thresh-server-system.yaml'}, NacosPropertySource {name='thresh-server-system'}]}
2021-12-26 18:18:24 INFO  Thresh-Server-System main com.zhang.thresh.server.system.ThreshServerSystemApplication No active profile set, falling back to default profiles: default
2021-12-26 18:18:26 INFO  Thresh-Server-System main org.springframework.cloud.context.scope.GenericScope BeanFactory id=674c7812-950f-356d-aaf5-dca082769eb3
2021-12-26 18:18:26 INFO  Thresh-Server-System main org.springframework.context.support.PostProcessorRegistrationDelegate$BeanPostProcessorChecker Bean 'org.springframework.security.config.annotation.configuration.ObjectPostProcessorConfiguration' of type [org.springframework.security.config.annotation.configuration.ObjectPostProcessorConfiguration] is not eligible for getting processed by all BeanPostProcessors (for example: not eligible for auto-proxying)
2021-12-26 18:18:26 INFO  Thresh-Server-System main org.springframework.context.support.PostProcessorRegistrationDelegate$BeanPostProcessorChecker Bean 'objectPostProcessor' of type [org.springframework.security.config.annotation.configuration.AutowireBeanFactoryObjectPostProcessor] is not eligible for getting processed by all BeanPostProcessors (for example: not eligible for auto-proxying)
2021-12-26 18:18:26 INFO  Thresh-Server-System main org.springframework.context.support.PostProcessorRegistrationDelegate$BeanPostProcessorChecker Bean 'org.springframework.security.access.expression.method.DefaultMethodSecurityExpressionHandler@50598a1a' of type [org.springframework.security.access.expression.method.DefaultMethodSecurityExpressionHandler] is not eligible for getting processed by all BeanPostProcessors (for example: not eligible for auto-proxying)
2021-12-26 18:18:26 INFO  Thresh-Server-System main org.springframework.context.support.PostProcessorRegistrationDelegate$BeanPostProcessorChecker Bean 'com.zhang.thresh.common.security.starter.configure.ThreshCloudSecurityAutoConfigure' of type [com.zhang.thresh.common.security.starter.configure.ThreshCloudSecurityAutoConfigure$$EnhancerBySpringCGLIB$$185b6a18] is not eligible for getting processed by all BeanPostProcessors (for example: not eligible for auto-proxying)
2021-12-26 18:18:26 INFO  Thresh-Server-System main org.springframework.context.support.PostProcessorRegistrationDelegate$BeanPostProcessorChecker Bean 'methodSecurityMetadataSource' of type [org.springframework.security.access.method.DelegatingMethodSecurityMetadataSource] is not eligible for getting processed by all BeanPostProcessors (for example: not eligible for auto-proxying)
2021-12-26 18:18:26 INFO  Thresh-Server-System main org.springframework.context.support.PostProcessorRegistrationDelegate$BeanPostProcessorChecker Bean 'spring.datasource.dynamic-com.baomidou.dynamic.datasource.spring.boot.autoconfigure.DynamicDataSourceProperties' of type [com.baomidou.dynamic.datasource.spring.boot.autoconfigure.DynamicDataSourceProperties] is not eligible for getting processed by all BeanPostProcessors (for example: not eligible for auto-proxying)
2021-12-26 18:18:26 INFO  Thresh-Server-System main org.springframework.context.support.PostProcessorRegistrationDelegate$BeanPostProcessorChecker Bean 'com.baomidou.dynamic.datasource.spring.boot.autoconfigure.DynamicDataSourceAutoConfiguration' of type [com.baomidou.dynamic.datasource.spring.boot.autoconfigure.DynamicDataSourceAutoConfiguration$$EnhancerBySpringCGLIB$$31d7f991] is not eligible for getting processed by all BeanPostProcessors (for example: not eligible for auto-proxying)
2021-12-26 18:18:26 INFO  Thresh-Server-System main org.springframework.context.support.PostProcessorRegistrationDelegate$BeanPostProcessorChecker Bean 'dsProcessor' of type [com.baomidou.dynamic.datasource.processor.DsHeaderProcessor] is not eligible for getting processed by all BeanPostProcessors (for example: not eligible for auto-proxying)
2021-12-26 18:18:26 INFO  Thresh-Server-System main org.springframework.context.support.PostProcessorRegistrationDelegate$BeanPostProcessorChecker Bean 'dynamicDatasourceAnnotationAdvisor' of type [com.baomidou.dynamic.datasource.aop.DynamicDataSourceAnnotationAdvisor] is not eligible for getting processed by all BeanPostProcessors (for example: not eligible for auto-proxying)
2021-12-26 18:18:26 INFO  Thresh-Server-System main org.springframework.context.support.PostProcessorRegistrationDelegate$BeanPostProcessorChecker Bean 'org.springframework.transaction.annotation.ProxyTransactionManagementConfiguration' of type [org.springframework.transaction.annotation.ProxyTransactionManagementConfiguration] is not eligible for getting processed by all BeanPostProcessors (for example: not eligible for auto-proxying)
2021-12-26 18:18:26 INFO  Thresh-Server-System main org.springframework.context.support.PostProcessorRegistrationDelegate$BeanPostProcessorChecker Bean 'org.springframework.cloud.autoconfigure.ConfigurationPropertiesRebinderAutoConfiguration' of type [org.springframework.cloud.autoconfigure.ConfigurationPropertiesRebinderAutoConfiguration] is not eligible for getting processed by all BeanPostProcessors (for example: not eligible for auto-proxying)
2021-12-26 18:18:26 INFO  Thresh-Server-System main org.springframework.boot.web.embedded.tomcat.TomcatWebServer Tomcat initialized with port(s): 8201 (http)
2021-12-26 18:18:26 INFO  Thresh-Server-System main org.apache.coyote.http11.Http11NioProtocol Initializing ProtocolHandler ["http-nio-8201"]
2021-12-26 18:18:26 INFO  Thresh-Server-System main org.apache.catalina.core.StandardService Starting service [Tomcat]
2021-12-26 18:18:26 INFO  Thresh-Server-System main org.apache.catalina.core.StandardEngine Starting Servlet engine: [Apache Tomcat/9.0.27]
2021-12-26 18:18:26 INFO  Thresh-Server-System main org.apache.catalina.core.ContainerBase.[Tomcat].[localhost].[/] Initializing Spring embedded WebApplicationContext
2021-12-26 18:18:26 INFO  Thresh-Server-System main org.springframework.web.context.ContextLoader Root WebApplicationContext: initialization completed in 2040 ms
2021-12-26 18:18:26 INFO  Thresh-Server-System main com.netflix.config.sources.URLConfigurationSource To enable URLs as dynamic configuration sources, define System property archaius.configurationSource.additionalUrls or make config.properties available on classpath.
2021-12-26 18:18:26 INFO  Thresh-Server-System main com.netflix.config.DynamicPropertyFactory DynamicPropertyFactory is initialized with configuration sources: com.netflix.config.ConcurrentCompositeConfiguration@1d17423f
2021-12-26 18:18:27 INFO  Thresh-Server-System main com.baomidou.dynamic.datasource.DynamicRoutingDataSource dynamic-datasource detect P6SPY plugin and enabled it
2021-12-26 18:18:27 INFO  Thresh-Server-System main com.zaxxer.hikari.HikariDataSource base - Starting...
2021-12-26 18:18:28 INFO  Thresh-Server-System main com.zaxxer.hikari.HikariDataSource base - Start completed.
2021-12-26 18:18:28 INFO  Thresh-Server-System main com.baomidou.dynamic.datasource.DynamicRoutingDataSource dynamic-datasource - load a datasource named [base] success
2021-12-26 18:18:28 INFO  Thresh-Server-System main com.baomidou.dynamic.datasource.DynamicRoutingDataSource dynamic-datasource initial loaded [1] datasource,primary datasource named [base]
2021-12-26 18:18:28 INFO  Thresh-Server-System main com.alibaba.nacos.client.naming initializer namespace from System Property :null
2021-12-26 18:18:28 INFO  Thresh-Server-System main com.alibaba.nacos.client.naming initializer namespace from System Environment :null
2021-12-26 18:18:28 INFO  Thresh-Server-System main com.alibaba.nacos.client.naming initializer namespace from System Property :null
2021-12-26 18:18:28 INFO  Thresh-Server-System main org.springframework.boot.actuate.endpoint.web.ServletEndpointRegistrar Registered '/actuator/jolokia' to jolokia-actuator-endpoint
2021-12-26 18:18:29 INFO  Thresh-Server-System main com.zaxxer.hikari.HikariDataSource HikariPool-1 - Starting...
2021-12-26 18:18:29 INFO  Thresh-Server-System main com.zaxxer.hikari.HikariDataSource HikariPool-1 - Start completed.
2021-12-26 18:18:29 INFO  Thresh-Server-System main com.codingapi.txlcn.tc.corelog.H2DbHelper Init H2 DATABASE at D:\Program Files\thresh\.txlcn\Thresh-Server-System-8201
2021-12-26 18:18:29 INFO  Thresh-Server-System main com.codingapi.txlcn.logger.db.LogDbProperties TxLogger used user's config.
2021-12-26 18:18:29 INFO  Thresh-Server-System main org.springframework.boot.actuate.endpoint.web.EndpointLinksResolver Exposing 21 endpoint(s) beneath base path '/actuator'
2021-12-26 18:18:29 INFO  Thresh-Server-System main org.springframework.scheduling.concurrent.ThreadPoolTaskExecutor Initializing ExecutorService
2021-12-26 18:18:29 INFO  Thresh-Server-System main org.springframework.scheduling.concurrent.ThreadPoolTaskExecutor Initializing ExecutorService 'threshAsyncThreadPool'
2021-12-26 18:18:30 INFO  Thresh-Server-System main com.netflix.config.sources.URLConfigurationSource To enable URLs as dynamic configuration sources, define System property archaius.configurationSource.additionalUrls or make config.properties available on classpath.
2021-12-26 18:18:30 INFO  Thresh-Server-System main org.springframework.scheduling.concurrent.ThreadPoolTaskScheduler Initializing ExecutorService
2021-12-26 18:18:30 INFO  Thresh-Server-System main springfox.documentation.spring.web.PropertySourcedRequestMappingHandlerMapping Mapped URL path [/v2/api-docs] onto method [springfox.documentation.swagger2.web.Swagger2Controller#getDocumentation(String, HttpServletRequest)]
2021-12-26 18:18:30 INFO  Thresh-Server-System main org.springframework.scheduling.concurrent.ThreadPoolTaskScheduler Initializing ExecutorService
2021-12-26 18:18:30 INFO  Thresh-Server-System main org.springframework.security.web.DefaultSecurityFilterChain Creating filter chain: OrRequestMatcher [requestMatchers=[Ant [pattern='/**']]], [org.springframework.security.web.context.request.async.WebAsyncManagerIntegrationFilter@2627335c, org.springframework.security.web.context.SecurityContextPersistenceFilter@56ec6ac0, org.springframework.security.web.header.HeaderWriterFilter@7ffe8a82, org.springframework.security.web.authentication.logout.LogoutFilter@483fe83a, org.springframework.security.oauth2.provider.authentication.OAuth2AuthenticationProcessingFilter@2a79da3a, org.springframework.security.web.authentication.www.BasicAuthenticationFilter@15c3849f, org.springframework.security.web.savedrequest.RequestCacheAwareFilter@4a3383dc, org.springframework.security.web.servletapi.SecurityContextHolderAwareRequestFilter@14b4ce6f, org.springframework.security.web.authentication.AnonymousAuthenticationFilter@5470753a, org.springframework.security.web.session.SessionManagementFilter@71098fb3, org.springframework.security.web.access.ExceptionTranslationFilter@64eb14da, org.springframework.security.web.access.intercept.FilterSecurityInterceptor@58041b11]
2021-12-26 18:18:31 INFO  Thresh-Server-System main springfox.documentation.spring.web.plugins.DocumentationPluginsBootstrapper Context refreshed
2021-12-26 18:18:31 INFO  Thresh-Server-System main springfox.documentation.spring.web.plugins.DocumentationPluginsBootstrapper Found 1 custom documentation plugin(s)
2021-12-26 18:18:31 INFO  Thresh-Server-System main springfox.documentation.spring.web.scanners.ApiListingReferenceScanner Scanning for api listing references
2021-12-26 18:18:31 INFO  Thresh-Server-System main springfox.documentation.spring.web.readers.operation.CachingOperationNameGenerator Generating unique operation named: exportUsingPOST_1
2021-12-26 18:18:31 INFO  Thresh-Server-System main springfox.documentation.spring.web.readers.operation.CachingOperationNameGenerator Generating unique operation named: exportUsingPOST_2
2021-12-26 18:18:31 INFO  Thresh-Server-System main springfox.documentation.spring.web.readers.operation.CachingOperationNameGenerator Generating unique operation named: exportUsingPOST_3
2021-12-26 18:18:31 INFO  Thresh-Server-System main springfox.documentation.spring.web.readers.operation.CachingOperationNameGenerator Generating unique operation named: exportUsingPOST_4
2021-12-26 18:18:31 INFO  Thresh-Server-System main springfox.documentation.spring.web.readers.operation.CachingOperationNameGenerator Generating unique operation named: exportUsingPOST_5
2021-12-26 18:18:31 INFO  Thresh-Server-System main springfox.documentation.spring.web.readers.operation.CachingOperationNameGenerator Generating unique operation named: exportUsingPOST_6
2021-12-26 18:18:31 INFO  Thresh-Server-System main org.apache.coyote.http11.Http11NioProtocol Starting ProtocolHandler ["http-nio-8201"]
2021-12-26 18:18:31 INFO  Thresh-Server-System main org.springframework.boot.web.embedded.tomcat.TomcatWebServer Tomcat started on port(s): 8201 (http) with context path ''
2021-12-26 18:18:31 INFO  Thresh-Server-System main com.alibaba.nacos.client.naming [BEAT] adding beat: {"cluster":"DEFAULT","ip":"192.168.1.3","metadata":{"preserved.register.source":"SPRING_CLOUD"},"period":5000,"port":8201,"scheduled":false,"serviceName":"DEFAULT_GROUP@@Thresh-Server-System","stopped":false,"weight":1.0} to beat map.
2021-12-26 18:18:31 INFO  Thresh-Server-System main com.alibaba.nacos.client.naming [REGISTER-SERVICE] public registering service DEFAULT_GROUP@@Thresh-Server-System with instance: {"clusterName":"DEFAULT","enabled":true,"ephemeral":true,"healthy":true,"instanceHeartBeatInterval":5000,"instanceHeartBeatTimeOut":15000,"ip":"192.168.1.3","ipDeleteTimeout":30000,"metadata":{"preserved.register.source":"SPRING_CLOUD"},"port":8201,"weight":1.0}
2021-12-26 18:18:31 INFO  Thresh-Server-System main com.alibaba.cloud.nacos.registry.NacosServiceRegistry nacos registry, DEFAULT_GROUP Thresh-Server-System 192.168.1.3:8201 register finished
2021-12-26 18:18:32 INFO  Thresh-Server-System main com.zhang.thresh.server.system.ThreshServerSystemApplication Started ThreshServerSystemApplication in 8.938 seconds (JVM running for 10.193)
2021-12-26 18:18:32 INFO  Thresh-Server-System main com.codingapi.txlcn.txmsg.netty.impl.NettyRpcClientInitializer Try connect socket(localhost/127.0.0.1:8888) - count 1
2021-12-26 18:18:32 INFO  Thresh-Server-System Thread-33 com.codingapi.txlcn.tc.txmsg.TCSideRpcInitCallBack Send init message to TM[localhost/127.0.0.1:8888]
2021-12-26 18:18:32 INFO  Thresh-Server-System main com.codingapi.txlcn.tc.corelog.txc.TxcLogHelper Txc log table finish (H2 DATABASE)
2021-12-26 18:18:32 INFO  Thresh-Server-System main com.codingapi.txlcn.tc.corelog.aspect.AspectLogHelper Aspect log table finished (H2 DATABASE)
2021-12-26 18:18:32 INFO  Thresh-Server-System main com.alibaba.nacos.client.config.impl.ClientWorker [fixed-localhost_8001] [subscribe] thresh-server-system.yaml+DEFAULT_GROUP
2021-12-26 18:18:32 INFO  Thresh-Server-System main com.alibaba.nacos.client.config.impl.CacheData [fixed-localhost_8001] [add-listener] ok, tenant=, dataId=thresh-server-system.yaml, group=DEFAULT_GROUP, cnt=1
2021-12-26 18:18:32 INFO  Thresh-Server-System main com.alibaba.nacos.client.config.impl.ClientWorker [fixed-localhost_8001] [subscribe] thresh-server-system+DEFAULT_GROUP
2021-12-26 18:18:32 INFO  Thresh-Server-System main com.alibaba.nacos.client.config.impl.CacheData [fixed-localhost_8001] [add-listener] ok, tenant=, dataId=thresh-server-system, group=DEFAULT_GROUP, cnt=1
2021-12-26 18:18:33 INFO  Thresh-Server-System Thread-33 com.codingapi.txlcn.tc.txmsg.TCSideRpcInitCallBack Finally, determined dtx time is 8000ms, tm rpc timeout is 1000 ms, machineId is 9
2021-12-26 18:18:33 INFO  Thresh-Server-System Thread-33 com.codingapi.txlcn.tc.txmsg.TMSearcher Searching for more TM...
2021-12-26 18:18:33 INFO  Thresh-Server-System registrationTask1 de.codecentric.boot.admin.client.registration.ApplicationRegistrator Application registered itself as 29fe75365ded
2021-12-26 18:18:33 INFO  Thresh-Server-System Thread-33 com.codingapi.txlcn.txmsg.netty.impl.NettyRpcClientInitializer Try connect socket(/0.0.0.0:8888) - count 1
2021-12-26 18:18:33 INFO  Thresh-Server-System Thread-33 com.codingapi.txlcn.tc.txmsg.TMSearcher TC[Thresh-Server-System:8201] established TM cluster successfully!
2021-12-26 18:18:33 INFO  Thresh-Server-System Thread-33 com.codingapi.txlcn.tc.txmsg.TMSearcher TM cluster's size: 2
2021-12-26 18:18:33 INFO  Thresh-Server-System Thread-37 com.codingapi.txlcn.tc.txmsg.TCSideRpcInitCallBack Send init message to TM[/0.0.0.0:8888]
2021-12-26 18:18:33 INFO  Thresh-Server-System Thread-37 com.codingapi.txlcn.tc.txmsg.TCSideRpcInitCallBack Finally, determined dtx time is 8000ms, tm rpc timeout is 1000 ms, machineId is 10
2021-12-26 18:18:33 INFO  Thresh-Server-System Thread-37 com.codingapi.txlcn.tc.txmsg.TMSearcher TM cluster's size: 2
2021-12-26 18:18:33 INFO  Thresh-Server-System http-nio-8201-exec-1 org.apache.catalina.core.ContainerBase.[Tomcat].[localhost].[/] Initializing Spring DispatcherServlet 'dispatcherServlet'
2021-12-26 18:18:33 INFO  Thresh-Server-System http-nio-8201-exec-1 org.springframework.web.servlet.DispatcherServlet Initializing Servlet 'dispatcherServlet'
2021-12-26 18:18:33 INFO  Thresh-Server-System http-nio-8201-exec-1 org.springframework.web.servlet.DispatcherServlet Completed initialization in 8 ms
2021-12-26 18:18:41 INFO  Thresh-Server-System main org.springframework.context.support.PostProcessorRegistrationDelegate$BeanPostProcessorChecker Bean 'org.springframework.cloud.autoconfigure.ConfigurationPropertiesRebinderAutoConfiguration' of type [org.springframework.cloud.autoconfigure.ConfigurationPropertiesRebinderAutoConfiguration] is not eligible for getting processed by all BeanPostProcessors (for example: not eligible for auto-proxying)
2021-12-26 18:18:41 INFO  Thresh-Server-System main org.springframework.cloud.bootstrap.config.PropertySourceBootstrapConfiguration Located property source: CompositePropertySource {name='NACOS', propertySources=[NacosPropertySource {name='thresh-server-system.yaml'}, NacosPropertySource {name='thresh-server-system'}]}
2021-12-26 18:18:41 INFO  Thresh-Server-System main com.zhang.thresh.server.system.ThreshServerSystemApplication No active profile set, falling back to default profiles: default
2021-12-26 18:18:42 INFO  Thresh-Server-System main org.springframework.cloud.context.scope.GenericScope BeanFactory id=674c7812-950f-356d-aaf5-dca082769eb3
2021-12-26 18:18:43 INFO  Thresh-Server-System main org.springframework.context.support.PostProcessorRegistrationDelegate$BeanPostProcessorChecker Bean 'org.springframework.security.config.annotation.configuration.ObjectPostProcessorConfiguration' of type [org.springframework.security.config.annotation.configuration.ObjectPostProcessorConfiguration] is not eligible for getting processed by all BeanPostProcessors (for example: not eligible for auto-proxying)
2021-12-26 18:18:43 INFO  Thresh-Server-System main org.springframework.context.support.PostProcessorRegistrationDelegate$BeanPostProcessorChecker Bean 'objectPostProcessor' of type [org.springframework.security.config.annotation.configuration.AutowireBeanFactoryObjectPostProcessor] is not eligible for getting processed by all BeanPostProcessors (for example: not eligible for auto-proxying)
2021-12-26 18:18:43 INFO  Thresh-Server-System main org.springframework.context.support.PostProcessorRegistrationDelegate$BeanPostProcessorChecker Bean 'org.springframework.security.access.expression.method.DefaultMethodSecurityExpressionHandler@22a6d75c' of type [org.springframework.security.access.expression.method.DefaultMethodSecurityExpressionHandler] is not eligible for getting processed by all BeanPostProcessors (for example: not eligible for auto-proxying)
2021-12-26 18:18:43 INFO  Thresh-Server-System main org.springframework.context.support.PostProcessorRegistrationDelegate$BeanPostProcessorChecker Bean 'com.zhang.thresh.common.security.starter.configure.ThreshCloudSecurityAutoConfigure' of type [com.zhang.thresh.common.security.starter.configure.ThreshCloudSecurityAutoConfigure$$EnhancerBySpringCGLIB$$f2c9d6fc] is not eligible for getting processed by all BeanPostProcessors (for example: not eligible for auto-proxying)
2021-12-26 18:18:43 INFO  Thresh-Server-System main org.springframework.context.support.PostProcessorRegistrationDelegate$BeanPostProcessorChecker Bean 'methodSecurityMetadataSource' of type [org.springframework.security.access.method.DelegatingMethodSecurityMetadataSource] is not eligible for getting processed by all BeanPostProcessors (for example: not eligible for auto-proxying)
2021-12-26 18:18:43 INFO  Thresh-Server-System main org.springframework.context.support.PostProcessorRegistrationDelegate$BeanPostProcessorChecker Bean 'spring.datasource.dynamic-com.baomidou.dynamic.datasource.spring.boot.autoconfigure.DynamicDataSourceProperties' of type [com.baomidou.dynamic.datasource.spring.boot.autoconfigure.DynamicDataSourceProperties] is not eligible for getting processed by all BeanPostProcessors (for example: not eligible for auto-proxying)
2021-12-26 18:18:43 INFO  Thresh-Server-System main org.springframework.context.support.PostProcessorRegistrationDelegate$BeanPostProcessorChecker Bean 'com.baomidou.dynamic.datasource.spring.boot.autoconfigure.DynamicDataSourceAutoConfiguration' of type [com.baomidou.dynamic.datasource.spring.boot.autoconfigure.DynamicDataSourceAutoConfiguration$$EnhancerBySpringCGLIB$$c466675] is not eligible for getting processed by all BeanPostProcessors (for example: not eligible for auto-proxying)
2021-12-26 18:18:43 INFO  Thresh-Server-System main org.springframework.context.support.PostProcessorRegistrationDelegate$BeanPostProcessorChecker Bean 'dsProcessor' of type [com.baomidou.dynamic.datasource.processor.DsHeaderProcessor] is not eligible for getting processed by all BeanPostProcessors (for example: not eligible for auto-proxying)
2021-12-26 18:18:43 INFO  Thresh-Server-System main org.springframework.context.support.PostProcessorRegistrationDelegate$BeanPostProcessorChecker Bean 'dynamicDatasourceAnnotationAdvisor' of type [com.baomidou.dynamic.datasource.aop.DynamicDataSourceAnnotationAdvisor] is not eligible for getting processed by all BeanPostProcessors (for example: not eligible for auto-proxying)
2021-12-26 18:18:43 INFO  Thresh-Server-System main org.springframework.context.support.PostProcessorRegistrationDelegate$BeanPostProcessorChecker Bean 'org.springframework.transaction.annotation.ProxyTransactionManagementConfiguration' of type [org.springframework.transaction.annotation.ProxyTransactionManagementConfiguration] is not eligible for getting processed by all BeanPostProcessors (for example: not eligible for auto-proxying)
2021-12-26 18:18:43 INFO  Thresh-Server-System main org.springframework.context.support.PostProcessorRegistrationDelegate$BeanPostProcessorChecker Bean 'org.springframework.cloud.autoconfigure.ConfigurationPropertiesRebinderAutoConfiguration' of type [org.springframework.cloud.autoconfigure.ConfigurationPropertiesRebinderAutoConfiguration] is not eligible for getting processed by all BeanPostProcessors (for example: not eligible for auto-proxying)
2021-12-26 18:18:43 INFO  Thresh-Server-System main org.springframework.boot.web.embedded.tomcat.TomcatWebServer Tomcat initialized with port(s): 8201 (http)
2021-12-26 18:18:43 INFO  Thresh-Server-System main org.apache.coyote.http11.Http11NioProtocol Initializing ProtocolHandler ["http-nio-8201"]
2021-12-26 18:18:43 INFO  Thresh-Server-System main org.apache.catalina.core.StandardService Starting service [Tomcat]
2021-12-26 18:18:43 INFO  Thresh-Server-System main org.apache.catalina.core.StandardEngine Starting Servlet engine: [Apache Tomcat/9.0.27]
2021-12-26 18:18:43 INFO  Thresh-Server-System main org.apache.catalina.core.ContainerBase.[Tomcat].[localhost].[/] Initializing Spring embedded WebApplicationContext
2021-12-26 18:18:43 INFO  Thresh-Server-System main org.springframework.web.context.ContextLoader Root WebApplicationContext: initialization completed in 2056 ms
2021-12-26 18:18:43 INFO  Thresh-Server-System main com.netflix.config.sources.URLConfigurationSource To enable URLs as dynamic configuration sources, define System property archaius.configurationSource.additionalUrls or make config.properties available on classpath.
2021-12-26 18:18:43 INFO  Thresh-Server-System main com.netflix.config.DynamicPropertyFactory DynamicPropertyFactory is initialized with configuration sources: com.netflix.config.ConcurrentCompositeConfiguration@8077c97
2021-12-26 18:18:44 INFO  Thresh-Server-System main com.baomidou.dynamic.datasource.DynamicRoutingDataSource dynamic-datasource detect P6SPY plugin and enabled it
2021-12-26 18:18:44 INFO  Thresh-Server-System main com.zaxxer.hikari.HikariDataSource base - Starting...
2021-12-26 18:18:44 INFO  Thresh-Server-System main com.zaxxer.hikari.HikariDataSource base - Start completed.
2021-12-26 18:18:44 INFO  Thresh-Server-System main com.baomidou.dynamic.datasource.DynamicRoutingDataSource dynamic-datasource - load a datasource named [base] success
2021-12-26 18:18:44 INFO  Thresh-Server-System main com.baomidou.dynamic.datasource.DynamicRoutingDataSource dynamic-datasource initial loaded [1] datasource,primary datasource named [base]
2021-12-26 18:18:44 INFO  Thresh-Server-System main com.alibaba.nacos.client.naming initializer namespace from System Property :null
2021-12-26 18:18:44 INFO  Thresh-Server-System main com.alibaba.nacos.client.naming initializer namespace from System Environment :null
2021-12-26 18:18:44 INFO  Thresh-Server-System main com.alibaba.nacos.client.naming initializer namespace from System Property :null
2021-12-26 18:18:45 INFO  Thresh-Server-System main org.springframework.boot.actuate.endpoint.web.ServletEndpointRegistrar Registered '/actuator/jolokia' to jolokia-actuator-endpoint
2021-12-26 18:18:45 INFO  Thresh-Server-System main com.zaxxer.hikari.HikariDataSource HikariPool-1 - Starting...
2021-12-26 18:18:45 INFO  Thresh-Server-System main com.zaxxer.hikari.HikariDataSource HikariPool-1 - Start completed.
2021-12-26 18:18:45 INFO  Thresh-Server-System main com.codingapi.txlcn.tc.corelog.H2DbHelper Init H2 DATABASE at D:\Program Files\thresh\.txlcn\Thresh-Server-System-8201
2021-12-26 18:18:46 INFO  Thresh-Server-System main com.codingapi.txlcn.logger.db.LogDbProperties TxLogger used user's config.
2021-12-26 18:18:46 INFO  Thresh-Server-System main org.springframework.boot.actuate.endpoint.web.EndpointLinksResolver Exposing 21 endpoint(s) beneath base path '/actuator'
2021-12-26 18:18:46 INFO  Thresh-Server-System main org.springframework.scheduling.concurrent.ThreadPoolTaskExecutor Initializing ExecutorService
2021-12-26 18:18:46 INFO  Thresh-Server-System main org.springframework.scheduling.concurrent.ThreadPoolTaskExecutor Initializing ExecutorService 'threshAsyncThreadPool'
2021-12-26 18:18:46 INFO  Thresh-Server-System main com.netflix.config.sources.URLConfigurationSource To enable URLs as dynamic configuration sources, define System property archaius.configurationSource.additionalUrls or make config.properties available on classpath.
2021-12-26 18:18:46 INFO  Thresh-Server-System main org.springframework.scheduling.concurrent.ThreadPoolTaskScheduler Initializing ExecutorService
2021-12-26 18:18:46 INFO  Thresh-Server-System main springfox.documentation.spring.web.PropertySourcedRequestMappingHandlerMapping Mapped URL path [/v2/api-docs] onto method [springfox.documentation.swagger2.web.Swagger2Controller#getDocumentation(String, HttpServletRequest)]
2021-12-26 18:18:47 INFO  Thresh-Server-System main org.springframework.scheduling.concurrent.ThreadPoolTaskScheduler Initializing ExecutorService
2021-12-26 18:18:47 INFO  Thresh-Server-System main org.springframework.security.web.DefaultSecurityFilterChain Creating filter chain: OrRequestMatcher [requestMatchers=[Ant [pattern='/**']]], [org.springframework.security.web.context.request.async.WebAsyncManagerIntegrationFilter@55cc4c61, org.springframework.security.web.context.SecurityContextPersistenceFilter@57ac2910, org.springframework.security.web.header.HeaderWriterFilter@47c15468, org.springframework.security.web.authentication.logout.LogoutFilter@346690d6, org.springframework.security.oauth2.provider.authentication.OAuth2AuthenticationProcessingFilter@72015156, org.springframework.security.web.authentication.www.BasicAuthenticationFilter@3b0c38f2, org.springframework.security.web.savedrequest.RequestCacheAwareFilter@e296794, org.springframework.security.web.servletapi.SecurityContextHolderAwareRequestFilter@5527dbb0, org.springframework.security.web.authentication.AnonymousAuthenticationFilter@2b06f498, org.springframework.security.web.session.SessionManagementFilter@5357de0e, org.springframework.security.web.access.ExceptionTranslationFilter@54b35809, org.springframework.security.web.access.intercept.FilterSecurityInterceptor@394331a8]
2021-12-26 18:18:48 INFO  Thresh-Server-System main springfox.documentation.spring.web.plugins.DocumentationPluginsBootstrapper Context refreshed
2021-12-26 18:18:48 INFO  Thresh-Server-System main springfox.documentation.spring.web.plugins.DocumentationPluginsBootstrapper Found 1 custom documentation plugin(s)
2021-12-26 18:18:48 INFO  Thresh-Server-System main springfox.documentation.spring.web.scanners.ApiListingReferenceScanner Scanning for api listing references
2021-12-26 18:18:48 INFO  Thresh-Server-System main springfox.documentation.spring.web.readers.operation.CachingOperationNameGenerator Generating unique operation named: exportUsingPOST_1
2021-12-26 18:18:48 INFO  Thresh-Server-System main springfox.documentation.spring.web.readers.operation.CachingOperationNameGenerator Generating unique operation named: exportUsingPOST_2
2021-12-26 18:18:48 INFO  Thresh-Server-System main springfox.documentation.spring.web.readers.operation.CachingOperationNameGenerator Generating unique operation named: exportUsingPOST_3
2021-12-26 18:18:48 INFO  Thresh-Server-System main springfox.documentation.spring.web.readers.operation.CachingOperationNameGenerator Generating unique operation named: exportUsingPOST_4
2021-12-26 18:18:48 INFO  Thresh-Server-System main springfox.documentation.spring.web.readers.operation.CachingOperationNameGenerator Generating unique operation named: exportUsingPOST_5
2021-12-26 18:18:48 INFO  Thresh-Server-System main springfox.documentation.spring.web.readers.operation.CachingOperationNameGenerator Generating unique operation named: exportUsingPOST_6
2021-12-26 18:18:48 INFO  Thresh-Server-System main org.apache.coyote.http11.Http11NioProtocol Starting ProtocolHandler ["http-nio-8201"]
2021-12-26 18:18:48 INFO  Thresh-Server-System main org.springframework.boot.web.embedded.tomcat.TomcatWebServer Tomcat started on port(s): 8201 (http) with context path ''
2021-12-26 18:18:48 INFO  Thresh-Server-System main com.alibaba.nacos.client.naming [BEAT] adding beat: {"cluster":"DEFAULT","ip":"192.168.1.3","metadata":{"preserved.register.source":"SPRING_CLOUD"},"period":5000,"port":8201,"scheduled":false,"serviceName":"DEFAULT_GROUP@@Thresh-Server-System","stopped":false,"weight":1.0} to beat map.
2021-12-26 18:18:48 INFO  Thresh-Server-System main com.alibaba.nacos.client.naming [REGISTER-SERVICE] public registering service DEFAULT_GROUP@@Thresh-Server-System with instance: {"clusterName":"DEFAULT","enabled":true,"ephemeral":true,"healthy":true,"instanceHeartBeatInterval":5000,"instanceHeartBeatTimeOut":15000,"ip":"192.168.1.3","ipDeleteTimeout":30000,"metadata":{"preserved.register.source":"SPRING_CLOUD"},"port":8201,"weight":1.0}
2021-12-26 18:18:48 INFO  Thresh-Server-System main com.alibaba.cloud.nacos.registry.NacosServiceRegistry nacos registry, DEFAULT_GROUP Thresh-Server-System 192.168.1.3:8201 register finished
2021-12-26 18:18:48 INFO  Thresh-Server-System main com.zhang.thresh.server.system.ThreshServerSystemApplication Started ThreshServerSystemApplication in 8.725 seconds (JVM running for 10.009)
2021-12-26 18:18:48 INFO  Thresh-Server-System main com.codingapi.txlcn.txmsg.netty.impl.NettyRpcClientInitializer Try connect socket(localhost/127.0.0.1:8888) - count 1
2021-12-26 18:18:49 INFO  Thresh-Server-System Thread-33 com.codingapi.txlcn.tc.txmsg.TCSideRpcInitCallBack Send init message to TM[localhost/127.0.0.1:8888]
2021-12-26 18:18:49 INFO  Thresh-Server-System main com.codingapi.txlcn.tc.corelog.txc.TxcLogHelper Txc log table finish (H2 DATABASE)
2021-12-26 18:18:49 INFO  Thresh-Server-System main com.codingapi.txlcn.tc.corelog.aspect.AspectLogHelper Aspect log table finished (H2 DATABASE)
2021-12-26 18:18:49 INFO  Thresh-Server-System main com.alibaba.nacos.client.config.impl.ClientWorker [fixed-localhost_8001] [subscribe] thresh-server-system.yaml+DEFAULT_GROUP
2021-12-26 18:18:49 INFO  Thresh-Server-System main com.alibaba.nacos.client.config.impl.CacheData [fixed-localhost_8001] [add-listener] ok, tenant=, dataId=thresh-server-system.yaml, group=DEFAULT_GROUP, cnt=1
2021-12-26 18:18:49 INFO  Thresh-Server-System main com.alibaba.nacos.client.config.impl.ClientWorker [fixed-localhost_8001] [subscribe] thresh-server-system+DEFAULT_GROUP
2021-12-26 18:18:49 INFO  Thresh-Server-System main com.alibaba.nacos.client.config.impl.CacheData [fixed-localhost_8001] [add-listener] ok, tenant=, dataId=thresh-server-system, group=DEFAULT_GROUP, cnt=1
2021-12-26 18:18:49 INFO  Thresh-Server-System Thread-33 com.codingapi.txlcn.tc.txmsg.TCSideRpcInitCallBack Finally, determined dtx time is 8000ms, tm rpc timeout is 1000 ms, machineId is 11
2021-12-26 18:18:49 INFO  Thresh-Server-System Thread-33 com.codingapi.txlcn.tc.txmsg.TMSearcher Searching for more TM...
2021-12-26 18:18:49 INFO  Thresh-Server-System Thread-33 com.codingapi.txlcn.txmsg.netty.impl.NettyRpcClientInitializer Try connect socket(/0.0.0.0:8888) - count 1
2021-12-26 18:18:49 INFO  Thresh-Server-System Thread-33 com.codingapi.txlcn.tc.txmsg.TMSearcher TC[Thresh-Server-System:8201] established TM cluster successfully!
2021-12-26 18:18:49 INFO  Thresh-Server-System Thread-33 com.codingapi.txlcn.tc.txmsg.TMSearcher TM cluster's size: 2
2021-12-26 18:18:49 INFO  Thresh-Server-System Thread-36 com.codingapi.txlcn.tc.txmsg.TCSideRpcInitCallBack Send init message to TM[/0.0.0.0:8888]
2021-12-26 18:18:49 INFO  Thresh-Server-System Thread-36 com.codingapi.txlcn.tc.txmsg.TCSideRpcInitCallBack Finally, determined dtx time is 8000ms, tm rpc timeout is 1000 ms, machineId is 12
2021-12-26 18:18:49 INFO  Thresh-Server-System Thread-36 com.codingapi.txlcn.tc.txmsg.TMSearcher TM cluster's size: 2
2021-12-26 18:18:49 INFO  Thresh-Server-System registrationTask1 de.codecentric.boot.admin.client.registration.ApplicationRegistrator Application registered itself as 29fe75365ded
2021-12-26 18:18:49 INFO  Thresh-Server-System http-nio-8201-exec-4 org.apache.catalina.core.ContainerBase.[Tomcat].[localhost].[/] Initializing Spring DispatcherServlet 'dispatcherServlet'
2021-12-26 18:18:49 INFO  Thresh-Server-System http-nio-8201-exec-4 org.springframework.web.servlet.DispatcherServlet Initializing Servlet 'dispatcherServlet'
2021-12-26 18:18:49 INFO  Thresh-Server-System http-nio-8201-exec-4 org.springframework.web.servlet.DispatcherServlet Completed initialization in 8 ms
