2021-12-26 17:55:49 INFO  Thresh-Admin main org.springframework.context.support.PostProcessorRegistrationDelegate$BeanPostProcessorChecker Bean 'org.springframework.cloud.autoconfigure.ConfigurationPropertiesRebinderAutoConfiguration' of type [org.springframework.cloud.autoconfigure.ConfigurationPropertiesRebinderAutoConfiguration] is not eligible for getting processed by all BeanPostProcessors (for example: not eligible for auto-proxying)
2021-12-26 17:55:49 INFO  Thresh-Admin main org.springframework.cloud.bootstrap.config.PropertySourceBootstrapConfiguration Located property source: CompositePropertySource {name='NACOS', propertySources=[NacosPropertySource {name='thresh-admin.yaml'}, NacosPropertySource {name='thresh-admin'}]}
2021-12-26 17:55:49 INFO  Thresh-Admin main com.zhang.thresh.apm.admin.ThreshApmAdminApplication No active profile set, falling back to default profiles: default
2021-12-26 17:55:50 INFO  Thresh-Admin main org.springframework.cloud.context.scope.GenericScope BeanFactory id=ef645986-25dc-3fa4-bdd6-f2fd2aeeb853
2021-12-26 17:55:50 INFO  Thresh-Admin main org.springframework.context.support.PostProcessorRegistrationDelegate$BeanPostProcessorChecker Bean 'org.springframework.cloud.autoconfigure.ConfigurationPropertiesRebinderAutoConfiguration' of type [org.springframework.cloud.autoconfigure.ConfigurationPropertiesRebinderAutoConfiguration] is not eligible for getting processed by all BeanPostProcessors (for example: not eligible for auto-proxying)
2021-12-26 17:55:50 INFO  Thresh-Admin main org.eclipse.jetty.util.log Logging initialized @3032ms to org.eclipse.jetty.util.log.Slf4jLog
2021-12-26 17:55:50 INFO  Thresh-Admin main org.springframework.boot.web.embedded.jetty.JettyServletWebServerFactory Server initialized with port: 8401
2021-12-26 17:55:50 INFO  Thresh-Admin main org.eclipse.jetty.server.Server jetty-9.4.22.v20191022; built: 2019-10-22T13:37:13.455Z; git: b1e6b55512e008f7fbdf1cbea4ff8a6446d1073b; jvm 1.8.0_301-b09
2021-12-26 17:55:50 INFO  Thresh-Admin main org.eclipse.jetty.server.handler.ContextHandler.application Initializing Spring embedded WebApplicationContext
2021-12-26 17:55:50 INFO  Thresh-Admin main org.springframework.web.context.ContextLoader Root WebApplicationContext: initialization completed in 690 ms
2021-12-26 17:55:51 INFO  Thresh-Admin main org.eclipse.jetty.server.session DefaultSessionIdManager workerName=node0
2021-12-26 17:55:51 INFO  Thresh-Admin main org.eclipse.jetty.server.session No SessionScavenger set, using defaults
2021-12-26 17:55:51 INFO  Thresh-Admin main org.eclipse.jetty.server.session node0 Scavenging every 660000ms
2021-12-26 17:55:51 INFO  Thresh-Admin main org.eclipse.jetty.server.handler.ContextHandler Started o.s.b.w.e.j.JettyEmbeddedWebAppContext@31ddb930{application,/,[file:///C:/Users/%E5%BC%A0%E5%A4%A9%E6%88%90PC/AppData/Local/Temp/jetty-docbase.4771597507257021245.8401/],AVAILABLE}
2021-12-26 17:55:51 INFO  Thresh-Admin main org.eclipse.jetty.server.Server Started @3730ms
2021-12-26 17:55:51 INFO  Thresh-Admin main org.springframework.security.web.DefaultSecurityFilterChain Creating filter chain: any request, [org.springframework.security.web.context.request.async.WebAsyncManagerIntegrationFilter@4d68b571, org.springframework.security.web.context.SecurityContextPersistenceFilter@6015a4a5, org.springframework.security.web.header.HeaderWriterFilter@459b6c53, org.springframework.security.web.authentication.logout.LogoutFilter@869d87c, org.springframework.security.web.authentication.UsernamePasswordAuthenticationFilter@338b49d3, org.springframework.security.web.authentication.www.BasicAuthenticationFilter@334ebcaa, org.springframework.security.web.savedrequest.RequestCacheAwareFilter@4779aae6, org.springframework.security.web.servletapi.SecurityContextHolderAwareRequestFilter@2ef0dd86, org.springframework.security.web.authentication.AnonymousAuthenticationFilter@52b06bef, org.springframework.security.web.session.SessionManagementFilter@490c7a83, org.springframework.security.web.access.ExceptionTranslationFilter@5f95f1e1, org.springframework.security.web.access.intercept.FilterSecurityInterceptor@7593ea79]
2021-12-26 17:55:51 INFO  Thresh-Admin main org.springframework.scheduling.concurrent.ThreadPoolTaskExecutor Initializing ExecutorService 'applicationTaskExecutor'
2021-12-26 17:55:52 INFO  Thresh-Admin main org.springframework.boot.actuate.endpoint.web.EndpointLinksResolver Exposing 2 endpoint(s) beneath base path '/actuator'
2021-12-26 17:55:52 INFO  Thresh-Admin main org.eclipse.jetty.server.handler.ContextHandler.application Initializing Spring DispatcherServlet 'dispatcherServlet'
2021-12-26 17:55:52 INFO  Thresh-Admin main org.springframework.web.servlet.DispatcherServlet Initializing Servlet 'dispatcherServlet'
2021-12-26 17:55:52 INFO  Thresh-Admin main org.springframework.web.servlet.DispatcherServlet Completed initialization in 3 ms
2021-12-26 17:55:52 INFO  Thresh-Admin main org.eclipse.jetty.server.AbstractConnector Started ServerConnector@129bd55d{HTTP/1.1,[http/1.1]}{0.0.0.0:8401}
2021-12-26 17:55:52 INFO  Thresh-Admin main org.springframework.boot.web.embedded.jetty.JettyWebServer Jetty started on port(s) 8401 (http/1.1) with context path '/'
2021-12-26 17:55:53 INFO  Thresh-Admin main com.zhang.thresh.apm.admin.ThreshApmAdminApplication Started ThreshApmAdminApplication in 5.304 seconds (JVM running for 6.331)
2021-12-26 17:55:53 INFO  Thresh-Admin main com.alibaba.nacos.client.config.impl.ClientWorker [fixed-localhost_8001] [subscribe] thresh-admin+DEFAULT_GROUP
2021-12-26 17:55:53 INFO  Thresh-Admin main com.alibaba.nacos.client.config.impl.CacheData [fixed-localhost_8001] [add-listener] ok, tenant=, dataId=thresh-admin, group=DEFAULT_GROUP, cnt=1
2021-12-26 17:55:53 INFO  Thresh-Admin main com.alibaba.nacos.client.config.impl.ClientWorker [fixed-localhost_8001] [subscribe] thresh-admin.yaml+DEFAULT_GROUP
2021-12-26 17:55:53 INFO  Thresh-Admin main com.alibaba.nacos.client.config.impl.CacheData [fixed-localhost_8001] [add-listener] ok, tenant=, dataId=thresh-admin.yaml, group=DEFAULT_GROUP, cnt=1
2021-12-26 17:55:54 INFO  Thresh-Admin RMI TCP Connection(1)-192.168.1.3 org.eclipse.jetty.util.TypeUtil JVM Runtime does not support Modules
