2022-01-25 09:29:57 INFO  Thresh-Server-Job main org.springframework.context.support.PostProcessorRegistrationDelegate$BeanPostProcessorChecker Bean 'org.springframework.cloud.autoconfigure.ConfigurationPropertiesRebinderAutoConfiguration' of type [org.springframework.cloud.autoconfigure.ConfigurationPropertiesRebinderAutoConfiguration] is not eligible for getting processed by all BeanPostProcessors (for example: not eligible for auto-proxying)
2022-01-25 09:29:57 INFO  Thresh-Server-Job main org.springframework.cloud.bootstrap.config.PropertySourceBootstrapConfiguration Located property source: CompositePropertySource {name='NACOS', propertySources=[NacosPropertySource {name='thresh-server-job.yaml'}, NacosPropertySource {name='thresh-server-job'}]}
2022-01-25 09:29:57 INFO  Thresh-Server-Job main com.zhang.thresh.server.job.ThreshServerJobApplication No active profile set, falling back to default profiles: default
2022-01-25 09:29:59 INFO  Thresh-Server-Job main org.springframework.cloud.context.scope.GenericScope BeanFactory id=8b545b83-3881-3540-a22c-c240ce109a15
2022-01-25 09:29:59 INFO  Thresh-Server-Job main org.springframework.context.support.PostProcessorRegistrationDelegate$BeanPostProcessorChecker Bean 'org.springframework.transaction.annotation.ProxyTransactionManagementConfiguration' of type [org.springframework.transaction.annotation.ProxyTransactionManagementConfiguration] is not eligible for getting processed by all BeanPostProcessors (for example: not eligible for auto-proxying)
2022-01-25 09:29:59 INFO  Thresh-Server-Job main org.springframework.context.support.PostProcessorRegistrationDelegate$BeanPostProcessorChecker Bean 'org.springframework.security.config.annotation.configuration.ObjectPostProcessorConfiguration' of type [org.springframework.security.config.annotation.configuration.ObjectPostProcessorConfiguration] is not eligible for getting processed by all BeanPostProcessors (for example: not eligible for auto-proxying)
2022-01-25 09:29:59 INFO  Thresh-Server-Job main org.springframework.context.support.PostProcessorRegistrationDelegate$BeanPostProcessorChecker Bean 'objectPostProcessor' of type [org.springframework.security.config.annotation.configuration.AutowireBeanFactoryObjectPostProcessor] is not eligible for getting processed by all BeanPostProcessors (for example: not eligible for auto-proxying)
2022-01-25 09:29:59 INFO  Thresh-Server-Job main org.springframework.context.support.PostProcessorRegistrationDelegate$BeanPostProcessorChecker Bean 'org.springframework.security.access.expression.method.DefaultMethodSecurityExpressionHandler@4faf104' of type [org.springframework.security.access.expression.method.DefaultMethodSecurityExpressionHandler] is not eligible for getting processed by all BeanPostProcessors (for example: not eligible for auto-proxying)
2022-01-25 09:29:59 INFO  Thresh-Server-Job main org.springframework.context.support.PostProcessorRegistrationDelegate$BeanPostProcessorChecker Bean 'com.zhang.thresh.common.security.starter.configure.ThreshCloudSecurityAutoConfigure' of type [com.zhang.thresh.common.security.starter.configure.ThreshCloudSecurityAutoConfigure$$EnhancerBySpringCGLIB$$732a23c] is not eligible for getting processed by all BeanPostProcessors (for example: not eligible for auto-proxying)
2022-01-25 09:29:59 INFO  Thresh-Server-Job main org.springframework.context.support.PostProcessorRegistrationDelegate$BeanPostProcessorChecker Bean 'methodSecurityMetadataSource' of type [org.springframework.security.access.method.DelegatingMethodSecurityMetadataSource] is not eligible for getting processed by all BeanPostProcessors (for example: not eligible for auto-proxying)
2022-01-25 09:29:59 INFO  Thresh-Server-Job main org.springframework.context.support.PostProcessorRegistrationDelegate$BeanPostProcessorChecker Bean 'spring.datasource.dynamic-com.baomidou.dynamic.datasource.spring.boot.autoconfigure.DynamicDataSourceProperties' of type [com.baomidou.dynamic.datasource.spring.boot.autoconfigure.DynamicDataSourceProperties] is not eligible for getting processed by all BeanPostProcessors (for example: not eligible for auto-proxying)
2022-01-25 09:29:59 INFO  Thresh-Server-Job main org.springframework.context.support.PostProcessorRegistrationDelegate$BeanPostProcessorChecker Bean 'com.baomidou.dynamic.datasource.spring.boot.autoconfigure.DynamicDataSourceAutoConfiguration' of type [com.baomidou.dynamic.datasource.spring.boot.autoconfigure.DynamicDataSourceAutoConfiguration$$EnhancerBySpringCGLIB$$20af31b5] is not eligible for getting processed by all BeanPostProcessors (for example: not eligible for auto-proxying)
2022-01-25 09:29:59 INFO  Thresh-Server-Job main org.springframework.context.support.PostProcessorRegistrationDelegate$BeanPostProcessorChecker Bean 'dsProcessor' of type [com.baomidou.dynamic.datasource.processor.DsHeaderProcessor] is not eligible for getting processed by all BeanPostProcessors (for example: not eligible for auto-proxying)
2022-01-25 09:29:59 INFO  Thresh-Server-Job main org.springframework.context.support.PostProcessorRegistrationDelegate$BeanPostProcessorChecker Bean 'dynamicDatasourceAnnotationAdvisor' of type [com.baomidou.dynamic.datasource.aop.DynamicDataSourceAnnotationAdvisor] is not eligible for getting processed by all BeanPostProcessors (for example: not eligible for auto-proxying)
2022-01-25 09:29:59 INFO  Thresh-Server-Job main org.springframework.context.support.PostProcessorRegistrationDelegate$BeanPostProcessorChecker Bean 'org.springframework.cloud.autoconfigure.ConfigurationPropertiesRebinderAutoConfiguration' of type [org.springframework.cloud.autoconfigure.ConfigurationPropertiesRebinderAutoConfiguration] is not eligible for getting processed by all BeanPostProcessors (for example: not eligible for auto-proxying)
2022-01-25 09:29:59 INFO  Thresh-Server-Job main org.springframework.boot.web.embedded.tomcat.TomcatWebServer Tomcat initialized with port(s): 8204 (http)
2022-01-25 09:29:59 INFO  Thresh-Server-Job main org.apache.coyote.http11.Http11NioProtocol Initializing ProtocolHandler ["http-nio-8204"]
2022-01-25 09:29:59 INFO  Thresh-Server-Job main org.apache.catalina.core.StandardService Starting service [Tomcat]
2022-01-25 09:29:59 INFO  Thresh-Server-Job main org.apache.catalina.core.StandardEngine Starting Servlet engine: [Apache Tomcat/9.0.27]
2022-01-25 09:29:59 INFO  Thresh-Server-Job main org.apache.catalina.core.ContainerBase.[Tomcat].[localhost].[/] Initializing Spring embedded WebApplicationContext
2022-01-25 09:29:59 INFO  Thresh-Server-Job main org.springframework.web.context.ContextLoader Root WebApplicationContext: initialization completed in 2367 ms
2022-01-25 09:30:00 INFO  Thresh-Server-Job main com.netflix.config.sources.URLConfigurationSource To enable URLs as dynamic configuration sources, define System property archaius.configurationSource.additionalUrls or make config.properties available on classpath.
2022-01-25 09:30:00 INFO  Thresh-Server-Job main com.netflix.config.DynamicPropertyFactory DynamicPropertyFactory is initialized with configuration sources: com.netflix.config.ConcurrentCompositeConfiguration@678a9516
2022-01-25 09:30:00 INFO  Thresh-Server-Job main com.baomidou.dynamic.datasource.DynamicRoutingDataSource dynamic-datasource detect P6SPY plugin and enabled it
2022-01-25 09:30:00 INFO  Thresh-Server-Job main com.zaxxer.hikari.HikariDataSource base - Starting...
2022-01-25 09:30:01 INFO  Thresh-Server-Job main com.zaxxer.hikari.HikariDataSource base - Start completed.
2022-01-25 09:30:01 INFO  Thresh-Server-Job main com.zaxxer.hikari.HikariDataSource job - Starting...
2022-01-25 09:30:01 INFO  Thresh-Server-Job main com.zaxxer.hikari.HikariDataSource job - Start completed.
2022-01-25 09:30:01 INFO  Thresh-Server-Job main com.baomidou.dynamic.datasource.DynamicRoutingDataSource dynamic-datasource - load a datasource named [job] success
2022-01-25 09:30:01 INFO  Thresh-Server-Job main com.baomidou.dynamic.datasource.DynamicRoutingDataSource dynamic-datasource - load a datasource named [base] success
2022-01-25 09:30:01 INFO  Thresh-Server-Job main com.baomidou.dynamic.datasource.DynamicRoutingDataSource dynamic-datasource initial loaded [2] datasource,primary datasource named [base]
2022-01-25 09:30:01 INFO  Thresh-Server-Job main com.alibaba.nacos.client.naming initializer namespace from System Property :null
2022-01-25 09:30:01 INFO  Thresh-Server-Job main com.alibaba.nacos.client.naming initializer namespace from System Environment :null
2022-01-25 09:30:01 INFO  Thresh-Server-Job main com.alibaba.nacos.client.naming initializer namespace from System Property :null
2022-01-25 09:30:01 INFO  Thresh-Server-Job main org.springframework.boot.actuate.endpoint.web.ServletEndpointRegistrar Registered '/actuator/jolokia' to jolokia-actuator-endpoint
2022-01-25 09:30:01 INFO  Thresh-Server-Job main org.quartz.impl.StdSchedulerFactory Using default implementation for ThreadExecutor
2022-01-25 09:30:01 INFO  Thresh-Server-Job main org.quartz.core.SchedulerSignalerImpl Initialized Scheduler Signaller of type: class org.quartz.core.SchedulerSignalerImpl
2022-01-25 09:30:01 INFO  Thresh-Server-Job main org.quartz.core.QuartzScheduler Quartz Scheduler v.2.3.2 created.
2022-01-25 09:30:01 INFO  Thresh-Server-Job main org.springframework.scheduling.quartz.LocalDataSourceJobStore Using db table-based data access locking (synchronization).
2022-01-25 09:30:01 INFO  Thresh-Server-Job main org.springframework.scheduling.quartz.LocalDataSourceJobStore JobStoreCMT initialized.
2022-01-25 09:30:01 INFO  Thresh-Server-Job main org.quartz.core.QuartzScheduler Scheduler meta-data: Quartz Scheduler (v2.3.2) 'Thresh_Cloud_Scheduler' with instanceId 'DESKTOP-A39JDG31643074201536'
  Scheduler class: 'org.quartz.core.QuartzScheduler' - running locally.
  NOT STARTED.
  Currently in standby mode.
  Number of jobs executed: 0
  Using thread pool 'org.quartz.simpl.SimpleThreadPool' - with 20 threads.
  Using job-store 'org.springframework.scheduling.quartz.LocalDataSourceJobStore' - which supports persistence. and is clustered.

2022-01-25 09:30:01 INFO  Thresh-Server-Job main org.quartz.impl.StdSchedulerFactory Quartz scheduler 'Thresh_Cloud_Scheduler' initialized from an externally provided properties instance.
2022-01-25 09:30:01 INFO  Thresh-Server-Job main org.quartz.impl.StdSchedulerFactory Quartz scheduler version: 2.3.2
2022-01-25 09:30:01 INFO  Thresh-Server-Job main org.quartz.core.QuartzScheduler JobFactory set to: org.springframework.scheduling.quartz.AdaptableJobFactory@45b7c97f
2022-01-25 09:30:03 INFO  Thresh-Server-Job main org.springframework.boot.actuate.endpoint.web.EndpointLinksResolver Exposing 21 endpoint(s) beneath base path '/actuator'
2022-01-25 09:30:03 INFO  Thresh-Server-Job main org.springframework.scheduling.concurrent.ThreadPoolTaskExecutor Initializing ExecutorService
2022-01-25 09:30:03 INFO  Thresh-Server-Job main org.springframework.scheduling.concurrent.ThreadPoolTaskExecutor Initializing ExecutorService 'scheduleJobExecutorService'
2022-01-25 09:30:03 INFO  Thresh-Server-Job main com.netflix.config.sources.URLConfigurationSource To enable URLs as dynamic configuration sources, define System property archaius.configurationSource.additionalUrls or make config.properties available on classpath.
2022-01-25 09:30:03 INFO  Thresh-Server-Job main org.springframework.scheduling.concurrent.ThreadPoolTaskScheduler Initializing ExecutorService
2022-01-25 09:30:03 INFO  Thresh-Server-Job main springfox.documentation.spring.web.PropertySourcedRequestMappingHandlerMapping Mapped URL path [/v2/api-docs] onto method [springfox.documentation.swagger2.web.Swagger2Controller#getDocumentation(String, HttpServletRequest)]
2022-01-25 09:30:04 INFO  Thresh-Server-Job main org.springframework.scheduling.concurrent.ThreadPoolTaskScheduler Initializing ExecutorService
2022-01-25 09:30:04 INFO  Thresh-Server-Job main org.springframework.security.web.DefaultSecurityFilterChain Creating filter chain: OrRequestMatcher [requestMatchers=[Ant [pattern='/**']]], [org.springframework.security.web.context.request.async.WebAsyncManagerIntegrationFilter@603c2dee, org.springframework.security.web.context.SecurityContextPersistenceFilter@28f8ce2e, org.springframework.security.web.header.HeaderWriterFilter@4a5fab78, org.springframework.security.web.authentication.logout.LogoutFilter@6706da3d, org.springframework.security.oauth2.provider.authentication.OAuth2AuthenticationProcessingFilter@4544ab46, org.springframework.security.web.authentication.www.BasicAuthenticationFilter@7977f046, org.springframework.security.web.savedrequest.RequestCacheAwareFilter@4af0c50, org.springframework.security.web.servletapi.SecurityContextHolderAwareRequestFilter@674ed201, org.springframework.security.web.authentication.AnonymousAuthenticationFilter@50d666a2, org.springframework.security.web.session.SessionManagementFilter@57afe44b, org.springframework.security.web.access.ExceptionTranslationFilter@399c408c, org.springframework.security.web.access.intercept.FilterSecurityInterceptor@7921a37d]
2022-01-25 09:30:05 INFO  Thresh-Server-Job main springfox.documentation.spring.web.plugins.DocumentationPluginsBootstrapper Context refreshed
2022-01-25 09:30:05 INFO  Thresh-Server-Job main springfox.documentation.spring.web.plugins.DocumentationPluginsBootstrapper Found 1 custom documentation plugin(s)
2022-01-25 09:30:05 INFO  Thresh-Server-Job main springfox.documentation.spring.web.scanners.ApiListingReferenceScanner Scanning for api listing references
2022-01-25 09:30:05 INFO  Thresh-Server-Job main org.springframework.scheduling.quartz.SchedulerFactoryBean Will start Quartz Scheduler [Thresh_Cloud_Scheduler] in 1 seconds
2022-01-25 09:30:05 INFO  Thresh-Server-Job main org.apache.coyote.http11.Http11NioProtocol Starting ProtocolHandler ["http-nio-8204"]
2022-01-25 09:30:05 INFO  Thresh-Server-Job main org.springframework.boot.web.embedded.tomcat.TomcatWebServer Tomcat started on port(s): 8204 (http) with context path ''
2022-01-25 09:30:05 INFO  Thresh-Server-Job main com.alibaba.nacos.client.naming [BEAT] adding beat: {"cluster":"DEFAULT","ip":"192.168.2.223","metadata":{"preserved.register.source":"SPRING_CLOUD"},"period":5000,"port":8204,"scheduled":false,"serviceName":"DEFAULT_GROUP@@Thresh-Server-Job","stopped":false,"weight":1.0} to beat map.
2022-01-25 09:30:05 INFO  Thresh-Server-Job main com.alibaba.nacos.client.naming [REGISTER-SERVICE] public registering service DEFAULT_GROUP@@Thresh-Server-Job with instance: {"clusterName":"DEFAULT","enabled":true,"ephemeral":true,"healthy":true,"instanceHeartBeatInterval":5000,"instanceHeartBeatTimeOut":15000,"ip":"192.168.2.223","ipDeleteTimeout":30000,"metadata":{"preserved.register.source":"SPRING_CLOUD"},"port":8204,"weight":1.0}
2022-01-25 09:30:05 INFO  Thresh-Server-Job main com.alibaba.cloud.nacos.registry.NacosServiceRegistry nacos registry, DEFAULT_GROUP Thresh-Server-Job 192.168.2.223:8204 register finished
2022-01-25 09:30:05 INFO  Thresh-Server-Job main com.zhang.thresh.server.job.ThreshServerJobApplication Started ThreshServerJobApplication in 9.773 seconds (JVM running for 10.594)
2022-01-25 09:30:05 INFO  Thresh-Server-Job main com.alibaba.nacos.client.config.impl.ClientWorker [fixed-127.0.0.1_8001] [subscribe] thresh-server-job+DEFAULT_GROUP
2022-01-25 09:30:05 INFO  Thresh-Server-Job main com.alibaba.nacos.client.config.impl.CacheData [fixed-127.0.0.1_8001] [add-listener] ok, tenant=, dataId=thresh-server-job, group=DEFAULT_GROUP, cnt=1
2022-01-25 09:30:05 INFO  Thresh-Server-Job main com.alibaba.nacos.client.config.impl.ClientWorker [fixed-127.0.0.1_8001] [subscribe] thresh-server-job.yaml+DEFAULT_GROUP
2022-01-25 09:30:05 INFO  Thresh-Server-Job main com.alibaba.nacos.client.config.impl.CacheData [fixed-127.0.0.1_8001] [add-listener] ok, tenant=, dataId=thresh-server-job.yaml, group=DEFAULT_GROUP, cnt=1
2022-01-25 09:30:06 INFO  Thresh-Server-Job registrationTask1 de.codecentric.boot.admin.client.registration.ApplicationRegistrator Application registered itself as b69e9f47936d
2022-01-25 09:30:06 INFO  Thresh-Server-Job http-nio-8204-exec-1 org.apache.catalina.core.ContainerBase.[Tomcat].[localhost].[/] Initializing Spring DispatcherServlet 'dispatcherServlet'
2022-01-25 09:30:06 INFO  Thresh-Server-Job http-nio-8204-exec-1 org.springframework.web.servlet.DispatcherServlet Initializing Servlet 'dispatcherServlet'
2022-01-25 09:30:06 INFO  Thresh-Server-Job http-nio-8204-exec-1 org.springframework.web.servlet.DispatcherServlet Completed initialization in 14 ms
2022-01-25 09:30:06 INFO  Thresh-Server-Job Quartz Scheduler [Thresh_Cloud_Scheduler] org.springframework.scheduling.quartz.SchedulerFactoryBean Starting Quartz Scheduler now, after delay of 1 seconds
2022-01-25 09:30:06 INFO  Thresh-Server-Job Quartz Scheduler [Thresh_Cloud_Scheduler] org.springframework.scheduling.quartz.LocalDataSourceJobStore ClusterManager: detected 1 failed or restarted instances.
2022-01-25 09:30:06 INFO  Thresh-Server-Job Quartz Scheduler [Thresh_Cloud_Scheduler] org.springframework.scheduling.quartz.LocalDataSourceJobStore ClusterManager: Scanning for instance "DESKTOP-A39JDG31643017214569"'s failed in-progress jobs.
2022-01-25 09:30:06 INFO  Thresh-Server-Job Quartz Scheduler [Thresh_Cloud_Scheduler] org.quartz.core.QuartzScheduler Scheduler Thresh_Cloud_Scheduler_$_DESKTOP-A39JDG31643074201536 started.
