2022-01-24 11:58:26,186 ERROR [master-db] master db not found.

2022-01-24 11:58:31,200 ERROR [db-error] master db 127.0.0.1 down.

2022-01-24 11:58:32,037 WARN isQuickStart:false

2022-01-24 11:58:32,045 ERROR Nacos Server did not start because dumpservice bean construction failure :
java.lang.IllegalStateException: No DataSource set

2022-01-24 11:58:46,236 ERROR [master-db] master db not found.

2022-01-24 11:58:51,211 ERROR [db-error] master db 127.0.0.1 down.

2022-01-24 12:05:00,573 ERROR [master-db] master db not found.

2022-01-24 12:05:05,613 ERROR [db-error] master db 127.0.0.1 down.

2022-01-24 12:05:06,360 WARN isQuickStart:false

2022-01-24 12:05:06,368 ERROR Nacos Server did not start because dumpservice bean construction failure :
java.lang.IllegalStateException: No DataSource set

2022-01-24 12:05:20,648 ERROR [master-db] master db not found.

2022-01-24 12:05:25,624 ERROR [db-error] master db 127.0.0.1 down.

2022-01-24 12:09:26,787 ERROR [master-db] master db not found.

2022-01-24 12:09:31,804 ERROR [db-error] master db 127.0.0.1 down.

2022-01-24 12:09:32,849 WARN isQuickStart:false

2022-01-24 12:09:32,860 ERROR Nacos Server did not start because dumpservice bean construction failure :
java.lang.IllegalStateException: No DataSource set

2022-01-24 12:09:46,840 ERROR [master-db] master db not found.

2022-01-24 12:09:51,816 ERROR [db-error] master db 127.0.0.1 down.

2022-01-24 12:12:32,505 ERROR [master-db] master db not found.

2022-01-24 12:12:37,525 ERROR [db-error] master db 127.0.0.1 down.

2022-01-24 12:12:38,408 WARN isQuickStart:false

2022-01-24 12:12:38,415 ERROR Nacos Server did not start because dumpservice bean construction failure :
java.lang.IllegalStateException: No DataSource set

