2022-01-24 11:58:18,049 INFO notifyConnectTimeout:200

2022-01-24 11:58:18,051 INFO notifySocketTimeout:8000

2022-01-24 11:58:18,065 INFO isHealthCheck:true

2022-01-24 11:58:18,065 INFO maxHealthCheckFailCount:12

2022-01-24 11:58:18,065 INFO maxContent:10485760

2022-01-24 11:58:18,067 INFO spring.datasource.platform:mysql

2022-01-24 11:58:32,035 WARN DumpService start

2022-01-24 11:58:32,038 INFO start clear all config-info.

2022-01-24 11:58:32,043 WARN clear all config-info failed.

2022-01-24 11:58:32,043 WARN clear all config-info-tenant failed.

2022-01-24 12:04:52,711 INFO notifyConnectTimeout:200

2022-01-24 12:04:52,714 INFO notifySocketTimeout:8000

2022-01-24 12:04:52,714 INFO isHealthCheck:true

2022-01-24 12:04:52,715 INFO maxHealthCheckFailCount:12

2022-01-24 12:04:52,715 INFO maxContent:10485760

2022-01-24 12:04:52,716 INFO spring.datasource.platform:mysql

2022-01-24 12:05:06,358 WARN DumpService start

2022-01-24 12:05:06,361 INFO start clear all config-info.

2022-01-24 12:05:06,366 WARN clear all config-info failed.

2022-01-24 12:05:06,366 WARN clear all config-info-tenant failed.

2022-01-24 12:09:18,948 INFO notifyConnectTimeout:200

2022-01-24 12:09:18,960 INFO notifySocketTimeout:8000

2022-01-24 12:09:18,960 INFO isHealthCheck:true

2022-01-24 12:09:18,960 INFO maxHealthCheckFailCount:12

2022-01-24 12:09:18,961 INFO maxContent:10485760

2022-01-24 12:09:18,961 INFO spring.datasource.platform:mysql

2022-01-24 12:09:32,848 WARN DumpService start

2022-01-24 12:09:32,850 INFO start clear all config-info.

2022-01-24 12:09:32,854 WARN clear all config-info failed.

2022-01-24 12:09:32,855 WARN clear all config-info-tenant failed.

2022-01-24 12:12:24,527 INFO notifyConnectTimeout:200

2022-01-24 12:12:24,532 INFO notifySocketTimeout:8000

2022-01-24 12:12:24,532 INFO isHealthCheck:true

2022-01-24 12:12:24,533 INFO maxHealthCheckFailCount:12

2022-01-24 12:12:24,533 INFO maxContent:10485760

2022-01-24 12:12:24,535 INFO spring.datasource.platform:mysql

2022-01-24 12:12:38,406 WARN DumpService start

2022-01-24 12:12:38,408 INFO start clear all config-info.

2022-01-24 12:12:38,412 WARN clear all config-info failed.

2022-01-24 12:12:38,413 WARN clear all config-info-tenant failed.

