2022-01-24 11:58:31,487 INFO raft peers changed: [Member{ip='172.18.0.2', port=8001, state=UP, extendInfo={adWeight=0, raftPort=7001, site=unknow, weight=1}}]

2022-01-24 11:58:31,499 INFO initializing Raft sub-system

2022-01-24 11:58:31,500 INFO finish loading all datums, size: 0 cost 0 ms.

2022-01-24 11:58:31,501 INFO cache loaded, datum count: 0, current term: 0

2022-01-24 11:58:31,501 INFO finish to load data from disk, cost: 1 ms.

2022-01-24 11:58:31,502 INFO raft notifier started

2022-01-24 11:58:31,505 INFO timer started: leader timeout ms: 15000, heart-beat timeout ms: 5000

2022-01-24 11:58:31,888 INFO add listener: com.alibaba.nacos.naming.domains.meta.00-00---000-NACOS_SWITCH_DOMAIN-000---00-00

2022-01-24 11:58:31,940 INFO add listener: com.alibaba.nacos.naming.domains.meta.

2022-01-24 11:58:38,531 INFO leader timeout, start voting,leader: {"ip":"172.18.0.2:8001","term":0,"leaderDueMs":15549,"heartbeatDueMs":4500,"state":"FOLLOWER"}, term: 0

2022-01-24 11:58:42,930 ERROR [NACOS-RAFT] Error while handling notifying task

java.lang.InterruptedException: null
	at java.util.concurrent.locks.AbstractQueuedSynchronizer$ConditionObject.reportInterruptAfterWait(AbstractQueuedSynchronizer.java:2014)
	at java.util.concurrent.locks.AbstractQueuedSynchronizer$ConditionObject.await(AbstractQueuedSynchronizer.java:2048)
	at java.util.concurrent.LinkedBlockingQueue.take(LinkedBlockingQueue.java:442)
	at com.alibaba.nacos.naming.consistency.persistent.raft.RaftCore$Notifier.run(RaftCore.java:1052)
	at java.util.concurrent.Executors$RunnableAdapter.call(Executors.java:511)
	at java.util.concurrent.FutureTask.run(FutureTask.java:266)
	at java.util.concurrent.ScheduledThreadPoolExecutor$ScheduledFutureTask.access$201(ScheduledThreadPoolExecutor.java:180)
	at java.util.concurrent.ScheduledThreadPoolExecutor$ScheduledFutureTask.run(ScheduledThreadPoolExecutor.java:293)
	at java.util.concurrent.ThreadPoolExecutor.runWorker(ThreadPoolExecutor.java:1149)
	at java.util.concurrent.ThreadPoolExecutor$Worker.run(ThreadPoolExecutor.java:624)
	at java.lang.Thread.run(Thread.java:748)
2022-01-24 12:05:05,849 INFO raft peers changed: [Member{ip='172.18.0.2', port=8001, state=UP, extendInfo={adWeight=0, raftPort=7001, site=unknow, weight=1}}]

2022-01-24 12:05:05,861 INFO initializing Raft sub-system

2022-01-24 12:05:05,862 INFO finish loading all datums, size: 0 cost 0 ms.

2022-01-24 12:05:05,863 INFO cache loaded, datum count: 0, current term: 0

2022-01-24 12:05:05,863 INFO finish to load data from disk, cost: 1 ms.

2022-01-24 12:05:05,864 INFO raft notifier started

2022-01-24 12:05:05,867 INFO timer started: leader timeout ms: 15000, heart-beat timeout ms: 5000

2022-01-24 12:05:06,214 INFO add listener: com.alibaba.nacos.naming.domains.meta.00-00---000-NACOS_SWITCH_DOMAIN-000---00-00

2022-01-24 12:05:06,235 INFO add listener: com.alibaba.nacos.naming.domains.meta.

2022-01-24 12:05:11,393 INFO leader timeout, start voting,leader: {"ip":"172.18.0.2:8001","term":0,"leaderDueMs":15356,"heartbeatDueMs":4500,"state":"FOLLOWER"}, term: 0

2022-01-24 12:05:15,407 ERROR [NACOS-RAFT] Error while handling notifying task

java.lang.InterruptedException: null
	at java.util.concurrent.locks.AbstractQueuedSynchronizer$ConditionObject.reportInterruptAfterWait(AbstractQueuedSynchronizer.java:2014)
	at java.util.concurrent.locks.AbstractQueuedSynchronizer$ConditionObject.await(AbstractQueuedSynchronizer.java:2048)
	at java.util.concurrent.LinkedBlockingQueue.take(LinkedBlockingQueue.java:442)
	at com.alibaba.nacos.naming.consistency.persistent.raft.RaftCore$Notifier.run(RaftCore.java:1052)
	at java.util.concurrent.Executors$RunnableAdapter.call(Executors.java:511)
	at java.util.concurrent.FutureTask.run(FutureTask.java:266)
	at java.util.concurrent.ScheduledThreadPoolExecutor$ScheduledFutureTask.access$201(ScheduledThreadPoolExecutor.java:180)
	at java.util.concurrent.ScheduledThreadPoolExecutor$ScheduledFutureTask.run(ScheduledThreadPoolExecutor.java:293)
	at java.util.concurrent.ThreadPoolExecutor.runWorker(ThreadPoolExecutor.java:1149)
	at java.util.concurrent.ThreadPoolExecutor$Worker.run(ThreadPoolExecutor.java:624)
	at java.lang.Thread.run(Thread.java:748)
2022-01-24 12:09:32,057 INFO raft peers changed: [Member{ip='172.18.0.2', port=8001, state=UP, extendInfo={adWeight=0, raftPort=7001, site=unknow, weight=1}}]

2022-01-24 12:09:32,071 INFO initializing Raft sub-system

2022-01-24 12:09:32,072 INFO finish loading all datums, size: 0 cost 0 ms.

2022-01-24 12:09:32,075 INFO cache loaded, datum count: 0, current term: 0

2022-01-24 12:09:32,075 INFO finish to load data from disk, cost: 3 ms.

2022-01-24 12:09:32,078 INFO raft notifier started

2022-01-24 12:09:32,085 INFO timer started: leader timeout ms: 15000, heart-beat timeout ms: 5000

2022-01-24 12:09:32,591 INFO add listener: com.alibaba.nacos.naming.domains.meta.00-00---000-NACOS_SWITCH_DOMAIN-000---00-00

2022-01-24 12:09:32,671 INFO add listener: com.alibaba.nacos.naming.domains.meta.

2022-01-24 12:09:48,633 ERROR [NACOS-RAFT] Error while handling notifying task

java.lang.InterruptedException: null
	at java.util.concurrent.locks.AbstractQueuedSynchronizer$ConditionObject.reportInterruptAfterWait(AbstractQueuedSynchronizer.java:2014)
	at java.util.concurrent.locks.AbstractQueuedSynchronizer$ConditionObject.await(AbstractQueuedSynchronizer.java:2048)
	at java.util.concurrent.LinkedBlockingQueue.take(LinkedBlockingQueue.java:442)
	at com.alibaba.nacos.naming.consistency.persistent.raft.RaftCore$Notifier.run(RaftCore.java:1052)
	at java.util.concurrent.Executors$RunnableAdapter.call(Executors.java:511)
	at java.util.concurrent.FutureTask.run(FutureTask.java:266)
	at java.util.concurrent.ScheduledThreadPoolExecutor$ScheduledFutureTask.access$201(ScheduledThreadPoolExecutor.java:180)
	at java.util.concurrent.ScheduledThreadPoolExecutor$ScheduledFutureTask.run(ScheduledThreadPoolExecutor.java:293)
	at java.util.concurrent.ThreadPoolExecutor.runWorker(ThreadPoolExecutor.java:1149)
	at java.util.concurrent.ThreadPoolExecutor$Worker.run(ThreadPoolExecutor.java:624)
	at java.lang.Thread.run(Thread.java:748)
2022-01-24 12:12:37,783 INFO raft peers changed: [Member{ip='172.18.0.2', port=8001, state=UP, extendInfo={adWeight=0, raftPort=7001, site=unknow, weight=1}}]

2022-01-24 12:12:37,801 INFO initializing Raft sub-system

2022-01-24 12:12:37,806 INFO finish loading all datums, size: 0 cost 0 ms.

2022-01-24 12:12:37,807 INFO cache loaded, datum count: 0, current term: 0

2022-01-24 12:12:37,807 INFO finish to load data from disk, cost: 2 ms.

2022-01-24 12:12:37,809 INFO raft notifier started

2022-01-24 12:12:37,814 INFO timer started: leader timeout ms: 15000, heart-beat timeout ms: 5000

2022-01-24 12:12:38,253 INFO add listener: com.alibaba.nacos.naming.domains.meta.00-00---000-NACOS_SWITCH_DOMAIN-000---00-00

2022-01-24 12:12:38,301 INFO add listener: com.alibaba.nacos.naming.domains.meta.

