2022-01-25 09:29:52 INFO  Thresh-Server-Generator main org.springframework.context.support.PostProcessorRegistrationDelegate$BeanPostProcessorChecker Bean 'org.springframework.cloud.autoconfigure.ConfigurationPropertiesRebinderAutoConfiguration' of type [org.springframework.cloud.autoconfigure.ConfigurationPropertiesRebinderAutoConfiguration] is not eligible for getting processed by all BeanPostProcessors (for example: not eligible for auto-proxying)
2022-01-25 09:29:53 INFO  Thresh-Server-Generator main org.springframework.cloud.bootstrap.config.PropertySourceBootstrapConfiguration Located property source: CompositePropertySource {name='NACOS', propertySources=[NacosPropertySource {name='thresh-server-generator.yaml'}, NacosPropertySource {name='thresh-server-generator'}]}
2022-01-25 09:29:53 INFO  Thresh-Server-Generator main com.zhang.thresh.server.generator.ThreshServerGeneratorApplication No active profile set, falling back to default profiles: default
2022-01-25 09:29:54 INFO  Thresh-Server-Generator main org.springframework.cloud.context.scope.GenericScope BeanFactory id=230620b1-32cd-34ab-946b-9ff4b653a575
2022-01-25 09:29:54 INFO  Thresh-Server-Generator main org.springframework.context.support.PostProcessorRegistrationDelegate$BeanPostProcessorChecker Bean 'org.springframework.transaction.annotation.ProxyTransactionManagementConfiguration' of type [org.springframework.transaction.annotation.ProxyTransactionManagementConfiguration] is not eligible for getting processed by all BeanPostProcessors (for example: not eligible for auto-proxying)
2022-01-25 09:29:54 INFO  Thresh-Server-Generator main org.springframework.context.support.PostProcessorRegistrationDelegate$BeanPostProcessorChecker Bean 'org.springframework.security.config.annotation.configuration.ObjectPostProcessorConfiguration' of type [org.springframework.security.config.annotation.configuration.ObjectPostProcessorConfiguration] is not eligible for getting processed by all BeanPostProcessors (for example: not eligible for auto-proxying)
2022-01-25 09:29:54 INFO  Thresh-Server-Generator main org.springframework.context.support.PostProcessorRegistrationDelegate$BeanPostProcessorChecker Bean 'objectPostProcessor' of type [org.springframework.security.config.annotation.configuration.AutowireBeanFactoryObjectPostProcessor] is not eligible for getting processed by all BeanPostProcessors (for example: not eligible for auto-proxying)
2022-01-25 09:29:54 INFO  Thresh-Server-Generator main org.springframework.context.support.PostProcessorRegistrationDelegate$BeanPostProcessorChecker Bean 'org.springframework.security.access.expression.method.DefaultMethodSecurityExpressionHandler@71a3e05c' of type [org.springframework.security.access.expression.method.DefaultMethodSecurityExpressionHandler] is not eligible for getting processed by all BeanPostProcessors (for example: not eligible for auto-proxying)
2022-01-25 09:29:54 INFO  Thresh-Server-Generator main org.springframework.context.support.PostProcessorRegistrationDelegate$BeanPostProcessorChecker Bean 'com.zhang.thresh.common.security.starter.configure.ThreshCloudSecurityAutoConfigure' of type [com.zhang.thresh.common.security.starter.configure.ThreshCloudSecurityAutoConfigure$$EnhancerBySpringCGLIB$$e7627826] is not eligible for getting processed by all BeanPostProcessors (for example: not eligible for auto-proxying)
2022-01-25 09:29:54 INFO  Thresh-Server-Generator main org.springframework.context.support.PostProcessorRegistrationDelegate$BeanPostProcessorChecker Bean 'methodSecurityMetadataSource' of type [org.springframework.security.access.method.DelegatingMethodSecurityMetadataSource] is not eligible for getting processed by all BeanPostProcessors (for example: not eligible for auto-proxying)
2022-01-25 09:29:54 INFO  Thresh-Server-Generator main org.springframework.context.support.PostProcessorRegistrationDelegate$BeanPostProcessorChecker Bean 'spring.datasource.dynamic-com.baomidou.dynamic.datasource.spring.boot.autoconfigure.DynamicDataSourceProperties' of type [com.baomidou.dynamic.datasource.spring.boot.autoconfigure.DynamicDataSourceProperties] is not eligible for getting processed by all BeanPostProcessors (for example: not eligible for auto-proxying)
2022-01-25 09:29:54 INFO  Thresh-Server-Generator main org.springframework.context.support.PostProcessorRegistrationDelegate$BeanPostProcessorChecker Bean 'com.baomidou.dynamic.datasource.spring.boot.autoconfigure.DynamicDataSourceAutoConfiguration' of type [com.baomidou.dynamic.datasource.spring.boot.autoconfigure.DynamicDataSourceAutoConfiguration$$EnhancerBySpringCGLIB$$df079f] is not eligible for getting processed by all BeanPostProcessors (for example: not eligible for auto-proxying)
2022-01-25 09:29:54 INFO  Thresh-Server-Generator main org.springframework.context.support.PostProcessorRegistrationDelegate$BeanPostProcessorChecker Bean 'dsProcessor' of type [com.baomidou.dynamic.datasource.processor.DsHeaderProcessor] is not eligible for getting processed by all BeanPostProcessors (for example: not eligible for auto-proxying)
2022-01-25 09:29:54 INFO  Thresh-Server-Generator main org.springframework.context.support.PostProcessorRegistrationDelegate$BeanPostProcessorChecker Bean 'dynamicDatasourceAnnotationAdvisor' of type [com.baomidou.dynamic.datasource.aop.DynamicDataSourceAnnotationAdvisor] is not eligible for getting processed by all BeanPostProcessors (for example: not eligible for auto-proxying)
2022-01-25 09:29:54 INFO  Thresh-Server-Generator main org.springframework.context.support.PostProcessorRegistrationDelegate$BeanPostProcessorChecker Bean 'org.springframework.cloud.autoconfigure.ConfigurationPropertiesRebinderAutoConfiguration' of type [org.springframework.cloud.autoconfigure.ConfigurationPropertiesRebinderAutoConfiguration] is not eligible for getting processed by all BeanPostProcessors (for example: not eligible for auto-proxying)
2022-01-25 09:29:54 INFO  Thresh-Server-Generator main org.springframework.boot.web.embedded.tomcat.TomcatWebServer Tomcat initialized with port(s): 8203 (http)
2022-01-25 09:29:54 INFO  Thresh-Server-Generator main org.apache.coyote.http11.Http11NioProtocol Initializing ProtocolHandler ["http-nio-8203"]
2022-01-25 09:29:54 INFO  Thresh-Server-Generator main org.apache.catalina.core.StandardService Starting service [Tomcat]
2022-01-25 09:29:54 INFO  Thresh-Server-Generator main org.apache.catalina.core.StandardEngine Starting Servlet engine: [Apache Tomcat/9.0.27]
2022-01-25 09:29:54 INFO  Thresh-Server-Generator main org.apache.catalina.core.ContainerBase.[Tomcat].[localhost].[/] Initializing Spring embedded WebApplicationContext
2022-01-25 09:29:54 INFO  Thresh-Server-Generator main org.springframework.web.context.ContextLoader Root WebApplicationContext: initialization completed in 1728 ms
2022-01-25 09:29:54 INFO  Thresh-Server-Generator main com.netflix.config.sources.URLConfigurationSource To enable URLs as dynamic configuration sources, define System property archaius.configurationSource.additionalUrls or make config.properties available on classpath.
2022-01-25 09:29:54 INFO  Thresh-Server-Generator main com.netflix.config.DynamicPropertyFactory DynamicPropertyFactory is initialized with configuration sources: com.netflix.config.ConcurrentCompositeConfiguration@54ffa561
2022-01-25 09:29:55 INFO  Thresh-Server-Generator main com.baomidou.dynamic.datasource.DynamicRoutingDataSource dynamic-datasource detect P6SPY plugin and enabled it
2022-01-25 09:29:55 INFO  Thresh-Server-Generator main com.zaxxer.hikari.HikariDataSource base - Starting...
2022-01-25 09:29:55 INFO  Thresh-Server-Generator main com.zaxxer.hikari.HikariDataSource base - Start completed.
2022-01-25 09:29:55 INFO  Thresh-Server-Generator main com.baomidou.dynamic.datasource.DynamicRoutingDataSource dynamic-datasource - load a datasource named [base] success
2022-01-25 09:29:55 INFO  Thresh-Server-Generator main com.baomidou.dynamic.datasource.DynamicRoutingDataSource dynamic-datasource initial loaded [1] datasource,primary datasource named [base]
2022-01-25 09:29:56 INFO  Thresh-Server-Generator main com.alibaba.nacos.client.naming initializer namespace from System Property :null
2022-01-25 09:29:56 INFO  Thresh-Server-Generator main com.alibaba.nacos.client.naming initializer namespace from System Environment :null
2022-01-25 09:29:56 INFO  Thresh-Server-Generator main com.alibaba.nacos.client.naming initializer namespace from System Property :null
2022-01-25 09:29:56 INFO  Thresh-Server-Generator main org.springframework.boot.actuate.endpoint.web.ServletEndpointRegistrar Registered '/actuator/jolokia' to jolokia-actuator-endpoint
2022-01-25 09:29:56 INFO  Thresh-Server-Generator main org.springframework.boot.actuate.endpoint.web.EndpointLinksResolver Exposing 21 endpoint(s) beneath base path '/actuator'
2022-01-25 09:29:57 INFO  Thresh-Server-Generator main com.netflix.config.sources.URLConfigurationSource To enable URLs as dynamic configuration sources, define System property archaius.configurationSource.additionalUrls or make config.properties available on classpath.
2022-01-25 09:29:57 INFO  Thresh-Server-Generator main org.springframework.scheduling.concurrent.ThreadPoolTaskExecutor Initializing ExecutorService 'applicationTaskExecutor'
2022-01-25 09:29:57 INFO  Thresh-Server-Generator main org.springframework.scheduling.concurrent.ThreadPoolTaskScheduler Initializing ExecutorService
2022-01-25 09:29:57 INFO  Thresh-Server-Generator main springfox.documentation.spring.web.PropertySourcedRequestMappingHandlerMapping Mapped URL path [/v2/api-docs] onto method [springfox.documentation.swagger2.web.Swagger2Controller#getDocumentation(String, HttpServletRequest)]
2022-01-25 09:29:57 INFO  Thresh-Server-Generator main org.springframework.scheduling.concurrent.ThreadPoolTaskScheduler Initializing ExecutorService
2022-01-25 09:29:57 INFO  Thresh-Server-Generator main org.springframework.security.web.DefaultSecurityFilterChain Creating filter chain: OrRequestMatcher [requestMatchers=[Ant [pattern='/**']]], [org.springframework.security.web.context.request.async.WebAsyncManagerIntegrationFilter@229cb4d8, org.springframework.security.web.context.SecurityContextPersistenceFilter@5a78b52b, org.springframework.security.web.header.HeaderWriterFilter@f2becb2, org.springframework.security.web.authentication.logout.LogoutFilter@653e7b, org.springframework.security.oauth2.provider.authentication.OAuth2AuthenticationProcessingFilter@1aa59698, org.springframework.security.web.authentication.www.BasicAuthenticationFilter@252d8df6, org.springframework.security.web.savedrequest.RequestCacheAwareFilter@42ffbab6, org.springframework.security.web.servletapi.SecurityContextHolderAwareRequestFilter@2864d34d, org.springframework.security.web.authentication.AnonymousAuthenticationFilter@76e9eed8, org.springframework.security.web.session.SessionManagementFilter@43294e9b, org.springframework.security.web.access.ExceptionTranslationFilter@33891646, org.springframework.security.web.access.intercept.FilterSecurityInterceptor@4f2fdf3d]
2022-01-25 09:29:58 INFO  Thresh-Server-Generator main springfox.documentation.spring.web.plugins.DocumentationPluginsBootstrapper Context refreshed
2022-01-25 09:29:58 INFO  Thresh-Server-Generator main springfox.documentation.spring.web.plugins.DocumentationPluginsBootstrapper Found 1 custom documentation plugin(s)
2022-01-25 09:29:58 INFO  Thresh-Server-Generator main springfox.documentation.spring.web.scanners.ApiListingReferenceScanner Scanning for api listing references
2022-01-25 09:29:58 INFO  Thresh-Server-Generator main org.apache.coyote.http11.Http11NioProtocol Starting ProtocolHandler ["http-nio-8203"]
2022-01-25 09:29:58 INFO  Thresh-Server-Generator main org.springframework.boot.web.embedded.tomcat.TomcatWebServer Tomcat started on port(s): 8203 (http) with context path ''
2022-01-25 09:29:58 INFO  Thresh-Server-Generator main com.alibaba.nacos.client.naming [BEAT] adding beat: {"cluster":"DEFAULT","ip":"192.168.2.223","metadata":{"preserved.register.source":"SPRING_CLOUD"},"period":5000,"port":8203,"scheduled":false,"serviceName":"DEFAULT_GROUP@@Thresh-Server-Generator","stopped":false,"weight":1.0} to beat map.
2022-01-25 09:29:58 INFO  Thresh-Server-Generator main com.alibaba.nacos.client.naming [REGISTER-SERVICE] public registering service DEFAULT_GROUP@@Thresh-Server-Generator with instance: {"clusterName":"DEFAULT","enabled":true,"ephemeral":true,"healthy":true,"instanceHeartBeatInterval":5000,"instanceHeartBeatTimeOut":15000,"ip":"192.168.2.223","ipDeleteTimeout":30000,"metadata":{"preserved.register.source":"SPRING_CLOUD"},"port":8203,"weight":1.0}
2022-01-25 09:29:58 INFO  Thresh-Server-Generator main com.alibaba.cloud.nacos.registry.NacosServiceRegistry nacos registry, DEFAULT_GROUP Thresh-Server-Generator 192.168.2.223:8203 register finished
2022-01-25 09:29:59 INFO  Thresh-Server-Generator main com.zhang.thresh.server.generator.ThreshServerGeneratorApplication Started ThreshServerGeneratorApplication in 7.137 seconds (JVM running for 7.827)
2022-01-25 09:29:59 INFO  Thresh-Server-Generator main com.alibaba.nacos.client.config.impl.ClientWorker [fixed-127.0.0.1_8001] [subscribe] thresh-server-generator+DEFAULT_GROUP
2022-01-25 09:29:59 INFO  Thresh-Server-Generator main com.alibaba.nacos.client.config.impl.CacheData [fixed-127.0.0.1_8001] [add-listener] ok, tenant=, dataId=thresh-server-generator, group=DEFAULT_GROUP, cnt=1
2022-01-25 09:29:59 INFO  Thresh-Server-Generator main com.alibaba.nacos.client.config.impl.ClientWorker [fixed-127.0.0.1_8001] [subscribe] thresh-server-generator.yaml+DEFAULT_GROUP
2022-01-25 09:29:59 INFO  Thresh-Server-Generator main com.alibaba.nacos.client.config.impl.CacheData [fixed-127.0.0.1_8001] [add-listener] ok, tenant=, dataId=thresh-server-generator.yaml, group=DEFAULT_GROUP, cnt=1
2022-01-25 09:29:59 INFO  Thresh-Server-Generator registrationTask1 de.codecentric.boot.admin.client.registration.ApplicationRegistrator Application registered itself as 735d7bd10b61
2022-01-25 09:29:59 INFO  Thresh-Server-Generator http-nio-8203-exec-1 org.apache.catalina.core.ContainerBase.[Tomcat].[localhost].[/] Initializing Spring DispatcherServlet 'dispatcherServlet'
2022-01-25 09:29:59 INFO  Thresh-Server-Generator http-nio-8203-exec-1 org.springframework.web.servlet.DispatcherServlet Initializing Servlet 'dispatcherServlet'
2022-01-25 09:29:59 INFO  Thresh-Server-Generator http-nio-8203-exec-1 org.springframework.web.servlet.DispatcherServlet Completed initialization in 20 ms
