2021-12-25 18:39:44 ERROR Thresh-Tx-Manager com.alibaba.nacos.client.Worker.longPolling.fixed-localhost_8001 com.alibaba.nacos.client.config.http.ServerHttpAgent [NACOS ConnectException httpPost] currentServerAddr: http://localhost:8001, err : Connection refused: connect
2021-12-25 18:39:47 ERROR Thresh-Tx-Manager com.alibaba.nacos.client.Worker.longPolling.fixed-localhost_8001 com.alibaba.nacos.client.config.http.ServerHttpAgent [NACOS ConnectException httpPost] currentServerAddr: http://localhost:8001, err : Connection refused: connect
2021-12-25 18:39:49 ERROR Thresh-Tx-Manager com.alibaba.nacos.client.Worker.longPolling.fixed-localhost_8001 com.alibaba.nacos.client.config.http.ServerHttpAgent [NACOS ConnectException httpPost] currentServerAddr: http://localhost:8001, err : Connection refused: connect
2021-12-25 18:39:51 ERROR Thresh-Tx-Manager com.alibaba.nacos.client.Worker.longPolling.fixed-localhost_8001 com.alibaba.nacos.client.config.http.ServerHttpAgent [NACOS ConnectException httpPost] currentServerAddr: http://localhost:8001, err : Connection refused: connect
2021-12-25 18:39:51 ERROR Thresh-Tx-Manager com.alibaba.nacos.client.Worker.longPolling.fixed-localhost_8001 com.alibaba.nacos.client.config.impl.ClientWorker [fixed-localhost_8001] [check-update] get changed dataId exception
java.net.ConnectException: [NACOS HTTP-POST] The maximum number of tolerable server reconnection errors has been reached
	at com.alibaba.nacos.client.config.http.ServerHttpAgent.httpPost(ServerHttpAgent.java:162)
	at com.alibaba.nacos.client.config.http.MetricsHttpAgent.httpPost(MetricsHttpAgent.java:64)
	at com.alibaba.nacos.client.config.impl.ClientWorker.checkUpdateConfigStr(ClientWorker.java:377)
	at com.alibaba.nacos.client.config.impl.ClientWorker.checkUpdateDataIds(ClientWorker.java:352)
	at com.alibaba.nacos.client.config.impl.ClientWorker$LongPollingRunnable.run(ClientWorker.java:512)
	at java.base/java.util.concurrent.Executors$RunnableAdapter.call(Executors.java:515)
	at java.base/java.util.concurrent.FutureTask.run(FutureTask.java:264)
	at java.base/java.util.concurrent.ScheduledThreadPoolExecutor$ScheduledFutureTask.run(ScheduledThreadPoolExecutor.java:304)
	at java.base/java.util.concurrent.ThreadPoolExecutor.runWorker(ThreadPoolExecutor.java:1128)
	at java.base/java.util.concurrent.ThreadPoolExecutor$Worker.run(ThreadPoolExecutor.java:628)
	at java.base/java.lang.Thread.run(Thread.java:829)
2021-12-25 18:39:51 ERROR Thresh-Tx-Manager com.alibaba.nacos.client.Worker.longPolling.fixed-localhost_8001 com.alibaba.nacos.client.config.impl.ClientWorker longPolling error : 
java.net.ConnectException: [NACOS HTTP-POST] The maximum number of tolerable server reconnection errors has been reached
	at com.alibaba.nacos.client.config.http.ServerHttpAgent.httpPost(ServerHttpAgent.java:162)
	at com.alibaba.nacos.client.config.http.MetricsHttpAgent.httpPost(MetricsHttpAgent.java:64)
	at com.alibaba.nacos.client.config.impl.ClientWorker.checkUpdateConfigStr(ClientWorker.java:377)
	at com.alibaba.nacos.client.config.impl.ClientWorker.checkUpdateDataIds(ClientWorker.java:352)
	at com.alibaba.nacos.client.config.impl.ClientWorker$LongPollingRunnable.run(ClientWorker.java:512)
	at java.base/java.util.concurrent.Executors$RunnableAdapter.call(Executors.java:515)
	at java.base/java.util.concurrent.FutureTask.run(FutureTask.java:264)
	at java.base/java.util.concurrent.ScheduledThreadPoolExecutor$ScheduledFutureTask.run(ScheduledThreadPoolExecutor.java:304)
	at java.base/java.util.concurrent.ThreadPoolExecutor.runWorker(ThreadPoolExecutor.java:1128)
	at java.base/java.util.concurrent.ThreadPoolExecutor$Worker.run(ThreadPoolExecutor.java:628)
	at java.base/java.lang.Thread.run(Thread.java:829)
2021-12-25 18:39:55 ERROR Thresh-Tx-Manager com.alibaba.nacos.client.Worker.longPolling.fixed-localhost_8001 com.alibaba.nacos.client.config.http.ServerHttpAgent [NACOS ConnectException httpPost] currentServerAddr: http://localhost:8001, err : Connection refused: connect
2021-12-25 18:39:57 ERROR Thresh-Tx-Manager com.alibaba.nacos.client.Worker.longPolling.fixed-localhost_8001 com.alibaba.nacos.client.config.http.ServerHttpAgent [NACOS ConnectException httpPost] currentServerAddr: http://localhost:8001, err : Connection refused: connect
2021-12-25 18:39:59 ERROR Thresh-Tx-Manager com.alibaba.nacos.client.Worker.longPolling.fixed-localhost_8001 com.alibaba.nacos.client.config.http.ServerHttpAgent [NACOS ConnectException httpPost] currentServerAddr: http://localhost:8001, err : Connection refused: connect
2021-12-25 18:40:01 ERROR Thresh-Tx-Manager com.alibaba.nacos.client.Worker.longPolling.fixed-localhost_8001 com.alibaba.nacos.client.config.http.ServerHttpAgent [NACOS ConnectException httpPost] currentServerAddr: http://localhost:8001, err : Connection refused: connect
2021-12-25 18:40:01 ERROR Thresh-Tx-Manager com.alibaba.nacos.client.Worker.longPolling.fixed-localhost_8001 com.alibaba.nacos.client.config.impl.ClientWorker [fixed-localhost_8001] [check-update] get changed dataId exception
java.net.ConnectException: [NACOS HTTP-POST] The maximum number of tolerable server reconnection errors has been reached
	at com.alibaba.nacos.client.config.http.ServerHttpAgent.httpPost(ServerHttpAgent.java:162)
	at com.alibaba.nacos.client.config.http.MetricsHttpAgent.httpPost(MetricsHttpAgent.java:64)
	at com.alibaba.nacos.client.config.impl.ClientWorker.checkUpdateConfigStr(ClientWorker.java:377)
	at com.alibaba.nacos.client.config.impl.ClientWorker.checkUpdateDataIds(ClientWorker.java:352)
	at com.alibaba.nacos.client.config.impl.ClientWorker$LongPollingRunnable.run(ClientWorker.java:512)
	at java.base/java.util.concurrent.Executors$RunnableAdapter.call(Executors.java:515)
	at java.base/java.util.concurrent.FutureTask.run(FutureTask.java:264)
	at java.base/java.util.concurrent.ScheduledThreadPoolExecutor$ScheduledFutureTask.run(ScheduledThreadPoolExecutor.java:304)
	at java.base/java.util.concurrent.ThreadPoolExecutor.runWorker(ThreadPoolExecutor.java:1128)
	at java.base/java.util.concurrent.ThreadPoolExecutor$Worker.run(ThreadPoolExecutor.java:628)
	at java.base/java.lang.Thread.run(Thread.java:829)
2021-12-25 18:40:01 ERROR Thresh-Tx-Manager com.alibaba.nacos.client.Worker.longPolling.fixed-localhost_8001 com.alibaba.nacos.client.config.impl.ClientWorker longPolling error : 
java.net.ConnectException: [NACOS HTTP-POST] The maximum number of tolerable server reconnection errors has been reached
	at com.alibaba.nacos.client.config.http.ServerHttpAgent.httpPost(ServerHttpAgent.java:162)
	at com.alibaba.nacos.client.config.http.MetricsHttpAgent.httpPost(MetricsHttpAgent.java:64)
	at com.alibaba.nacos.client.config.impl.ClientWorker.checkUpdateConfigStr(ClientWorker.java:377)
	at com.alibaba.nacos.client.config.impl.ClientWorker.checkUpdateDataIds(ClientWorker.java:352)
	at com.alibaba.nacos.client.config.impl.ClientWorker$LongPollingRunnable.run(ClientWorker.java:512)
	at java.base/java.util.concurrent.Executors$RunnableAdapter.call(Executors.java:515)
	at java.base/java.util.concurrent.FutureTask.run(FutureTask.java:264)
	at java.base/java.util.concurrent.ScheduledThreadPoolExecutor$ScheduledFutureTask.run(ScheduledThreadPoolExecutor.java:304)
	at java.base/java.util.concurrent.ThreadPoolExecutor.runWorker(ThreadPoolExecutor.java:1128)
	at java.base/java.util.concurrent.ThreadPoolExecutor$Worker.run(ThreadPoolExecutor.java:628)
	at java.base/java.lang.Thread.run(Thread.java:829)
2021-12-25 18:40:05 ERROR Thresh-Tx-Manager com.alibaba.nacos.client.Worker.longPolling.fixed-localhost_8001 com.alibaba.nacos.client.config.http.ServerHttpAgent [NACOS ConnectException httpPost] currentServerAddr: http://localhost:8001, err : Connection refused: connect
