2021-12-26 17:56:13 INFO  Thresh-Auth main org.springframework.context.support.PostProcessorRegistrationDelegate$BeanPostProcessorChecker Bean 'org.springframework.cloud.autoconfigure.ConfigurationPropertiesRebinderAutoConfiguration' of type [org.springframework.cloud.autoconfigure.ConfigurationPropertiesRebinderAutoConfiguration] is not eligible for getting processed by all BeanPostProcessors (for example: not eligible for auto-proxying)
2021-12-26 17:56:13 INFO  Thresh-Auth main org.springframework.cloud.bootstrap.config.PropertySourceBootstrapConfiguration Located property source: CompositePropertySource {name='NACOS', propertySources=[NacosPropertySource {name='thresh-auth.yaml'}, NacosPropertySource {name='thresh-auth'}]}
2021-12-26 17:56:13 INFO  Thresh-Auth main com.zhang.thresh.auth.ThreshAuthApplication No active profile set, falling back to default profiles: default
2021-12-26 17:57:06 INFO  Thresh-Auth main org.springframework.context.support.PostProcessorRegistrationDelegate$BeanPostProcessorChecker Bean 'org.springframework.cloud.autoconfigure.ConfigurationPropertiesRebinderAutoConfiguration' of type [org.springframework.cloud.autoconfigure.ConfigurationPropertiesRebinderAutoConfiguration] is not eligible for getting processed by all BeanPostProcessors (for example: not eligible for auto-proxying)
2021-12-26 17:57:07 INFO  Thresh-Auth main org.springframework.cloud.bootstrap.config.PropertySourceBootstrapConfiguration Located property source: CompositePropertySource {name='NACOS', propertySources=[NacosPropertySource {name='thresh-auth.yaml'}, NacosPropertySource {name='thresh-auth'}]}
2021-12-26 17:57:07 INFO  Thresh-Auth main com.zhang.thresh.auth.ThreshAuthApplication No active profile set, falling back to default profiles: default
2021-12-26 17:57:08 INFO  Thresh-Auth main org.springframework.data.repository.config.RepositoryConfigurationDelegate Multiple Spring Data modules found, entering strict repository configuration mode!
2021-12-26 17:57:08 INFO  Thresh-Auth main org.springframework.data.repository.config.RepositoryConfigurationDelegate Bootstrapping Spring Data repositories in DEFAULT mode.
2021-12-26 17:57:08 INFO  Thresh-Auth main org.springframework.data.repository.config.RepositoryConfigurationDelegate Finished Spring Data repository scanning in 17ms. Found 0 repository interfaces.
2021-12-26 17:57:08 INFO  Thresh-Auth main org.springframework.cloud.context.scope.GenericScope BeanFactory id=017f0d0c-f077-3590-b5bf-a217c56c3a79
2021-12-26 17:57:08 INFO  Thresh-Auth main org.springframework.context.support.PostProcessorRegistrationDelegate$BeanPostProcessorChecker Bean 'org.springframework.transaction.annotation.ProxyTransactionManagementConfiguration' of type [org.springframework.transaction.annotation.ProxyTransactionManagementConfiguration] is not eligible for getting processed by all BeanPostProcessors (for example: not eligible for auto-proxying)
2021-12-26 17:57:08 INFO  Thresh-Auth main org.springframework.context.support.PostProcessorRegistrationDelegate$BeanPostProcessorChecker Bean 'org.springframework.security.config.annotation.configuration.ObjectPostProcessorConfiguration' of type [org.springframework.security.config.annotation.configuration.ObjectPostProcessorConfiguration] is not eligible for getting processed by all BeanPostProcessors (for example: not eligible for auto-proxying)
2021-12-26 17:57:08 INFO  Thresh-Auth main org.springframework.context.support.PostProcessorRegistrationDelegate$BeanPostProcessorChecker Bean 'objectPostProcessor' of type [org.springframework.security.config.annotation.configuration.AutowireBeanFactoryObjectPostProcessor] is not eligible for getting processed by all BeanPostProcessors (for example: not eligible for auto-proxying)
2021-12-26 17:57:08 INFO  Thresh-Auth main org.springframework.context.support.PostProcessorRegistrationDelegate$BeanPostProcessorChecker Bean 'org.springframework.security.access.expression.method.DefaultMethodSecurityExpressionHandler@168ad26f' of type [org.springframework.security.access.expression.method.DefaultMethodSecurityExpressionHandler] is not eligible for getting processed by all BeanPostProcessors (for example: not eligible for auto-proxying)
2021-12-26 17:57:08 INFO  Thresh-Auth main org.springframework.context.support.PostProcessorRegistrationDelegate$BeanPostProcessorChecker Bean 'com.zhang.thresh.common.security.starter.configure.ThreshCloudSecurityAutoConfigure' of type [com.zhang.thresh.common.security.starter.configure.ThreshCloudSecurityAutoConfigure$$EnhancerBySpringCGLIB$$fd43d8c8] is not eligible for getting processed by all BeanPostProcessors (for example: not eligible for auto-proxying)
2021-12-26 17:57:08 INFO  Thresh-Auth main org.springframework.context.support.PostProcessorRegistrationDelegate$BeanPostProcessorChecker Bean 'methodSecurityMetadataSource' of type [org.springframework.security.access.method.DelegatingMethodSecurityMetadataSource] is not eligible for getting processed by all BeanPostProcessors (for example: not eligible for auto-proxying)
2021-12-26 17:57:08 INFO  Thresh-Auth main org.springframework.context.support.PostProcessorRegistrationDelegate$BeanPostProcessorChecker Bean 'spring.datasource.dynamic-com.baomidou.dynamic.datasource.spring.boot.autoconfigure.DynamicDataSourceProperties' of type [com.baomidou.dynamic.datasource.spring.boot.autoconfigure.DynamicDataSourceProperties] is not eligible for getting processed by all BeanPostProcessors (for example: not eligible for auto-proxying)
2021-12-26 17:57:08 INFO  Thresh-Auth main org.springframework.context.support.PostProcessorRegistrationDelegate$BeanPostProcessorChecker Bean 'com.baomidou.dynamic.datasource.spring.boot.autoconfigure.DynamicDataSourceAutoConfiguration' of type [com.baomidou.dynamic.datasource.spring.boot.autoconfigure.DynamicDataSourceAutoConfiguration$$EnhancerBySpringCGLIB$$16c06841] is not eligible for getting processed by all BeanPostProcessors (for example: not eligible for auto-proxying)
2021-12-26 17:57:08 INFO  Thresh-Auth main org.springframework.context.support.PostProcessorRegistrationDelegate$BeanPostProcessorChecker Bean 'dsProcessor' of type [com.baomidou.dynamic.datasource.processor.DsHeaderProcessor] is not eligible for getting processed by all BeanPostProcessors (for example: not eligible for auto-proxying)
2021-12-26 17:57:08 INFO  Thresh-Auth main org.springframework.context.support.PostProcessorRegistrationDelegate$BeanPostProcessorChecker Bean 'dynamicDatasourceAnnotationAdvisor' of type [com.baomidou.dynamic.datasource.aop.DynamicDataSourceAnnotationAdvisor] is not eligible for getting processed by all BeanPostProcessors (for example: not eligible for auto-proxying)
2021-12-26 17:57:08 INFO  Thresh-Auth main org.springframework.context.support.PostProcessorRegistrationDelegate$BeanPostProcessorChecker Bean 'org.springframework.cloud.autoconfigure.ConfigurationPropertiesRebinderAutoConfiguration' of type [org.springframework.cloud.autoconfigure.ConfigurationPropertiesRebinderAutoConfiguration] is not eligible for getting processed by all BeanPostProcessors (for example: not eligible for auto-proxying)
2021-12-26 17:57:08 INFO  Thresh-Auth main org.springframework.boot.web.embedded.tomcat.TomcatWebServer Tomcat initialized with port(s): 8080 (http)
2021-12-26 17:57:08 INFO  Thresh-Auth main org.apache.coyote.http11.Http11NioProtocol Initializing ProtocolHandler ["http-nio-8080"]
2021-12-26 17:57:08 INFO  Thresh-Auth main org.apache.catalina.core.StandardService Starting service [Tomcat]
2021-12-26 17:57:08 INFO  Thresh-Auth main org.apache.catalina.core.StandardEngine Starting Servlet engine: [Apache Tomcat/9.0.27]
2021-12-26 17:57:08 INFO  Thresh-Auth main org.apache.catalina.core.ContainerBase.[Tomcat].[localhost].[/] Initializing Spring embedded WebApplicationContext
2021-12-26 17:57:08 INFO  Thresh-Auth main org.springframework.web.context.ContextLoader Root WebApplicationContext: initialization completed in 1853 ms
2021-12-26 17:57:09 INFO  Thresh-Auth main com.netflix.config.sources.URLConfigurationSource To enable URLs as dynamic configuration sources, define System property archaius.configurationSource.additionalUrls or make config.properties available on classpath.
2021-12-26 17:57:09 INFO  Thresh-Auth main com.netflix.config.DynamicPropertyFactory DynamicPropertyFactory is initialized with configuration sources: com.netflix.config.ConcurrentCompositeConfiguration@17c4dc5b
2021-12-26 17:57:09 INFO  Thresh-Auth main org.apache.catalina.core.StandardService Stopping service [Tomcat]
2021-12-26 17:57:09 INFO  Thresh-Auth main org.springframework.boot.autoconfigure.logging.ConditionEvaluationReportLoggingListener 

Error starting ApplicationContext. To display the conditions report re-run your application with 'debug' enabled.
2021-12-26 18:01:41 INFO  Thresh-Auth main org.springframework.context.support.PostProcessorRegistrationDelegate$BeanPostProcessorChecker Bean 'org.springframework.cloud.autoconfigure.ConfigurationPropertiesRebinderAutoConfiguration' of type [org.springframework.cloud.autoconfigure.ConfigurationPropertiesRebinderAutoConfiguration] is not eligible for getting processed by all BeanPostProcessors (for example: not eligible for auto-proxying)
2021-12-26 18:01:41 INFO  Thresh-Auth main org.springframework.cloud.bootstrap.config.PropertySourceBootstrapConfiguration Located property source: CompositePropertySource {name='NACOS', propertySources=[NacosPropertySource {name='thresh-auth.yaml'}, NacosPropertySource {name='thresh-auth'}]}
2021-12-26 18:01:41 INFO  Thresh-Auth main com.zhang.thresh.auth.ThreshAuthApplication No active profile set, falling back to default profiles: default
2021-12-26 18:01:42 INFO  Thresh-Auth main org.springframework.data.repository.config.RepositoryConfigurationDelegate Multiple Spring Data modules found, entering strict repository configuration mode!
2021-12-26 18:01:42 INFO  Thresh-Auth main org.springframework.data.repository.config.RepositoryConfigurationDelegate Bootstrapping Spring Data repositories in DEFAULT mode.
2021-12-26 18:01:42 INFO  Thresh-Auth main org.springframework.data.repository.config.RepositoryConfigurationDelegate Finished Spring Data repository scanning in 16ms. Found 0 repository interfaces.
2021-12-26 18:01:43 INFO  Thresh-Auth main org.springframework.cloud.context.scope.GenericScope BeanFactory id=8766c62b-bdad-3573-bb94-beb8ee225094
2021-12-26 18:01:43 INFO  Thresh-Auth main org.springframework.context.support.PostProcessorRegistrationDelegate$BeanPostProcessorChecker Bean 'org.springframework.transaction.annotation.ProxyTransactionManagementConfiguration' of type [org.springframework.transaction.annotation.ProxyTransactionManagementConfiguration] is not eligible for getting processed by all BeanPostProcessors (for example: not eligible for auto-proxying)
2021-12-26 18:01:43 INFO  Thresh-Auth main org.springframework.context.support.PostProcessorRegistrationDelegate$BeanPostProcessorChecker Bean 'org.springframework.security.config.annotation.configuration.ObjectPostProcessorConfiguration' of type [org.springframework.security.config.annotation.configuration.ObjectPostProcessorConfiguration] is not eligible for getting processed by all BeanPostProcessors (for example: not eligible for auto-proxying)
2021-12-26 18:01:43 INFO  Thresh-Auth main org.springframework.context.support.PostProcessorRegistrationDelegate$BeanPostProcessorChecker Bean 'objectPostProcessor' of type [org.springframework.security.config.annotation.configuration.AutowireBeanFactoryObjectPostProcessor] is not eligible for getting processed by all BeanPostProcessors (for example: not eligible for auto-proxying)
2021-12-26 18:01:43 INFO  Thresh-Auth main org.springframework.context.support.PostProcessorRegistrationDelegate$BeanPostProcessorChecker Bean 'org.springframework.security.access.expression.method.DefaultMethodSecurityExpressionHandler@193eb1ba' of type [org.springframework.security.access.expression.method.DefaultMethodSecurityExpressionHandler] is not eligible for getting processed by all BeanPostProcessors (for example: not eligible for auto-proxying)
2021-12-26 18:01:43 INFO  Thresh-Auth main org.springframework.context.support.PostProcessorRegistrationDelegate$BeanPostProcessorChecker Bean 'com.zhang.thresh.common.security.starter.configure.ThreshCloudSecurityAutoConfigure' of type [com.zhang.thresh.common.security.starter.configure.ThreshCloudSecurityAutoConfigure$$EnhancerBySpringCGLIB$$a050f446] is not eligible for getting processed by all BeanPostProcessors (for example: not eligible for auto-proxying)
2021-12-26 18:01:43 INFO  Thresh-Auth main org.springframework.context.support.PostProcessorRegistrationDelegate$BeanPostProcessorChecker Bean 'methodSecurityMetadataSource' of type [org.springframework.security.access.method.DelegatingMethodSecurityMetadataSource] is not eligible for getting processed by all BeanPostProcessors (for example: not eligible for auto-proxying)
2021-12-26 18:01:43 INFO  Thresh-Auth main org.springframework.context.support.PostProcessorRegistrationDelegate$BeanPostProcessorChecker Bean 'spring.datasource.dynamic-com.baomidou.dynamic.datasource.spring.boot.autoconfigure.DynamicDataSourceProperties' of type [com.baomidou.dynamic.datasource.spring.boot.autoconfigure.DynamicDataSourceProperties] is not eligible for getting processed by all BeanPostProcessors (for example: not eligible for auto-proxying)
2021-12-26 18:01:43 INFO  Thresh-Auth main org.springframework.context.support.PostProcessorRegistrationDelegate$BeanPostProcessorChecker Bean 'com.baomidou.dynamic.datasource.spring.boot.autoconfigure.DynamicDataSourceAutoConfiguration' of type [com.baomidou.dynamic.datasource.spring.boot.autoconfigure.DynamicDataSourceAutoConfiguration$$EnhancerBySpringCGLIB$$b9cd83bf] is not eligible for getting processed by all BeanPostProcessors (for example: not eligible for auto-proxying)
2021-12-26 18:01:43 INFO  Thresh-Auth main org.springframework.context.support.PostProcessorRegistrationDelegate$BeanPostProcessorChecker Bean 'dsProcessor' of type [com.baomidou.dynamic.datasource.processor.DsHeaderProcessor] is not eligible for getting processed by all BeanPostProcessors (for example: not eligible for auto-proxying)
2021-12-26 18:01:43 INFO  Thresh-Auth main org.springframework.context.support.PostProcessorRegistrationDelegate$BeanPostProcessorChecker Bean 'dynamicDatasourceAnnotationAdvisor' of type [com.baomidou.dynamic.datasource.aop.DynamicDataSourceAnnotationAdvisor] is not eligible for getting processed by all BeanPostProcessors (for example: not eligible for auto-proxying)
2021-12-26 18:01:43 INFO  Thresh-Auth main org.springframework.context.support.PostProcessorRegistrationDelegate$BeanPostProcessorChecker Bean 'org.springframework.cloud.autoconfigure.ConfigurationPropertiesRebinderAutoConfiguration' of type [org.springframework.cloud.autoconfigure.ConfigurationPropertiesRebinderAutoConfiguration] is not eligible for getting processed by all BeanPostProcessors (for example: not eligible for auto-proxying)
2021-12-26 18:01:43 INFO  Thresh-Auth main org.springframework.boot.web.embedded.tomcat.TomcatWebServer Tomcat initialized with port(s): 8101 (http)
2021-12-26 18:01:43 INFO  Thresh-Auth main org.apache.coyote.http11.Http11NioProtocol Initializing ProtocolHandler ["http-nio-8101"]
2021-12-26 18:01:43 INFO  Thresh-Auth main org.apache.catalina.core.StandardService Starting service [Tomcat]
2021-12-26 18:01:43 INFO  Thresh-Auth main org.apache.catalina.core.StandardEngine Starting Servlet engine: [Apache Tomcat/9.0.27]
2021-12-26 18:01:43 INFO  Thresh-Auth main org.apache.catalina.core.ContainerBase.[Tomcat].[localhost].[/] Initializing Spring embedded WebApplicationContext
2021-12-26 18:01:43 INFO  Thresh-Auth main org.springframework.web.context.ContextLoader Root WebApplicationContext: initialization completed in 1781 ms
2021-12-26 18:01:43 INFO  Thresh-Auth main com.netflix.config.sources.URLConfigurationSource To enable URLs as dynamic configuration sources, define System property archaius.configurationSource.additionalUrls or make config.properties available on classpath.
2021-12-26 18:01:43 INFO  Thresh-Auth main com.netflix.config.DynamicPropertyFactory DynamicPropertyFactory is initialized with configuration sources: com.netflix.config.ConcurrentCompositeConfiguration@477523ba
2021-12-26 18:01:44 INFO  Thresh-Auth main com.zaxxer.hikari.HikariDataSource base - Starting...
2021-12-26 18:01:45 INFO  Thresh-Auth main com.zaxxer.hikari.HikariDataSource base - Start completed.
2021-12-26 18:01:45 INFO  Thresh-Auth main com.baomidou.dynamic.datasource.DynamicRoutingDataSource dynamic-datasource - load a datasource named [base] success
2021-12-26 18:01:45 INFO  Thresh-Auth main com.baomidou.dynamic.datasource.DynamicRoutingDataSource dynamic-datasource initial loaded [1] datasource,primary datasource named [base]
2021-12-26 18:01:45 INFO  Thresh-Auth main com.alibaba.nacos.client.naming initializer namespace from System Property :null
2021-12-26 18:01:45 INFO  Thresh-Auth main com.alibaba.nacos.client.naming initializer namespace from System Environment :null
2021-12-26 18:01:45 INFO  Thresh-Auth main com.alibaba.nacos.client.naming initializer namespace from System Property :null
2021-12-26 18:01:45 INFO  Thresh-Auth main org.springframework.boot.actuate.endpoint.web.ServletEndpointRegistrar Registered '/actuator/jolokia' to jolokia-actuator-endpoint
2021-12-26 18:01:45 INFO  Thresh-Auth main com.baomidou.dynamic.datasource.DynamicRoutingDataSource dynamic-datasource start closing ....
2021-12-26 18:01:45 INFO  Thresh-Auth main com.zaxxer.hikari.HikariDataSource base - Shutdown initiated...
2021-12-26 18:01:45 INFO  Thresh-Auth main com.zaxxer.hikari.HikariDataSource base - Shutdown completed.
2021-12-26 18:01:45 INFO  Thresh-Auth main com.baomidou.dynamic.datasource.DynamicRoutingDataSource dynamic-datasource all closed success,bye
2021-12-26 18:01:45 INFO  Thresh-Auth main org.apache.catalina.core.StandardService Stopping service [Tomcat]
2021-12-26 18:01:45 INFO  Thresh-Auth main org.springframework.boot.autoconfigure.logging.ConditionEvaluationReportLoggingListener 

Error starting ApplicationContext. To display the conditions report re-run your application with 'debug' enabled.
2021-12-26 18:07:52 INFO  Thresh-Auth main org.springframework.context.support.PostProcessorRegistrationDelegate$BeanPostProcessorChecker Bean 'org.springframework.cloud.autoconfigure.ConfigurationPropertiesRebinderAutoConfiguration' of type [org.springframework.cloud.autoconfigure.ConfigurationPropertiesRebinderAutoConfiguration] is not eligible for getting processed by all BeanPostProcessors (for example: not eligible for auto-proxying)
2021-12-26 18:07:53 INFO  Thresh-Auth main org.springframework.cloud.bootstrap.config.PropertySourceBootstrapConfiguration Located property source: CompositePropertySource {name='NACOS', propertySources=[NacosPropertySource {name='thresh-auth.yaml'}, NacosPropertySource {name='thresh-auth'}]}
2021-12-26 18:07:53 INFO  Thresh-Auth main com.zhang.thresh.auth.ThreshAuthApplication No active profile set, falling back to default profiles: default
2021-12-26 18:07:54 INFO  Thresh-Auth main org.springframework.data.repository.config.RepositoryConfigurationDelegate Multiple Spring Data modules found, entering strict repository configuration mode!
2021-12-26 18:07:54 INFO  Thresh-Auth main org.springframework.data.repository.config.RepositoryConfigurationDelegate Bootstrapping Spring Data repositories in DEFAULT mode.
2021-12-26 18:07:54 INFO  Thresh-Auth main org.springframework.data.repository.config.RepositoryConfigurationDelegate Finished Spring Data repository scanning in 24ms. Found 0 repository interfaces.
2021-12-26 18:07:54 INFO  Thresh-Auth main org.springframework.cloud.context.scope.GenericScope BeanFactory id=82170bfa-929a-3ebf-aab1-6d2ae4cc7b82
2021-12-26 18:07:54 INFO  Thresh-Auth main org.springframework.context.support.PostProcessorRegistrationDelegate$BeanPostProcessorChecker Bean 'org.springframework.transaction.annotation.ProxyTransactionManagementConfiguration' of type [org.springframework.transaction.annotation.ProxyTransactionManagementConfiguration] is not eligible for getting processed by all BeanPostProcessors (for example: not eligible for auto-proxying)
2021-12-26 18:07:54 INFO  Thresh-Auth main org.springframework.context.support.PostProcessorRegistrationDelegate$BeanPostProcessorChecker Bean 'org.springframework.security.config.annotation.configuration.ObjectPostProcessorConfiguration' of type [org.springframework.security.config.annotation.configuration.ObjectPostProcessorConfiguration] is not eligible for getting processed by all BeanPostProcessors (for example: not eligible for auto-proxying)
2021-12-26 18:07:54 INFO  Thresh-Auth main org.springframework.context.support.PostProcessorRegistrationDelegate$BeanPostProcessorChecker Bean 'objectPostProcessor' of type [org.springframework.security.config.annotation.configuration.AutowireBeanFactoryObjectPostProcessor] is not eligible for getting processed by all BeanPostProcessors (for example: not eligible for auto-proxying)
2021-12-26 18:07:54 INFO  Thresh-Auth main org.springframework.context.support.PostProcessorRegistrationDelegate$BeanPostProcessorChecker Bean 'org.springframework.security.access.expression.method.DefaultMethodSecurityExpressionHandler@3c9ef6e9' of type [org.springframework.security.access.expression.method.DefaultMethodSecurityExpressionHandler] is not eligible for getting processed by all BeanPostProcessors (for example: not eligible for auto-proxying)
2021-12-26 18:07:54 INFO  Thresh-Auth main org.springframework.context.support.PostProcessorRegistrationDelegate$BeanPostProcessorChecker Bean 'com.zhang.thresh.common.security.starter.configure.ThreshCloudSecurityAutoConfigure' of type [com.zhang.thresh.common.security.starter.configure.ThreshCloudSecurityAutoConfigure$$EnhancerBySpringCGLIB$$412dbb37] is not eligible for getting processed by all BeanPostProcessors (for example: not eligible for auto-proxying)
2021-12-26 18:07:54 INFO  Thresh-Auth main org.springframework.context.support.PostProcessorRegistrationDelegate$BeanPostProcessorChecker Bean 'methodSecurityMetadataSource' of type [org.springframework.security.access.method.DelegatingMethodSecurityMetadataSource] is not eligible for getting processed by all BeanPostProcessors (for example: not eligible for auto-proxying)
2021-12-26 18:07:54 INFO  Thresh-Auth main org.springframework.context.support.PostProcessorRegistrationDelegate$BeanPostProcessorChecker Bean 'spring.datasource.dynamic-com.baomidou.dynamic.datasource.spring.boot.autoconfigure.DynamicDataSourceProperties' of type [com.baomidou.dynamic.datasource.spring.boot.autoconfigure.DynamicDataSourceProperties] is not eligible for getting processed by all BeanPostProcessors (for example: not eligible for auto-proxying)
2021-12-26 18:07:54 INFO  Thresh-Auth main org.springframework.context.support.PostProcessorRegistrationDelegate$BeanPostProcessorChecker Bean 'com.baomidou.dynamic.datasource.spring.boot.autoconfigure.DynamicDataSourceAutoConfiguration' of type [com.baomidou.dynamic.datasource.spring.boot.autoconfigure.DynamicDataSourceAutoConfiguration$$EnhancerBySpringCGLIB$$5aaa4ab0] is not eligible for getting processed by all BeanPostProcessors (for example: not eligible for auto-proxying)
2021-12-26 18:07:54 INFO  Thresh-Auth main org.springframework.context.support.PostProcessorRegistrationDelegate$BeanPostProcessorChecker Bean 'dsProcessor' of type [com.baomidou.dynamic.datasource.processor.DsHeaderProcessor] is not eligible for getting processed by all BeanPostProcessors (for example: not eligible for auto-proxying)
2021-12-26 18:07:54 INFO  Thresh-Auth main org.springframework.context.support.PostProcessorRegistrationDelegate$BeanPostProcessorChecker Bean 'dynamicDatasourceAnnotationAdvisor' of type [com.baomidou.dynamic.datasource.aop.DynamicDataSourceAnnotationAdvisor] is not eligible for getting processed by all BeanPostProcessors (for example: not eligible for auto-proxying)
2021-12-26 18:07:54 INFO  Thresh-Auth main org.springframework.context.support.PostProcessorRegistrationDelegate$BeanPostProcessorChecker Bean 'org.springframework.cloud.autoconfigure.ConfigurationPropertiesRebinderAutoConfiguration' of type [org.springframework.cloud.autoconfigure.ConfigurationPropertiesRebinderAutoConfiguration] is not eligible for getting processed by all BeanPostProcessors (for example: not eligible for auto-proxying)
2021-12-26 18:07:54 INFO  Thresh-Auth main org.springframework.boot.web.embedded.tomcat.TomcatWebServer Tomcat initialized with port(s): 8101 (http)
2021-12-26 18:07:54 INFO  Thresh-Auth main org.apache.coyote.http11.Http11NioProtocol Initializing ProtocolHandler ["http-nio-8101"]
2021-12-26 18:07:54 INFO  Thresh-Auth main org.apache.catalina.core.StandardService Starting service [Tomcat]
2021-12-26 18:07:54 INFO  Thresh-Auth main org.apache.catalina.core.StandardEngine Starting Servlet engine: [Apache Tomcat/9.0.27]
2021-12-26 18:07:55 INFO  Thresh-Auth main org.apache.catalina.core.ContainerBase.[Tomcat].[localhost].[/] Initializing Spring embedded WebApplicationContext
2021-12-26 18:07:55 INFO  Thresh-Auth main org.springframework.web.context.ContextLoader Root WebApplicationContext: initialization completed in 1840 ms
2021-12-26 18:07:55 INFO  Thresh-Auth main com.netflix.config.sources.URLConfigurationSource To enable URLs as dynamic configuration sources, define System property archaius.configurationSource.additionalUrls or make config.properties available on classpath.
2021-12-26 18:07:55 INFO  Thresh-Auth main com.netflix.config.DynamicPropertyFactory DynamicPropertyFactory is initialized with configuration sources: com.netflix.config.ConcurrentCompositeConfiguration@458031da
2021-12-26 18:07:55 INFO  Thresh-Auth main com.zaxxer.hikari.HikariDataSource base - Starting...
2021-12-26 18:07:56 INFO  Thresh-Auth main com.zaxxer.hikari.HikariDataSource base - Start completed.
2021-12-26 18:07:56 INFO  Thresh-Auth main com.baomidou.dynamic.datasource.DynamicRoutingDataSource dynamic-datasource - load a datasource named [base] success
2021-12-26 18:07:56 INFO  Thresh-Auth main com.baomidou.dynamic.datasource.DynamicRoutingDataSource dynamic-datasource initial loaded [1] datasource,primary datasource named [base]
2021-12-26 18:07:56 INFO  Thresh-Auth main com.alibaba.nacos.client.naming initializer namespace from System Property :null
2021-12-26 18:07:56 INFO  Thresh-Auth main com.alibaba.nacos.client.naming initializer namespace from System Environment :null
2021-12-26 18:07:56 INFO  Thresh-Auth main com.alibaba.nacos.client.naming initializer namespace from System Property :null
2021-12-26 18:07:56 INFO  Thresh-Auth main org.springframework.boot.actuate.endpoint.web.ServletEndpointRegistrar Registered '/actuator/jolokia' to jolokia-actuator-endpoint
2021-12-26 18:07:57 INFO  Thresh-Auth main com.baomidou.dynamic.datasource.DynamicRoutingDataSource dynamic-datasource start closing ....
2021-12-26 18:07:57 INFO  Thresh-Auth main com.zaxxer.hikari.HikariDataSource base - Shutdown initiated...
2021-12-26 18:07:57 INFO  Thresh-Auth main com.zaxxer.hikari.HikariDataSource base - Shutdown completed.
2021-12-26 18:07:57 INFO  Thresh-Auth main com.baomidou.dynamic.datasource.DynamicRoutingDataSource dynamic-datasource all closed success,bye
2021-12-26 18:07:57 INFO  Thresh-Auth main org.apache.catalina.core.StandardService Stopping service [Tomcat]
2021-12-26 18:07:57 INFO  Thresh-Auth main org.springframework.boot.autoconfigure.logging.ConditionEvaluationReportLoggingListener 

Error starting ApplicationContext. To display the conditions report re-run your application with 'debug' enabled.
2021-12-26 18:10:31 INFO  Thresh-Auth main org.springframework.context.support.PostProcessorRegistrationDelegate$BeanPostProcessorChecker Bean 'org.springframework.cloud.autoconfigure.ConfigurationPropertiesRebinderAutoConfiguration' of type [org.springframework.cloud.autoconfigure.ConfigurationPropertiesRebinderAutoConfiguration] is not eligible for getting processed by all BeanPostProcessors (for example: not eligible for auto-proxying)
2021-12-26 18:10:31 INFO  Thresh-Auth main org.springframework.cloud.bootstrap.config.PropertySourceBootstrapConfiguration Located property source: CompositePropertySource {name='NACOS', propertySources=[NacosPropertySource {name='thresh-auth.yaml'}, NacosPropertySource {name='thresh-auth'}]}
2021-12-26 18:10:31 INFO  Thresh-Auth main com.zhang.thresh.auth.ThreshAuthApplication No active profile set, falling back to default profiles: default
2021-12-26 18:10:32 INFO  Thresh-Auth main org.springframework.data.repository.config.RepositoryConfigurationDelegate Multiple Spring Data modules found, entering strict repository configuration mode!
2021-12-26 18:10:32 INFO  Thresh-Auth main org.springframework.data.repository.config.RepositoryConfigurationDelegate Bootstrapping Spring Data repositories in DEFAULT mode.
2021-12-26 18:10:32 INFO  Thresh-Auth main org.springframework.data.repository.config.RepositoryConfigurationDelegate Finished Spring Data repository scanning in 23ms. Found 0 repository interfaces.
2021-12-26 18:10:33 INFO  Thresh-Auth main org.springframework.cloud.context.scope.GenericScope BeanFactory id=82170bfa-929a-3ebf-aab1-6d2ae4cc7b82
2021-12-26 18:10:33 INFO  Thresh-Auth main org.springframework.context.support.PostProcessorRegistrationDelegate$BeanPostProcessorChecker Bean 'org.springframework.transaction.annotation.ProxyTransactionManagementConfiguration' of type [org.springframework.transaction.annotation.ProxyTransactionManagementConfiguration] is not eligible for getting processed by all BeanPostProcessors (for example: not eligible for auto-proxying)
2021-12-26 18:10:33 INFO  Thresh-Auth main org.springframework.context.support.PostProcessorRegistrationDelegate$BeanPostProcessorChecker Bean 'org.springframework.security.config.annotation.configuration.ObjectPostProcessorConfiguration' of type [org.springframework.security.config.annotation.configuration.ObjectPostProcessorConfiguration] is not eligible for getting processed by all BeanPostProcessors (for example: not eligible for auto-proxying)
2021-12-26 18:10:33 INFO  Thresh-Auth main org.springframework.context.support.PostProcessorRegistrationDelegate$BeanPostProcessorChecker Bean 'objectPostProcessor' of type [org.springframework.security.config.annotation.configuration.AutowireBeanFactoryObjectPostProcessor] is not eligible for getting processed by all BeanPostProcessors (for example: not eligible for auto-proxying)
2021-12-26 18:10:33 INFO  Thresh-Auth main org.springframework.context.support.PostProcessorRegistrationDelegate$BeanPostProcessorChecker Bean 'org.springframework.security.access.expression.method.DefaultMethodSecurityExpressionHandler@bc09d57' of type [org.springframework.security.access.expression.method.DefaultMethodSecurityExpressionHandler] is not eligible for getting processed by all BeanPostProcessors (for example: not eligible for auto-proxying)
2021-12-26 18:10:33 INFO  Thresh-Auth main org.springframework.context.support.PostProcessorRegistrationDelegate$BeanPostProcessorChecker Bean 'com.zhang.thresh.common.security.starter.configure.ThreshCloudSecurityAutoConfigure' of type [com.zhang.thresh.common.security.starter.configure.ThreshCloudSecurityAutoConfigure$$EnhancerBySpringCGLIB$$88072fe6] is not eligible for getting processed by all BeanPostProcessors (for example: not eligible for auto-proxying)
2021-12-26 18:10:33 INFO  Thresh-Auth main org.springframework.context.support.PostProcessorRegistrationDelegate$BeanPostProcessorChecker Bean 'methodSecurityMetadataSource' of type [org.springframework.security.access.method.DelegatingMethodSecurityMetadataSource] is not eligible for getting processed by all BeanPostProcessors (for example: not eligible for auto-proxying)
2021-12-26 18:10:33 INFO  Thresh-Auth main org.springframework.context.support.PostProcessorRegistrationDelegate$BeanPostProcessorChecker Bean 'spring.datasource.dynamic-com.baomidou.dynamic.datasource.spring.boot.autoconfigure.DynamicDataSourceProperties' of type [com.baomidou.dynamic.datasource.spring.boot.autoconfigure.DynamicDataSourceProperties] is not eligible for getting processed by all BeanPostProcessors (for example: not eligible for auto-proxying)
2021-12-26 18:10:33 INFO  Thresh-Auth main org.springframework.context.support.PostProcessorRegistrationDelegate$BeanPostProcessorChecker Bean 'com.baomidou.dynamic.datasource.spring.boot.autoconfigure.DynamicDataSourceAutoConfiguration' of type [com.baomidou.dynamic.datasource.spring.boot.autoconfigure.DynamicDataSourceAutoConfiguration$$EnhancerBySpringCGLIB$$a183bf5f] is not eligible for getting processed by all BeanPostProcessors (for example: not eligible for auto-proxying)
2021-12-26 18:10:33 INFO  Thresh-Auth main org.springframework.context.support.PostProcessorRegistrationDelegate$BeanPostProcessorChecker Bean 'dsProcessor' of type [com.baomidou.dynamic.datasource.processor.DsHeaderProcessor] is not eligible for getting processed by all BeanPostProcessors (for example: not eligible for auto-proxying)
2021-12-26 18:10:33 INFO  Thresh-Auth main org.springframework.context.support.PostProcessorRegistrationDelegate$BeanPostProcessorChecker Bean 'dynamicDatasourceAnnotationAdvisor' of type [com.baomidou.dynamic.datasource.aop.DynamicDataSourceAnnotationAdvisor] is not eligible for getting processed by all BeanPostProcessors (for example: not eligible for auto-proxying)
2021-12-26 18:10:33 INFO  Thresh-Auth main org.springframework.context.support.PostProcessorRegistrationDelegate$BeanPostProcessorChecker Bean 'org.springframework.cloud.autoconfigure.ConfigurationPropertiesRebinderAutoConfiguration' of type [org.springframework.cloud.autoconfigure.ConfigurationPropertiesRebinderAutoConfiguration] is not eligible for getting processed by all BeanPostProcessors (for example: not eligible for auto-proxying)
2021-12-26 18:10:33 INFO  Thresh-Auth main org.springframework.boot.web.embedded.tomcat.TomcatWebServer Tomcat initialized with port(s): 8101 (http)
2021-12-26 18:10:33 INFO  Thresh-Auth main org.apache.coyote.http11.Http11NioProtocol Initializing ProtocolHandler ["http-nio-8101"]
2021-12-26 18:10:33 INFO  Thresh-Auth main org.apache.catalina.core.StandardService Starting service [Tomcat]
2021-12-26 18:10:33 INFO  Thresh-Auth main org.apache.catalina.core.StandardEngine Starting Servlet engine: [Apache Tomcat/9.0.27]
2021-12-26 18:10:33 INFO  Thresh-Auth main org.apache.catalina.core.ContainerBase.[Tomcat].[localhost].[/] Initializing Spring embedded WebApplicationContext
2021-12-26 18:10:33 INFO  Thresh-Auth main org.springframework.web.context.ContextLoader Root WebApplicationContext: initialization completed in 1774 ms
2021-12-26 18:10:33 INFO  Thresh-Auth main com.netflix.config.sources.URLConfigurationSource To enable URLs as dynamic configuration sources, define System property archaius.configurationSource.additionalUrls or make config.properties available on classpath.
2021-12-26 18:10:33 INFO  Thresh-Auth main com.netflix.config.DynamicPropertyFactory DynamicPropertyFactory is initialized with configuration sources: com.netflix.config.ConcurrentCompositeConfiguration@2c8b8de0
2021-12-26 18:10:34 INFO  Thresh-Auth main com.zaxxer.hikari.HikariDataSource base - Starting...
2021-12-26 18:10:34 INFO  Thresh-Auth main com.zaxxer.hikari.HikariDataSource base - Start completed.
2021-12-26 18:10:34 INFO  Thresh-Auth main com.baomidou.dynamic.datasource.DynamicRoutingDataSource dynamic-datasource - load a datasource named [base] success
2021-12-26 18:10:34 INFO  Thresh-Auth main com.baomidou.dynamic.datasource.DynamicRoutingDataSource dynamic-datasource initial loaded [1] datasource,primary datasource named [base]
2021-12-26 18:10:35 INFO  Thresh-Auth main com.alibaba.nacos.client.naming initializer namespace from System Property :null
2021-12-26 18:10:35 INFO  Thresh-Auth main com.alibaba.nacos.client.naming initializer namespace from System Environment :null
2021-12-26 18:10:35 INFO  Thresh-Auth main com.alibaba.nacos.client.naming initializer namespace from System Property :null
2021-12-26 18:10:35 INFO  Thresh-Auth main org.springframework.boot.actuate.endpoint.web.ServletEndpointRegistrar Registered '/actuator/jolokia' to jolokia-actuator-endpoint
2021-12-26 18:10:35 INFO  Thresh-Auth main com.baomidou.dynamic.datasource.DynamicRoutingDataSource dynamic-datasource start closing ....
2021-12-26 18:10:35 INFO  Thresh-Auth main com.zaxxer.hikari.HikariDataSource base - Shutdown initiated...
2021-12-26 18:10:35 INFO  Thresh-Auth main com.zaxxer.hikari.HikariDataSource base - Shutdown completed.
2021-12-26 18:10:35 INFO  Thresh-Auth main com.baomidou.dynamic.datasource.DynamicRoutingDataSource dynamic-datasource all closed success,bye
2021-12-26 18:10:35 INFO  Thresh-Auth main org.apache.catalina.core.StandardService Stopping service [Tomcat]
2021-12-26 18:10:35 INFO  Thresh-Auth main org.springframework.boot.autoconfigure.logging.ConditionEvaluationReportLoggingListener 

Error starting ApplicationContext. To display the conditions report re-run your application with 'debug' enabled.
2021-12-26 18:12:27 INFO  Thresh-Auth main org.springframework.context.support.PostProcessorRegistrationDelegate$BeanPostProcessorChecker Bean 'org.springframework.cloud.autoconfigure.ConfigurationPropertiesRebinderAutoConfiguration' of type [org.springframework.cloud.autoconfigure.ConfigurationPropertiesRebinderAutoConfiguration] is not eligible for getting processed by all BeanPostProcessors (for example: not eligible for auto-proxying)
2021-12-26 18:12:28 INFO  Thresh-Auth main org.springframework.cloud.bootstrap.config.PropertySourceBootstrapConfiguration Located property source: CompositePropertySource {name='NACOS', propertySources=[NacosPropertySource {name='thresh-auth.yaml'}, NacosPropertySource {name='thresh-auth'}]}
2021-12-26 18:12:28 INFO  Thresh-Auth main com.zhang.thresh.auth.ThreshAuthApplication No active profile set, falling back to default profiles: default
2021-12-26 18:12:29 INFO  Thresh-Auth main org.springframework.data.repository.config.RepositoryConfigurationDelegate Multiple Spring Data modules found, entering strict repository configuration mode!
2021-12-26 18:12:29 INFO  Thresh-Auth main org.springframework.data.repository.config.RepositoryConfigurationDelegate Bootstrapping Spring Data repositories in DEFAULT mode.
2021-12-26 18:12:29 INFO  Thresh-Auth main org.springframework.data.repository.config.RepositoryConfigurationDelegate Finished Spring Data repository scanning in 25ms. Found 0 repository interfaces.
2021-12-26 18:12:29 INFO  Thresh-Auth main org.springframework.cloud.context.scope.GenericScope BeanFactory id=eb43221d-fc7b-3ef7-8ae6-77f7fda0c528
2021-12-26 18:12:29 INFO  Thresh-Auth main org.springframework.context.support.PostProcessorRegistrationDelegate$BeanPostProcessorChecker Bean 'org.springframework.transaction.annotation.ProxyTransactionManagementConfiguration' of type [org.springframework.transaction.annotation.ProxyTransactionManagementConfiguration] is not eligible for getting processed by all BeanPostProcessors (for example: not eligible for auto-proxying)
2021-12-26 18:12:29 INFO  Thresh-Auth main org.springframework.context.support.PostProcessorRegistrationDelegate$BeanPostProcessorChecker Bean 'org.springframework.security.config.annotation.configuration.ObjectPostProcessorConfiguration' of type [org.springframework.security.config.annotation.configuration.ObjectPostProcessorConfiguration] is not eligible for getting processed by all BeanPostProcessors (for example: not eligible for auto-proxying)
2021-12-26 18:12:29 INFO  Thresh-Auth main org.springframework.context.support.PostProcessorRegistrationDelegate$BeanPostProcessorChecker Bean 'objectPostProcessor' of type [org.springframework.security.config.annotation.configuration.AutowireBeanFactoryObjectPostProcessor] is not eligible for getting processed by all BeanPostProcessors (for example: not eligible for auto-proxying)
2021-12-26 18:12:29 INFO  Thresh-Auth main org.springframework.context.support.PostProcessorRegistrationDelegate$BeanPostProcessorChecker Bean 'org.springframework.security.access.expression.method.DefaultMethodSecurityExpressionHandler@10f477e2' of type [org.springframework.security.access.expression.method.DefaultMethodSecurityExpressionHandler] is not eligible for getting processed by all BeanPostProcessors (for example: not eligible for auto-proxying)
2021-12-26 18:12:29 INFO  Thresh-Auth main org.springframework.context.support.PostProcessorRegistrationDelegate$BeanPostProcessorChecker Bean 'com.zhang.thresh.common.security.starter.configure.ThreshCloudSecurityAutoConfigure' of type [com.zhang.thresh.common.security.starter.configure.ThreshCloudSecurityAutoConfigure$$EnhancerBySpringCGLIB$$be7a4251] is not eligible for getting processed by all BeanPostProcessors (for example: not eligible for auto-proxying)
2021-12-26 18:12:29 INFO  Thresh-Auth main org.springframework.context.support.PostProcessorRegistrationDelegate$BeanPostProcessorChecker Bean 'methodSecurityMetadataSource' of type [org.springframework.security.access.method.DelegatingMethodSecurityMetadataSource] is not eligible for getting processed by all BeanPostProcessors (for example: not eligible for auto-proxying)
2021-12-26 18:12:29 INFO  Thresh-Auth main org.springframework.context.support.PostProcessorRegistrationDelegate$BeanPostProcessorChecker Bean 'spring.datasource.dynamic-com.baomidou.dynamic.datasource.spring.boot.autoconfigure.DynamicDataSourceProperties' of type [com.baomidou.dynamic.datasource.spring.boot.autoconfigure.DynamicDataSourceProperties] is not eligible for getting processed by all BeanPostProcessors (for example: not eligible for auto-proxying)
2021-12-26 18:12:29 INFO  Thresh-Auth main org.springframework.context.support.PostProcessorRegistrationDelegate$BeanPostProcessorChecker Bean 'com.baomidou.dynamic.datasource.spring.boot.autoconfigure.DynamicDataSourceAutoConfiguration' of type [com.baomidou.dynamic.datasource.spring.boot.autoconfigure.DynamicDataSourceAutoConfiguration$$EnhancerBySpringCGLIB$$d7f6d1ca] is not eligible for getting processed by all BeanPostProcessors (for example: not eligible for auto-proxying)
2021-12-26 18:12:29 INFO  Thresh-Auth main org.springframework.context.support.PostProcessorRegistrationDelegate$BeanPostProcessorChecker Bean 'dsProcessor' of type [com.baomidou.dynamic.datasource.processor.DsHeaderProcessor] is not eligible for getting processed by all BeanPostProcessors (for example: not eligible for auto-proxying)
2021-12-26 18:12:29 INFO  Thresh-Auth main org.springframework.context.support.PostProcessorRegistrationDelegate$BeanPostProcessorChecker Bean 'dynamicDatasourceAnnotationAdvisor' of type [com.baomidou.dynamic.datasource.aop.DynamicDataSourceAnnotationAdvisor] is not eligible for getting processed by all BeanPostProcessors (for example: not eligible for auto-proxying)
2021-12-26 18:12:29 INFO  Thresh-Auth main org.springframework.context.support.PostProcessorRegistrationDelegate$BeanPostProcessorChecker Bean 'org.springframework.cloud.autoconfigure.ConfigurationPropertiesRebinderAutoConfiguration' of type [org.springframework.cloud.autoconfigure.ConfigurationPropertiesRebinderAutoConfiguration] is not eligible for getting processed by all BeanPostProcessors (for example: not eligible for auto-proxying)
2021-12-26 18:12:29 INFO  Thresh-Auth main org.springframework.boot.web.embedded.tomcat.TomcatWebServer Tomcat initialized with port(s): 8101 (http)
2021-12-26 18:12:29 INFO  Thresh-Auth main org.apache.coyote.http11.Http11NioProtocol Initializing ProtocolHandler ["http-nio-8101"]
2021-12-26 18:12:29 INFO  Thresh-Auth main org.apache.catalina.core.StandardService Starting service [Tomcat]
2021-12-26 18:12:29 INFO  Thresh-Auth main org.apache.catalina.core.StandardEngine Starting Servlet engine: [Apache Tomcat/9.0.27]
2021-12-26 18:12:30 INFO  Thresh-Auth main org.apache.catalina.core.ContainerBase.[Tomcat].[localhost].[/] Initializing Spring embedded WebApplicationContext
2021-12-26 18:12:30 INFO  Thresh-Auth main org.springframework.web.context.ContextLoader Root WebApplicationContext: initialization completed in 1875 ms
2021-12-26 18:12:30 INFO  Thresh-Auth main com.netflix.config.sources.URLConfigurationSource To enable URLs as dynamic configuration sources, define System property archaius.configurationSource.additionalUrls or make config.properties available on classpath.
2021-12-26 18:12:30 INFO  Thresh-Auth main com.netflix.config.DynamicPropertyFactory DynamicPropertyFactory is initialized with configuration sources: com.netflix.config.ConcurrentCompositeConfiguration@54495935
2021-12-26 18:12:30 INFO  Thresh-Auth main com.zaxxer.hikari.HikariDataSource base - Starting...
2021-12-26 18:12:31 INFO  Thresh-Auth main com.zaxxer.hikari.HikariDataSource base - Start completed.
2021-12-26 18:12:31 INFO  Thresh-Auth main com.baomidou.dynamic.datasource.DynamicRoutingDataSource dynamic-datasource - load a datasource named [base] success
2021-12-26 18:12:31 INFO  Thresh-Auth main com.baomidou.dynamic.datasource.DynamicRoutingDataSource dynamic-datasource initial loaded [1] datasource,primary datasource named [base]
2021-12-26 18:12:31 INFO  Thresh-Auth main com.alibaba.nacos.client.naming initializer namespace from System Property :null
2021-12-26 18:12:31 INFO  Thresh-Auth main com.alibaba.nacos.client.naming initializer namespace from System Environment :null
2021-12-26 18:12:31 INFO  Thresh-Auth main com.alibaba.nacos.client.naming initializer namespace from System Property :null
2021-12-26 18:12:31 INFO  Thresh-Auth main org.springframework.boot.actuate.endpoint.web.ServletEndpointRegistrar Registered '/actuator/jolokia' to jolokia-actuator-endpoint
2021-12-26 18:12:32 INFO  Thresh-Auth main org.springframework.boot.actuate.endpoint.web.EndpointLinksResolver Exposing 22 endpoint(s) beneath base path '/actuator'
2021-12-26 18:12:32 INFO  Thresh-Auth main org.springframework.security.web.DefaultSecurityFilterChain Creating filter chain: OrRequestMatcher [requestMatchers=[Ant [pattern='/oauth/token'], Ant [pattern='/oauth/token_key'], Ant [pattern='/oauth/check_token']]], [org.springframework.security.web.context.request.async.WebAsyncManagerIntegrationFilter@63ad5fe7, org.springframework.security.web.context.SecurityContextPersistenceFilter@6f0ae0ee, org.springframework.security.web.header.HeaderWriterFilter@19fc0ef7, org.springframework.security.web.authentication.logout.LogoutFilter@1a947424, org.springframework.security.web.authentication.www.BasicAuthenticationFilter@36349e29, org.springframework.security.web.savedrequest.RequestCacheAwareFilter@2651e783, org.springframework.security.web.servletapi.SecurityContextHolderAwareRequestFilter@535be281, org.springframework.security.web.authentication.AnonymousAuthenticationFilter@3e73f5e7, org.springframework.security.web.session.SessionManagementFilter@796642ae, org.springframework.security.web.access.ExceptionTranslationFilter@a93c798, org.springframework.security.web.access.intercept.FilterSecurityInterceptor@6ad198c9]
2021-12-26 18:12:32 INFO  Thresh-Auth main org.springframework.security.web.DefaultSecurityFilterChain Creating filter chain: OrRequestMatcher [requestMatchers=[Ant [pattern='/oauth/**'], Ant [pattern='/login']]], [org.springframework.security.web.context.request.async.WebAsyncManagerIntegrationFilter@59831016, org.springframework.security.web.context.SecurityContextPersistenceFilter@578d5d02, org.springframework.security.web.header.HeaderWriterFilter@fabfc79, org.springframework.security.web.authentication.logout.LogoutFilter@126f2eb8, com.zhang.thresh.auth.filter.ValidateCodeFilter@5fbae40, org.springframework.security.web.authentication.UsernamePasswordAuthenticationFilter@6c46dc02, org.springframework.security.web.savedrequest.RequestCacheAwareFilter@77f04d1a, org.springframework.security.web.servletapi.SecurityContextHolderAwareRequestFilter@27682fa9, org.springframework.security.web.authentication.AnonymousAuthenticationFilter@37f71e8, org.springframework.security.web.session.SessionManagementFilter@59aa2fba, org.springframework.security.web.access.ExceptionTranslationFilter@2560a7be, org.springframework.security.web.access.intercept.FilterSecurityInterceptor@64e657b0]
2021-12-26 18:12:32 INFO  Thresh-Auth main org.springframework.security.web.DefaultSecurityFilterChain Creating filter chain: OrRequestMatcher [requestMatchers=[Ant [pattern='/**']]], [org.springframework.security.web.context.request.async.WebAsyncManagerIntegrationFilter@78bce1c4, org.springframework.security.web.context.SecurityContextPersistenceFilter@2ae7c1d, org.springframework.security.web.header.HeaderWriterFilter@2555a986, org.springframework.security.web.authentication.logout.LogoutFilter@71eaef6a, org.springframework.security.oauth2.provider.authentication.OAuth2AuthenticationProcessingFilter@1983a4e4, org.springframework.security.web.authentication.www.BasicAuthenticationFilter@3bc3d70e, org.springframework.security.web.savedrequest.RequestCacheAwareFilter@5265a8dd, org.springframework.security.web.servletapi.SecurityContextHolderAwareRequestFilter@5af4328e, org.springframework.security.web.authentication.AnonymousAuthenticationFilter@189e96af, org.springframework.security.web.session.SessionManagementFilter@76c587ce, org.springframework.security.web.access.ExceptionTranslationFilter@78e50fca, org.springframework.security.web.access.intercept.FilterSecurityInterceptor@4fc256ec]
2021-12-26 18:12:32 INFO  Thresh-Auth main io.lettuce.core.EpollProvider Starting without optional epoll library
2021-12-26 18:12:32 INFO  Thresh-Auth main io.lettuce.core.KqueueProvider Starting without optional kqueue library
2021-12-26 18:12:33 INFO  Thresh-Auth main com.netflix.config.sources.URLConfigurationSource To enable URLs as dynamic configuration sources, define System property archaius.configurationSource.additionalUrls or make config.properties available on classpath.
2021-12-26 18:12:33 INFO  Thresh-Auth main org.springframework.scheduling.concurrent.ThreadPoolTaskExecutor Initializing ExecutorService 'applicationTaskExecutor'
2021-12-26 18:12:33 INFO  Thresh-Auth main org.springframework.scheduling.concurrent.ThreadPoolTaskScheduler Initializing ExecutorService
2021-12-26 18:12:33 INFO  Thresh-Auth main springfox.documentation.spring.web.PropertySourcedRequestMappingHandlerMapping Mapped URL path [/v2/api-docs] onto method [springfox.documentation.swagger2.web.Swagger2Controller#getDocumentation(String, HttpServletRequest)]
2021-12-26 18:12:33 INFO  Thresh-Auth main org.springframework.scheduling.concurrent.ThreadPoolTaskScheduler Initializing ExecutorService
2021-12-26 18:12:34 INFO  Thresh-Auth main springfox.documentation.spring.web.plugins.DocumentationPluginsBootstrapper Context refreshed
2021-12-26 18:12:34 INFO  Thresh-Auth main springfox.documentation.spring.web.plugins.DocumentationPluginsBootstrapper Found 1 custom documentation plugin(s)
2021-12-26 18:12:34 INFO  Thresh-Auth main springfox.documentation.spring.web.scanners.ApiListingReferenceScanner Scanning for api listing references
2021-12-26 18:12:34 INFO  Thresh-Auth main springfox.documentation.spring.web.readers.operation.CachingOperationNameGenerator Generating unique operation named: loginUsingGET_1
2021-12-26 18:12:35 INFO  Thresh-Auth main org.springframework.scheduling.annotation.ScheduledAnnotationBeanPostProcessor No TaskScheduler/ScheduledExecutorService bean found for scheduled processing
2021-12-26 18:12:35 INFO  Thresh-Auth main org.apache.coyote.http11.Http11NioProtocol Starting ProtocolHandler ["http-nio-8101"]
2021-12-26 18:12:35 INFO  Thresh-Auth main org.springframework.boot.web.embedded.tomcat.TomcatWebServer Tomcat started on port(s): 8101 (http) with context path ''
2021-12-26 18:12:35 INFO  Thresh-Auth main com.alibaba.nacos.client.naming [BEAT] adding beat: {"cluster":"DEFAULT","ip":"192.168.1.3","metadata":{"preserved.register.source":"SPRING_CLOUD"},"period":5000,"port":8101,"scheduled":false,"serviceName":"DEFAULT_GROUP@@Thresh-Auth","stopped":false,"weight":1.0} to beat map.
2021-12-26 18:12:35 INFO  Thresh-Auth main com.alibaba.nacos.client.naming [REGISTER-SERVICE] public registering service DEFAULT_GROUP@@Thresh-Auth with instance: {"clusterName":"DEFAULT","enabled":true,"ephemeral":true,"healthy":true,"instanceHeartBeatInterval":5000,"instanceHeartBeatTimeOut":15000,"ip":"192.168.1.3","ipDeleteTimeout":30000,"metadata":{"preserved.register.source":"SPRING_CLOUD"},"port":8101,"weight":1.0}
2021-12-26 18:12:35 INFO  Thresh-Auth main com.alibaba.cloud.nacos.registry.NacosServiceRegistry nacos registry, DEFAULT_GROUP Thresh-Auth 192.168.1.3:8101 register finished
2021-12-26 18:12:36 INFO  Thresh-Auth main com.zhang.thresh.auth.ThreshAuthApplication Started ThreshAuthApplication in 9.369 seconds (JVM running for 10.833)
2021-12-26 18:12:36 INFO  Thresh-Auth main com.alibaba.nacos.client.config.impl.ClientWorker [fixed-localhost_8001] [subscribe] thresh-auth+DEFAULT_GROUP
2021-12-26 18:12:36 INFO  Thresh-Auth main com.alibaba.nacos.client.config.impl.CacheData [fixed-localhost_8001] [add-listener] ok, tenant=, dataId=thresh-auth, group=DEFAULT_GROUP, cnt=1
2021-12-26 18:12:36 INFO  Thresh-Auth main com.alibaba.nacos.client.config.impl.ClientWorker [fixed-localhost_8001] [subscribe] thresh-auth.yaml+DEFAULT_GROUP
2021-12-26 18:12:36 INFO  Thresh-Auth main com.alibaba.nacos.client.config.impl.CacheData [fixed-localhost_8001] [add-listener] ok, tenant=, dataId=thresh-auth.yaml, group=DEFAULT_GROUP, cnt=1
2021-12-26 18:12:36 INFO  Thresh-Auth registrationTask1 de.codecentric.boot.admin.client.registration.ApplicationRegistrator Application registered itself as 91cce68cf2bb
2021-12-26 18:12:36 INFO  Thresh-Auth http-nio-8101-exec-1 org.apache.catalina.core.ContainerBase.[Tomcat].[localhost].[/] Initializing Spring DispatcherServlet 'dispatcherServlet'
2021-12-26 18:12:36 INFO  Thresh-Auth http-nio-8101-exec-1 org.springframework.web.servlet.DispatcherServlet Initializing Servlet 'dispatcherServlet'
2021-12-26 18:12:36 INFO  Thresh-Auth http-nio-8101-exec-1 org.springframework.web.servlet.DispatcherServlet Completed initialization in 7 ms
