2021-12-26 18:14:11 INFO  Thresh-TX-Manager main org.springframework.context.support.PostProcessorRegistrationDelegate$BeanPostProcessorChecker Bean 'org.springframework.cloud.autoconfigure.ConfigurationPropertiesRebinderAutoConfiguration' of type [org.springframework.cloud.autoconfigure.ConfigurationPropertiesRebinderAutoConfiguration] is not eligible for getting processed by all BeanPostProcessors (for example: not eligible for auto-proxying)
2021-12-26 18:14:12 INFO  Thresh-TX-Manager main org.springframework.cloud.bootstrap.config.PropertySourceBootstrapConfiguration Located property source: CompositePropertySource {name='NACOS', propertySources=[NacosPropertySource {name='thresh-tx-manager.yaml'}, NacosPropertySource {name='thresh-tx-manager'}]}
2021-12-26 18:14:12 INFO  Thresh-TX-Manager main com.zhang.thresh.tx.manager.ThreshTxManagerApplication No active profile set, falling back to default profiles: default
2021-12-26 18:14:12 INFO  Thresh-TX-Manager main org.springframework.data.repository.config.RepositoryConfigurationDelegate Multiple Spring Data modules found, entering strict repository configuration mode!
2021-12-26 18:14:12 INFO  Thresh-TX-Manager main org.springframework.data.repository.config.RepositoryConfigurationDelegate Bootstrapping Spring Data repositories in DEFAULT mode.
2021-12-26 18:14:12 INFO  Thresh-TX-Manager main org.springframework.data.repository.config.RepositoryConfigurationDelegate Finished Spring Data repository scanning in 6ms. Found 0 repository interfaces.
2021-12-26 18:14:12 INFO  Thresh-TX-Manager main org.springframework.data.repository.config.RepositoryConfigurationDelegate Multiple Spring Data modules found, entering strict repository configuration mode!
2021-12-26 18:14:12 INFO  Thresh-TX-Manager main org.springframework.data.repository.config.RepositoryConfigurationDelegate Bootstrapping Spring Data repositories in DEFAULT mode.
2021-12-26 18:14:12 INFO  Thresh-TX-Manager main org.springframework.data.repository.config.RepositoryConfigurationDelegate Finished Spring Data repository scanning in 1ms. Found 0 repository interfaces.
2021-12-26 18:14:12 INFO  Thresh-TX-Manager main org.springframework.cloud.context.scope.GenericScope BeanFactory id=2c9fba1f-3ee3-308a-ada3-a592839c5c77
2021-12-26 18:14:12 INFO  Thresh-TX-Manager main org.springframework.context.support.PostProcessorRegistrationDelegate$BeanPostProcessorChecker Bean 'org.springframework.transaction.annotation.ProxyTransactionManagementConfiguration' of type [org.springframework.transaction.annotation.ProxyTransactionManagementConfiguration] is not eligible for getting processed by all BeanPostProcessors (for example: not eligible for auto-proxying)
2021-12-26 18:14:12 INFO  Thresh-TX-Manager main org.springframework.context.support.PostProcessorRegistrationDelegate$BeanPostProcessorChecker Bean 'org.springframework.cloud.autoconfigure.ConfigurationPropertiesRebinderAutoConfiguration' of type [org.springframework.cloud.autoconfigure.ConfigurationPropertiesRebinderAutoConfiguration] is not eligible for getting processed by all BeanPostProcessors (for example: not eligible for auto-proxying)
2021-12-26 18:14:12 INFO  Thresh-TX-Manager main org.springframework.boot.web.embedded.tomcat.TomcatWebServer Tomcat initialized with port(s): 8080 (http)
2021-12-26 18:14:12 INFO  Thresh-TX-Manager main org.apache.coyote.http11.Http11NioProtocol Initializing ProtocolHandler ["http-nio-8080"]
2021-12-26 18:14:12 INFO  Thresh-TX-Manager main org.apache.catalina.core.StandardService Starting service [Tomcat]
2021-12-26 18:14:12 INFO  Thresh-TX-Manager main org.apache.catalina.core.StandardEngine Starting Servlet engine: [Apache Tomcat/9.0.27]
2021-12-26 18:14:12 INFO  Thresh-TX-Manager main org.apache.catalina.core.ContainerBase.[Tomcat].[localhost].[/] Initializing Spring embedded WebApplicationContext
2021-12-26 18:14:12 INFO  Thresh-TX-Manager main org.springframework.web.context.ContextLoader Root WebApplicationContext: initialization completed in 848 ms
2021-12-26 18:14:13 INFO  Thresh-TX-Manager main org.apache.catalina.core.StandardService Stopping service [Tomcat]
2021-12-26 18:14:13 INFO  Thresh-TX-Manager main org.springframework.boot.autoconfigure.logging.ConditionEvaluationReportLoggingListener

Error starting ApplicationContext. To display the conditions report re-run your application with 'debug' enabled.
2021-12-26 18:16:20 INFO  Thresh-TX-Manager main org.springframework.context.support.PostProcessorRegistrationDelegate$BeanPostProcessorChecker Bean 'org.springframework.cloud.autoconfigure.ConfigurationPropertiesRebinderAutoConfiguration' of type [org.springframework.cloud.autoconfigure.ConfigurationPropertiesRebinderAutoConfiguration] is not eligible for getting processed by all BeanPostProcessors (for example: not eligible for auto-proxying)
2021-12-26 18:16:21 INFO  Thresh-TX-Manager main org.springframework.cloud.bootstrap.config.PropertySourceBootstrapConfiguration Located property source: CompositePropertySource {name='NACOS', propertySources=[NacosPropertySource {name='thresh-tx-manager.yaml'}, NacosPropertySource {name='thresh-tx-manager'}]}
2021-12-26 18:16:21 INFO  Thresh-TX-Manager main com.zhang.thresh.tx.manager.ThreshTxManagerApplication No active profile set, falling back to default profiles: default
2021-12-26 18:16:21 INFO  Thresh-TX-Manager main org.springframework.data.repository.config.RepositoryConfigurationDelegate Multiple Spring Data modules found, entering strict repository configuration mode!
2021-12-26 18:16:21 INFO  Thresh-TX-Manager main org.springframework.data.repository.config.RepositoryConfigurationDelegate Bootstrapping Spring Data repositories in DEFAULT mode.
2021-12-26 18:16:21 INFO  Thresh-TX-Manager main org.springframework.data.repository.config.RepositoryConfigurationDelegate Finished Spring Data repository scanning in 10ms. Found 0 repository interfaces.
2021-12-26 18:16:21 INFO  Thresh-TX-Manager main org.springframework.data.repository.config.RepositoryConfigurationDelegate Multiple Spring Data modules found, entering strict repository configuration mode!
2021-12-26 18:16:21 INFO  Thresh-TX-Manager main org.springframework.data.repository.config.RepositoryConfigurationDelegate Bootstrapping Spring Data repositories in DEFAULT mode.
2021-12-26 18:16:21 INFO  Thresh-TX-Manager main org.springframework.data.repository.config.RepositoryConfigurationDelegate Finished Spring Data repository scanning in 1ms. Found 0 repository interfaces.
2021-12-26 18:16:21 INFO  Thresh-TX-Manager main org.springframework.cloud.context.scope.GenericScope BeanFactory id=eda955b1-dc63-3c54-8c6f-a2d31b0c40ba
2021-12-26 18:16:21 INFO  Thresh-TX-Manager main org.springframework.context.support.PostProcessorRegistrationDelegate$BeanPostProcessorChecker Bean 'org.springframework.transaction.annotation.ProxyTransactionManagementConfiguration' of type [org.springframework.transaction.annotation.ProxyTransactionManagementConfiguration] is not eligible for getting processed by all BeanPostProcessors (for example: not eligible for auto-proxying)
2021-12-26 18:16:21 INFO  Thresh-TX-Manager main org.springframework.context.support.PostProcessorRegistrationDelegate$BeanPostProcessorChecker Bean 'org.springframework.cloud.autoconfigure.ConfigurationPropertiesRebinderAutoConfiguration' of type [org.springframework.cloud.autoconfigure.ConfigurationPropertiesRebinderAutoConfiguration] is not eligible for getting processed by all BeanPostProcessors (for example: not eligible for auto-proxying)
2021-12-26 18:16:21 INFO  Thresh-TX-Manager main org.springframework.boot.web.embedded.tomcat.TomcatWebServer Tomcat initialized with port(s): 8501 (http)
2021-12-26 18:16:21 INFO  Thresh-TX-Manager main org.apache.coyote.http11.Http11NioProtocol Initializing ProtocolHandler ["http-nio-8501"]
2021-12-26 18:16:21 INFO  Thresh-TX-Manager main org.apache.catalina.core.StandardService Starting service [Tomcat]
2021-12-26 18:16:21 INFO  Thresh-TX-Manager main org.apache.catalina.core.StandardEngine Starting Servlet engine: [Apache Tomcat/9.0.27]
2021-12-26 18:16:22 INFO  Thresh-TX-Manager main org.apache.catalina.core.ContainerBase.[Tomcat].[localhost].[/] Initializing Spring embedded WebApplicationContext
2021-12-26 18:16:22 INFO  Thresh-TX-Manager main org.springframework.web.context.ContextLoader Root WebApplicationContext: initialization completed in 895 ms
2021-12-26 18:16:22 INFO  Thresh-TX-Manager main org.springframework.boot.actuate.endpoint.web.ServletEndpointRegistrar Registered '/actuator/jolokia' to jolokia-actuator-endpoint
2021-12-26 18:16:22 INFO  Thresh-TX-Manager main com.zaxxer.hikari.HikariDataSource HikariPool-1 - Starting...
2021-12-26 18:16:22 INFO  Thresh-TX-Manager main com.zaxxer.hikari.HikariDataSource HikariPool-1 - Start completed.
2021-12-26 18:16:22 INFO  Thresh-TX-Manager main org.hibernate.jpa.internal.util.LogHelper HHH000204: Processing PersistenceUnitInfo [name: default]
2021-12-26 18:16:22 INFO  Thresh-TX-Manager main org.hibernate.Version HHH000412: Hibernate Core {5.4.8.Final}
2021-12-26 18:16:23 INFO  Thresh-TX-Manager main org.hibernate.annotations.common.Version HCANN000001: Hibernate Commons Annotations {5.1.0.Final}
2021-12-26 18:16:23 INFO  Thresh-TX-Manager main org.hibernate.dialect.Dialect HHH000400: Using dialect: org.hibernate.dialect.MySQL8Dialect
2021-12-26 18:16:23 INFO  Thresh-TX-Manager main org.hibernate.engine.transaction.jta.platform.internal.JtaPlatformInitiator HHH000490: Using JtaPlatform implementation: [org.hibernate.engine.transaction.jta.platform.internal.NoJtaPlatform]
2021-12-26 18:16:23 INFO  Thresh-TX-Manager main org.springframework.orm.jpa.LocalContainerEntityManagerFactoryBean Initialized JPA EntityManagerFactory for persistence unit 'default'
2021-12-26 18:16:23 INFO  Thresh-TX-Manager main org.springframework.scheduling.concurrent.ThreadPoolTaskExecutor Initializing ExecutorService 'applicationTaskExecutor'
2021-12-26 18:16:23 INFO  Thresh-TX-Manager main org.springframework.scheduling.concurrent.ThreadPoolTaskScheduler Initializing ExecutorService
2021-12-26 18:16:24 INFO  Thresh-TX-Manager main org.springframework.boot.actuate.endpoint.web.EndpointLinksResolver Exposing 18 endpoint(s) beneath base path '/actuator'
2021-12-26 18:16:24 INFO  Thresh-TX-Manager main org.apache.coyote.http11.Http11NioProtocol Starting ProtocolHandler ["http-nio-8501"]
2021-12-26 18:16:24 INFO  Thresh-TX-Manager main org.springframework.boot.web.embedded.tomcat.TomcatWebServer Tomcat started on port(s): 8501 (http) with context path ''
2021-12-26 18:16:24 INFO  Thresh-TX-Manager main com.zhang.thresh.tx.manager.ThreshTxManagerApplication Started ThreshTxManagerApplication in 5.042 seconds (JVM running for 6.23)
2021-12-26 18:16:24 INFO  Thresh-TX-Manager main com.alibaba.nacos.client.config.impl.ClientWorker [fixed-localhost_8001] [subscribe] thresh-tx-manager+DEFAULT_GROUP
2021-12-26 18:16:24 INFO  Thresh-TX-Manager main com.alibaba.nacos.client.config.impl.CacheData [fixed-localhost_8001] [add-listener] ok, tenant=, dataId=thresh-tx-manager, group=DEFAULT_GROUP, cnt=1
2021-12-26 18:16:24 INFO  Thresh-TX-Manager main com.alibaba.nacos.client.config.impl.ClientWorker [fixed-localhost_8001] [subscribe] thresh-tx-manager.yaml+DEFAULT_GROUP
2021-12-26 18:16:24 INFO  Thresh-TX-Manager main com.alibaba.nacos.client.config.impl.CacheData [fixed-localhost_8001] [add-listener] ok, tenant=, dataId=thresh-tx-manager.yaml, group=DEFAULT_GROUP, cnt=1
2021-12-26 18:16:25 INFO  Thresh-TX-Manager registrationTask1 de.codecentric.boot.admin.client.registration.ApplicationRegistrator Application registered itself as ba2d9d28df8c
2021-12-26 18:16:25 INFO  Thresh-TX-Manager http-nio-8501-exec-1 org.apache.catalina.core.ContainerBase.[Tomcat].[localhost].[/] Initializing Spring DispatcherServlet 'dispatcherServlet'
2021-12-26 18:16:25 INFO  Thresh-TX-Manager http-nio-8501-exec-1 org.springframework.web.servlet.DispatcherServlet Initializing Servlet 'dispatcherServlet'
2021-12-26 18:16:25 INFO  Thresh-TX-Manager http-nio-8501-exec-1 org.springframework.web.servlet.DispatcherServlet Completed initialization in 3 ms
2021-12-26 18:16:25 INFO  Thresh-TX-Manager boundedElastic-1 io.lettuce.core.EpollProvider Starting without optional epoll library
2021-12-26 18:16:25 INFO  Thresh-TX-Manager boundedElastic-1 io.lettuce.core.KqueueProvider Starting without optional kqueue library
2021-12-26 18:17:32 INFO  Thresh-TX-Manager main org.springframework.context.support.PostProcessorRegistrationDelegate$BeanPostProcessorChecker Bean 'org.springframework.cloud.autoconfigure.ConfigurationPropertiesRebinderAutoConfiguration' of type [org.springframework.cloud.autoconfigure.ConfigurationPropertiesRebinderAutoConfiguration] is not eligible for getting processed by all BeanPostProcessors (for example: not eligible for auto-proxying)
2021-12-26 18:17:33 INFO  Thresh-TX-Manager main org.springframework.cloud.bootstrap.config.PropertySourceBootstrapConfiguration Located property source: CompositePropertySource {name='NACOS', propertySources=[NacosPropertySource {name='thresh-tx-manager.yaml'}, NacosPropertySource {name='thresh-tx-manager'}]}
2021-12-26 18:17:33 INFO  Thresh-TX-Manager main com.zhang.thresh.tx.manager.ThreshTxManagerApplication No active profile set, falling back to default profiles: default
2021-12-26 18:17:33 INFO  Thresh-TX-Manager main org.springframework.data.repository.config.RepositoryConfigurationDelegate Multiple Spring Data modules found, entering strict repository configuration mode!
2021-12-26 18:17:33 INFO  Thresh-TX-Manager main org.springframework.data.repository.config.RepositoryConfigurationDelegate Bootstrapping Spring Data repositories in DEFAULT mode.
2021-12-26 18:17:33 INFO  Thresh-TX-Manager main org.springframework.data.repository.config.RepositoryConfigurationDelegate Finished Spring Data repository scanning in 27ms. Found 1 repository interfaces.
2021-12-26 18:17:33 INFO  Thresh-TX-Manager main org.springframework.data.repository.config.RepositoryConfigurationDelegate Multiple Spring Data modules found, entering strict repository configuration mode!
2021-12-26 18:17:33 INFO  Thresh-TX-Manager main org.springframework.data.repository.config.RepositoryConfigurationDelegate Bootstrapping Spring Data repositories in DEFAULT mode.
2021-12-26 18:17:33 INFO  Thresh-TX-Manager main org.springframework.data.repository.config.RepositoryConfigurationExtensionSupport Spring Data Redis - Could not safely identify store assignment for repository candidate interface com.codingapi.txlcn.tm.support.db.jpa.TxExceptionRepository. If you want this repository to be a Redis repository, consider annotating your entities with one of these annotations: org.springframework.data.redis.core.RedisHash (preferred), or consider extending one of the following types with your repository: org.springframework.data.keyvalue.repository.KeyValueRepository.
2021-12-26 18:17:33 INFO  Thresh-TX-Manager main org.springframework.data.repository.config.RepositoryConfigurationDelegate Finished Spring Data repository scanning in 23ms. Found 0 repository interfaces.
2021-12-26 18:17:33 INFO  Thresh-TX-Manager main org.springframework.cloud.context.scope.GenericScope BeanFactory id=2e9651d6-83a0-37b8-a947-e7ed3c8d0aa0
2021-12-26 18:17:34 INFO  Thresh-TX-Manager main org.springframework.context.support.PostProcessorRegistrationDelegate$BeanPostProcessorChecker Bean 'org.springframework.transaction.annotation.ProxyTransactionManagementConfiguration' of type [org.springframework.transaction.annotation.ProxyTransactionManagementConfiguration] is not eligible for getting processed by all BeanPostProcessors (for example: not eligible for auto-proxying)
2021-12-26 18:17:34 INFO  Thresh-TX-Manager main org.springframework.context.support.PostProcessorRegistrationDelegate$BeanPostProcessorChecker Bean 'org.springframework.cloud.autoconfigure.ConfigurationPropertiesRebinderAutoConfiguration' of type [org.springframework.cloud.autoconfigure.ConfigurationPropertiesRebinderAutoConfiguration] is not eligible for getting processed by all BeanPostProcessors (for example: not eligible for auto-proxying)
2021-12-26 18:17:34 INFO  Thresh-TX-Manager main org.springframework.boot.web.embedded.tomcat.TomcatWebServer Tomcat initialized with port(s): 8501 (http)
2021-12-26 18:17:34 INFO  Thresh-TX-Manager main org.apache.coyote.http11.Http11NioProtocol Initializing ProtocolHandler ["http-nio-8501"]
2021-12-26 18:17:34 INFO  Thresh-TX-Manager main org.apache.catalina.core.StandardService Starting service [Tomcat]
2021-12-26 18:17:34 INFO  Thresh-TX-Manager main org.apache.catalina.core.StandardEngine Starting Servlet engine: [Apache Tomcat/9.0.27]
2021-12-26 18:17:34 INFO  Thresh-TX-Manager main org.apache.catalina.core.ContainerBase.[Tomcat].[localhost].[/] Initializing Spring embedded WebApplicationContext
2021-12-26 18:17:34 INFO  Thresh-TX-Manager main org.springframework.web.context.ContextLoader Root WebApplicationContext: initialization completed in 1086 ms
2021-12-26 18:17:34 INFO  Thresh-TX-Manager main org.springframework.boot.actuate.endpoint.web.ServletEndpointRegistrar Registered '/actuator/jolokia' to jolokia-actuator-endpoint
2021-12-26 18:17:34 INFO  Thresh-TX-Manager main com.zaxxer.hikari.HikariDataSource HikariPool-1 - Starting...
2021-12-26 18:17:35 INFO  Thresh-TX-Manager main com.zaxxer.hikari.HikariDataSource HikariPool-1 - Start completed.
2021-12-26 18:17:35 INFO  Thresh-TX-Manager main org.hibernate.jpa.internal.util.LogHelper HHH000204: Processing PersistenceUnitInfo [name: default]
2021-12-26 18:17:35 INFO  Thresh-TX-Manager main org.hibernate.Version HHH000412: Hibernate Core {5.4.8.Final}
2021-12-26 18:17:35 INFO  Thresh-TX-Manager main org.hibernate.annotations.common.Version HCANN000001: Hibernate Commons Annotations {5.1.0.Final}
2021-12-26 18:17:35 INFO  Thresh-TX-Manager main org.hibernate.dialect.Dialect HHH000400: Using dialect: org.hibernate.dialect.MySQL8Dialect
2021-12-26 18:17:35 INFO  Thresh-TX-Manager main org.hibernate.engine.transaction.jta.platform.internal.JtaPlatformInitiator HHH000490: Using JtaPlatform implementation: [org.hibernate.engine.transaction.jta.platform.internal.NoJtaPlatform]
2021-12-26 18:17:35 INFO  Thresh-TX-Manager main org.springframework.orm.jpa.LocalContainerEntityManagerFactoryBean Initialized JPA EntityManagerFactory for persistence unit 'default'
2021-12-26 18:17:36 INFO  Thresh-TX-Manager main com.codingapi.txlcn.logger.db.LogDbHelper log-db Properties: {"allowPoolSuspension":false,"autoCommit":true,"connectionTimeout":30000,"dataSourceProperties":{},"driverClassName":"com.mysql.cj.jdbc.Driver","enabled":true,"healthCheckProperties":{},"idleTimeout":600000,"initializationFailTimeout":1,"isolateInternalQueries":false,"jdbcUrl":"jdbc:mysql://localhost:3306/thresh_cloud_base?useUnicode=true&characterEncoding=UTF-8&useJDBCCompliantTimezoneShift=true&useLegacyDatetimeCode=false&serverTimezone=GMT%2b8","leakDetectionThreshold":0,"maxLifetime":1800000,"maximumPoolSize":-1,"minimumIdle":-1,"onlyError":true,"password":"Zhang@8324761","readOnly":false,"registerMbeans":false,"username":"root","validationTimeout":5000}
2021-12-26 18:17:36 INFO  Thresh-TX-Manager main com.zaxxer.hikari.HikariDataSource HikariPool-2 - Starting...
2021-12-26 18:17:36 INFO  Thresh-TX-Manager main com.zaxxer.hikari.HikariDataSource HikariPool-2 - Start completed.
2021-12-26 18:17:36 INFO  Thresh-TX-Manager main com.codingapi.txlcn.logger.db.LogDbHelper log-db prepared.
2021-12-26 18:17:36 INFO  Thresh-TX-Manager main org.springframework.scheduling.concurrent.ThreadPoolTaskScheduler Initializing ExecutorService
2021-12-26 18:17:37 INFO  Thresh-TX-Manager main org.springframework.boot.actuate.endpoint.web.EndpointLinksResolver Exposing 18 endpoint(s) beneath base path '/actuator'
2021-12-26 18:17:37 INFO  Thresh-TX-Manager main org.apache.coyote.http11.Http11NioProtocol Starting ProtocolHandler ["http-nio-8501"]
2021-12-26 18:17:37 INFO  Thresh-TX-Manager main org.springframework.boot.web.embedded.tomcat.TomcatWebServer Tomcat started on port(s): 8501 (http) with context path ''
2021-12-26 18:17:37 INFO  Thresh-TX-Manager main com.zhang.thresh.tx.manager.ThreshTxManagerApplication Started ThreshTxManagerApplication in 5.729 seconds (JVM running for 6.706)
2021-12-26 18:17:38 INFO  Thresh-TX-Manager main com.codingapi.txlcn.txmsg.netty.impl.NettyRpcServerInitializer Socket started on 0.0.0.0:8888
2021-12-26 18:17:38 INFO  Thresh-TX-Manager nioEventLoopGroup-4-1 io.netty.handler.logging.LoggingHandler [id: 0x1cd885de] REGISTERED
2021-12-26 18:17:38 INFO  Thresh-TX-Manager nioEventLoopGroup-4-1 io.netty.handler.logging.LoggingHandler [id: 0x1cd885de] BIND: /0.0.0.0:8888
2021-12-26 18:17:38 INFO  Thresh-TX-Manager nioEventLoopGroup-4-1 io.netty.handler.logging.LoggingHandler [id: 0x1cd885de, L:/0:0:0:0:0:0:0:0:8888] ACTIVE
2021-12-26 18:17:38 INFO  Thresh-TX-Manager main io.lettuce.core.EpollProvider Starting without optional epoll library
2021-12-26 18:17:38 INFO  Thresh-TX-Manager main io.lettuce.core.KqueueProvider Starting without optional kqueue library
2021-12-26 18:17:38 INFO  Thresh-TX-Manager main com.codingapi.txlcn.tm.support.service.impl.ManagerServiceImpl Acquired machine id 8, max machine id is: 2251799813685246
2021-12-26 18:17:38 INFO  Thresh-TX-Manager main com.alibaba.nacos.client.config.impl.ClientWorker [fixed-localhost_8001] [subscribe] thresh-tx-manager+DEFAULT_GROUP
2021-12-26 18:17:38 INFO  Thresh-TX-Manager main com.alibaba.nacos.client.config.impl.CacheData [fixed-localhost_8001] [add-listener] ok, tenant=, dataId=thresh-tx-manager, group=DEFAULT_GROUP, cnt=1
2021-12-26 18:17:38 INFO  Thresh-TX-Manager main com.alibaba.nacos.client.config.impl.ClientWorker [fixed-localhost_8001] [subscribe] thresh-tx-manager.yaml+DEFAULT_GROUP
2021-12-26 18:17:38 INFO  Thresh-TX-Manager main com.alibaba.nacos.client.config.impl.CacheData [fixed-localhost_8001] [add-listener] ok, tenant=, dataId=thresh-tx-manager.yaml, group=DEFAULT_GROUP, cnt=1
2021-12-26 18:17:38 INFO  Thresh-TX-Manager registrationTask1 de.codecentric.boot.admin.client.registration.ApplicationRegistrator Application registered itself as ba2d9d28df8c
2021-12-26 18:17:38 INFO  Thresh-TX-Manager http-nio-8501-exec-1 org.apache.catalina.core.ContainerBase.[Tomcat].[localhost].[/] Initializing Spring DispatcherServlet 'dispatcherServlet'
2021-12-26 18:17:38 INFO  Thresh-TX-Manager http-nio-8501-exec-1 org.springframework.web.servlet.DispatcherServlet Initializing Servlet 'dispatcherServlet'
2021-12-26 18:17:38 INFO  Thresh-TX-Manager http-nio-8501-exec-1 org.springframework.web.servlet.DispatcherServlet Completed initialization in 4 ms
2021-12-26 18:17:48 INFO  Thresh-TX-Manager http-nio-8501-exec-8 com.codingapi.txlcn.tm.support.restapi.auth.sauth.token.TokenInterceptor Token is: 224261c0b22549b8b608d4a3c8fdfc86
2021-12-26 18:17:50 INFO  Thresh-TX-Manager http-nio-8501-exec-9 com.codingapi.txlcn.tm.support.restapi.auth.sauth.token.TokenInterceptor Token is: 224261c0b22549b8b608d4a3c8fdfc86
2021-12-26 18:17:56 INFO  Thresh-TX-Manager http-nio-8501-exec-6 com.codingapi.txlcn.tm.support.restapi.auth.sauth.token.TokenInterceptor Token is: 224261c0b22549b8b608d4a3c8fdfc86
2021-12-26 18:18:02 INFO  Thresh-TX-Manager http-nio-8501-exec-1 com.codingapi.txlcn.tm.support.restapi.auth.sauth.token.TokenInterceptor Token is: 224261c0b22549b8b608d4a3c8fdfc86
2021-12-26 18:18:03 INFO  Thresh-TX-Manager http-nio-8501-exec-5 com.codingapi.txlcn.tm.support.restapi.auth.sauth.token.TokenInterceptor Token is: 224261c0b22549b8b608d4a3c8fdfc86
2021-12-26 18:18:32 INFO  Thresh-TX-Manager nioEventLoopGroup-4-1 io.netty.handler.logging.LoggingHandler [id: 0x1cd885de, L:/0:0:0:0:0:0:0:0:8888] READ: [id: 0xeb2df2e8, L:/127.0.0.1:8888 - R:/127.0.0.1:14436]
2021-12-26 18:18:32 INFO  Thresh-TX-Manager nioEventLoopGroup-4-1 io.netty.handler.logging.LoggingHandler [id: 0x1cd885de, L:/0:0:0:0:0:0:0:0:8888] READ COMPLETE
2021-12-26 18:18:33 INFO  Thresh-TX-Manager tm-rpc-service-0 com.codingapi.txlcn.tm.txmsg.transaction.InitClientService Registered TC: Thresh-Server-System:8201
2021-12-26 18:18:33 INFO  Thresh-TX-Manager tm-rpc-service-0 com.codingapi.txlcn.tm.support.service.impl.ManagerServiceImpl Acquired machine id 9, max machine id is: 2251799813685246
2021-12-26 18:18:33 INFO  Thresh-TX-Manager tm-rpc-service-1 com.codingapi.txlcn.tm.txmsg.transaction.QueryTMClusterExecuteService Query TM cluster. [0.0.0.0:8888]
2021-12-26 18:18:33 INFO  Thresh-TX-Manager nioEventLoopGroup-4-1 io.netty.handler.logging.LoggingHandler [id: 0x1cd885de, L:/0:0:0:0:0:0:0:0:8888] READ: [id: 0x41076d12, L:/192.168.1.3:8888 - R:/192.168.1.3:14506]
2021-12-26 18:18:33 INFO  Thresh-TX-Manager nioEventLoopGroup-4-1 io.netty.handler.logging.LoggingHandler [id: 0x1cd885de, L:/0:0:0:0:0:0:0:0:8888] READ COMPLETE
2021-12-26 18:18:33 INFO  Thresh-TX-Manager tm-rpc-service-2 com.codingapi.txlcn.tm.txmsg.transaction.InitClientService Registered TC: Thresh-Server-System:8201
2021-12-26 18:18:33 INFO  Thresh-TX-Manager tm-rpc-service-2 com.codingapi.txlcn.tm.support.service.impl.ManagerServiceImpl Acquired machine id 10, max machine id is: 2251799813685246
2021-12-26 18:18:49 INFO  Thresh-TX-Manager nioEventLoopGroup-4-1 io.netty.handler.logging.LoggingHandler [id: 0x1cd885de, L:/0:0:0:0:0:0:0:0:8888] READ: [id: 0x89633712, L:/127.0.0.1:8888 - R:/127.0.0.1:14625]
2021-12-26 18:18:49 INFO  Thresh-TX-Manager nioEventLoopGroup-4-1 io.netty.handler.logging.LoggingHandler [id: 0x1cd885de, L:/0:0:0:0:0:0:0:0:8888] READ COMPLETE
2021-12-26 18:18:49 INFO  Thresh-TX-Manager tm-rpc-service-3 com.codingapi.txlcn.tm.txmsg.transaction.InitClientService Registered TC: Thresh-Server-System:8201
2021-12-26 18:18:49 INFO  Thresh-TX-Manager tm-rpc-service-3 com.codingapi.txlcn.tm.support.service.impl.ManagerServiceImpl Acquired machine id 11, max machine id is: 2251799813685246
2021-12-26 18:18:49 INFO  Thresh-TX-Manager tm-rpc-service-4 com.codingapi.txlcn.tm.txmsg.transaction.QueryTMClusterExecuteService Query TM cluster. [0.0.0.0:8888]
2021-12-26 18:18:49 INFO  Thresh-TX-Manager nioEventLoopGroup-4-1 io.netty.handler.logging.LoggingHandler [id: 0x1cd885de, L:/0:0:0:0:0:0:0:0:8888] READ: [id: 0xdbddd3f6, L:/192.168.1.3:8888 - R:/192.168.1.3:14692]
2021-12-26 18:18:49 INFO  Thresh-TX-Manager nioEventLoopGroup-4-1 io.netty.handler.logging.LoggingHandler [id: 0x1cd885de, L:/0:0:0:0:0:0:0:0:8888] READ COMPLETE
2021-12-26 18:18:49 INFO  Thresh-TX-Manager tm-rpc-service-5 com.codingapi.txlcn.tm.txmsg.transaction.InitClientService Registered TC: Thresh-Server-System:8201
2021-12-26 18:18:49 INFO  Thresh-TX-Manager tm-rpc-service-5 com.codingapi.txlcn.tm.support.service.impl.ManagerServiceImpl Acquired machine id 12, max machine id is: 2251799813685246
2021-12-26 18:19:17 INFO  Thresh-TX-Manager nioEventLoopGroup-4-1 io.netty.handler.logging.LoggingHandler [id: 0x1cd885de, L:/0:0:0:0:0:0:0:0:8888] READ: [id: 0xb51bcfdc, L:/127.0.0.1:8888 - R:/127.0.0.1:14849]
2021-12-26 18:19:17 INFO  Thresh-TX-Manager nioEventLoopGroup-4-1 io.netty.handler.logging.LoggingHandler [id: 0x1cd885de, L:/0:0:0:0:0:0:0:0:8888] READ COMPLETE
2021-12-26 18:19:17 INFO  Thresh-TX-Manager tm-rpc-service-6 com.codingapi.txlcn.tm.txmsg.transaction.InitClientService Registered TC: Thresh-Server-Test:8202
2021-12-26 18:19:17 INFO  Thresh-TX-Manager tm-rpc-service-6 com.codingapi.txlcn.tm.support.service.impl.ManagerServiceImpl Acquired machine id 13, max machine id is: 2251799813685246
2021-12-26 18:19:17 INFO  Thresh-TX-Manager tm-rpc-service-7 com.codingapi.txlcn.tm.txmsg.transaction.QueryTMClusterExecuteService Query TM cluster. [0.0.0.0:8888]
2021-12-26 18:19:17 INFO  Thresh-TX-Manager nioEventLoopGroup-4-1 io.netty.handler.logging.LoggingHandler [id: 0x1cd885de, L:/0:0:0:0:0:0:0:0:8888] READ: [id: 0xb99686f7, L:/192.168.1.3:8888 - R:/192.168.1.3:14916]
2021-12-26 18:19:17 INFO  Thresh-TX-Manager nioEventLoopGroup-4-1 io.netty.handler.logging.LoggingHandler [id: 0x1cd885de, L:/0:0:0:0:0:0:0:0:8888] READ COMPLETE
2021-12-26 18:19:17 INFO  Thresh-TX-Manager tm-rpc-service-8 com.codingapi.txlcn.tm.txmsg.transaction.InitClientService Registered TC: Thresh-Server-Test:8202
2021-12-26 18:19:17 INFO  Thresh-TX-Manager tm-rpc-service-8 com.codingapi.txlcn.tm.support.service.impl.ManagerServiceImpl Acquired machine id 14, max machine id is: 2251799813685246
2021-12-26 18:19:29 INFO  Thresh-TX-Manager http-nio-8501-exec-6 com.codingapi.txlcn.tm.support.restapi.auth.sauth.token.TokenInterceptor Token is: 224261c0b22549b8b608d4a3c8fdfc86
2021-12-26 18:19:31 INFO  Thresh-TX-Manager http-nio-8501-exec-1 com.codingapi.txlcn.tm.support.restapi.auth.sauth.token.TokenInterceptor Token is: 224261c0b22549b8b608d4a3c8fdfc86
2021-12-26 18:19:48 INFO  Thresh-TX-Manager http-nio-8501-exec-9 com.codingapi.txlcn.tm.support.restapi.auth.sauth.token.TokenInterceptor Token is: 224261c0b22549b8b608d4a3c8fdfc86
2021-12-26 18:19:57 INFO  Thresh-TX-Manager http-nio-8501-exec-1 com.codingapi.txlcn.tm.support.restapi.auth.sauth.token.TokenInterceptor Token is: 224261c0b22549b8b608d4a3c8fdfc86
2021-12-26 18:20:05 INFO  Thresh-TX-Manager http-nio-8501-exec-2 com.codingapi.txlcn.tm.support.restapi.auth.sauth.token.TokenInterceptor Token is: 224261c0b22549b8b608d4a3c8fdfc86
2021-12-26 18:20:07 INFO  Thresh-TX-Manager http-nio-8501-exec-7 com.codingapi.txlcn.tm.support.restapi.auth.sauth.token.TokenInterceptor Token is: 224261c0b22549b8b608d4a3c8fdfc86
