2021-12-25 18:39:31 INFO  Thresh-Tx-Manager main org.springframework.context.support.PostProcessorRegistrationDelegate$BeanPostProcessorChecker Bean 'org.springframework.cloud.autoconfigure.ConfigurationPropertiesRebinderAutoConfiguration' of type [org.springframework.cloud.autoconfigure.ConfigurationPropertiesRebinderAutoConfiguration] is not eligible for getting processed by all BeanPostProcessors (for example: not eligible for auto-proxying)
2021-12-25 18:39:38 INFO  Thresh-Tx-Manager main org.springframework.cloud.bootstrap.config.PropertySourceBootstrapConfiguration Located property source: CompositePropertySource {name='NACOS', propertySources=[NacosPropertySource {name='thresh-tx-manager.yaml'}, NacosPropertySource {name='thresh-tx-manager'}]}
2021-12-25 18:39:38 INFO  Thresh-Tx-Manager main com.zhang.thresh.tx.manager.ThreshTxManagerApplication No active profile set, falling back to default profiles: default
2021-12-25 18:39:38 INFO  Thresh-Tx-Manager main org.springframework.data.repository.config.RepositoryConfigurationDelegate Multiple Spring Data modules found, entering strict repository configuration mode!
2021-12-25 18:39:38 INFO  Thresh-Tx-Manager main org.springframework.data.repository.config.RepositoryConfigurationDelegate Bootstrapping Spring Data repositories in DEFAULT mode.
2021-12-25 18:39:38 INFO  Thresh-Tx-Manager main org.springframework.data.repository.config.RepositoryConfigurationDelegate Finished Spring Data repository scanning in 23ms. Found 1 repository interfaces.
2021-12-25 18:39:39 INFO  Thresh-Tx-Manager main org.springframework.data.repository.config.RepositoryConfigurationDelegate Multiple Spring Data modules found, entering strict repository configuration mode!
2021-12-25 18:39:39 INFO  Thresh-Tx-Manager main org.springframework.data.repository.config.RepositoryConfigurationDelegate Bootstrapping Spring Data repositories in DEFAULT mode.
2021-12-25 18:39:39 INFO  Thresh-Tx-Manager main org.springframework.data.repository.config.RepositoryConfigurationExtensionSupport Spring Data Redis - Could not safely identify store assignment for repository candidate interface com.codingapi.txlcn.tm.support.db.jpa.TxExceptionRepository. If you want this repository to be a Redis repository, consider annotating your entities with one of these annotations: org.springframework.data.redis.core.RedisHash (preferred), or consider extending one of the following types with your repository: org.springframework.data.keyvalue.repository.KeyValueRepository.
2021-12-25 18:39:39 INFO  Thresh-Tx-Manager main org.springframework.data.repository.config.RepositoryConfigurationDelegate Finished Spring Data repository scanning in 17ms. Found 0 repository interfaces.
2021-12-25 18:39:39 INFO  Thresh-Tx-Manager main org.springframework.cloud.context.scope.GenericScope BeanFactory id=2e9651d6-83a0-37b8-a947-e7ed3c8d0aa0
2021-12-25 18:39:39 INFO  Thresh-Tx-Manager main org.springframework.context.support.PostProcessorRegistrationDelegate$BeanPostProcessorChecker Bean 'org.springframework.transaction.annotation.ProxyTransactionManagementConfiguration' of type [org.springframework.transaction.annotation.ProxyTransactionManagementConfiguration] is not eligible for getting processed by all BeanPostProcessors (for example: not eligible for auto-proxying)
2021-12-25 18:39:39 INFO  Thresh-Tx-Manager main org.springframework.context.support.PostProcessorRegistrationDelegate$BeanPostProcessorChecker Bean 'org.springframework.cloud.autoconfigure.ConfigurationPropertiesRebinderAutoConfiguration' of type [org.springframework.cloud.autoconfigure.ConfigurationPropertiesRebinderAutoConfiguration] is not eligible for getting processed by all BeanPostProcessors (for example: not eligible for auto-proxying)
2021-12-25 18:39:39 INFO  Thresh-Tx-Manager main org.springframework.boot.web.embedded.tomcat.TomcatWebServer Tomcat initialized with port(s): 8501 (http)
2021-12-25 18:39:39 INFO  Thresh-Tx-Manager main org.apache.coyote.http11.Http11NioProtocol Initializing ProtocolHandler ["http-nio-8501"]
2021-12-25 18:39:39 INFO  Thresh-Tx-Manager main org.apache.catalina.core.StandardService Starting service [Tomcat]
2021-12-25 18:39:39 INFO  Thresh-Tx-Manager main org.apache.catalina.core.StandardEngine Starting Servlet engine: [Apache Tomcat/9.0.27]
2021-12-25 18:39:39 INFO  Thresh-Tx-Manager main org.apache.catalina.core.ContainerBase.[Tomcat].[localhost].[/] Initializing Spring embedded WebApplicationContext
2021-12-25 18:39:39 INFO  Thresh-Tx-Manager main org.springframework.web.context.ContextLoader Root WebApplicationContext: initialization completed in 1028 ms
2021-12-25 18:39:39 INFO  Thresh-Tx-Manager main org.springframework.boot.actuate.endpoint.web.ServletEndpointRegistrar Registered '/actuator/jolokia' to jolokia-actuator-endpoint
2021-12-25 18:39:39 INFO  Thresh-Tx-Manager main com.zaxxer.hikari.HikariDataSource HikariPool-1 - Starting...
2021-12-25 18:39:40 INFO  Thresh-Tx-Manager main com.zaxxer.hikari.HikariDataSource HikariPool-1 - Start completed.
2021-12-25 18:39:40 INFO  Thresh-Tx-Manager main org.hibernate.jpa.internal.util.LogHelper HHH000204: Processing PersistenceUnitInfo [name: default]
2021-12-25 18:39:40 INFO  Thresh-Tx-Manager main org.hibernate.Version HHH000412: Hibernate Core {5.4.8.Final}
2021-12-25 18:39:40 INFO  Thresh-Tx-Manager main org.hibernate.annotations.common.Version HCANN000001: Hibernate Commons Annotations {5.1.0.Final}
2021-12-25 18:39:40 INFO  Thresh-Tx-Manager main org.hibernate.dialect.Dialect HHH000400: Using dialect: org.hibernate.dialect.MySQL8Dialect
2021-12-25 18:39:40 INFO  Thresh-Tx-Manager main org.hibernate.engine.transaction.jta.platform.internal.JtaPlatformInitiator HHH000490: Using JtaPlatform implementation: [org.hibernate.engine.transaction.jta.platform.internal.NoJtaPlatform]
2021-12-25 18:39:40 INFO  Thresh-Tx-Manager main org.springframework.orm.jpa.LocalContainerEntityManagerFactoryBean Initialized JPA EntityManagerFactory for persistence unit 'default'
2021-12-25 18:39:40 INFO  Thresh-Tx-Manager main com.codingapi.txlcn.logger.db.LogDbHelper log-db Properties: {"allowPoolSuspension":false,"autoCommit":true,"connectionTimeout":30000,"dataSourceProperties":{},"driverClassName":"com.mysql.cj.jdbc.Driver","enabled":true,"healthCheckProperties":{},"idleTimeout":600000,"initializationFailTimeout":1,"isolateInternalQueries":false,"jdbcUrl":"jdbc:mysql://localhost:3306/thresh_cloud_base?useUnicode=true&characterEncoding=UTF-8&useJDBCCompliantTimezoneShift=true&useLegacyDatetimeCode=false&serverTimezone=GMT%2b8","leakDetectionThreshold":0,"maxLifetime":1800000,"maximumPoolSize":-1,"minimumIdle":-1,"onlyError":true,"password":"Zhang@8324761","readOnly":false,"registerMbeans":false,"username":"root","validationTimeout":5000}
2021-12-25 18:39:40 INFO  Thresh-Tx-Manager main com.zaxxer.hikari.HikariDataSource HikariPool-2 - Starting...
2021-12-25 18:39:40 INFO  Thresh-Tx-Manager main com.zaxxer.hikari.HikariDataSource HikariPool-2 - Start completed.
2021-12-25 18:39:40 INFO  Thresh-Tx-Manager main com.codingapi.txlcn.logger.db.LogDbHelper log-db prepared.
2021-12-25 18:39:40 INFO  Thresh-Tx-Manager main org.springframework.scheduling.concurrent.ThreadPoolTaskScheduler Initializing ExecutorService
2021-12-25 18:39:41 INFO  Thresh-Tx-Manager main org.springframework.boot.actuate.endpoint.web.EndpointLinksResolver Exposing 18 endpoint(s) beneath base path '/actuator'
2021-12-25 18:39:41 INFO  Thresh-Tx-Manager main org.apache.coyote.http11.Http11NioProtocol Starting ProtocolHandler ["http-nio-8501"]
2021-12-25 18:39:41 INFO  Thresh-Tx-Manager main org.springframework.boot.web.embedded.tomcat.TomcatWebServer Tomcat started on port(s): 8501 (http) with context path ''
2021-12-25 18:39:42 INFO  Thresh-Tx-Manager main com.zhang.thresh.tx.manager.ThreshTxManagerApplication Started ThreshTxManagerApplication in 11.162 seconds (JVM running for 12.173)
2021-12-25 18:39:42 INFO  Thresh-Tx-Manager main com.codingapi.txlcn.txmsg.netty.impl.NettyRpcServerInitializer Socket started on 0.0.0.0:8888
2021-12-25 18:39:42 INFO  Thresh-Tx-Manager nioEventLoopGroup-4-1 io.netty.handler.logging.LoggingHandler [id: 0x93e642c6] REGISTERED
2021-12-25 18:39:42 INFO  Thresh-Tx-Manager nioEventLoopGroup-4-1 io.netty.handler.logging.LoggingHandler [id: 0x93e642c6] BIND: /0.0.0.0:8888
2021-12-25 18:39:42 INFO  Thresh-Tx-Manager nioEventLoopGroup-4-1 io.netty.handler.logging.LoggingHandler [id: 0x93e642c6, L:/0:0:0:0:0:0:0:0:8888] ACTIVE
2021-12-25 18:39:42 INFO  Thresh-Tx-Manager main io.lettuce.core.EpollProvider Starting without optional epoll library
2021-12-25 18:39:42 INFO  Thresh-Tx-Manager main io.lettuce.core.KqueueProvider Starting without optional kqueue library
2021-12-25 18:39:42 INFO  Thresh-Tx-Manager main com.codingapi.txlcn.tm.support.service.impl.ManagerServiceImpl Acquired machine id 7, max machine id is: 2251799813685246
2021-12-25 18:39:42 INFO  Thresh-Tx-Manager main com.alibaba.nacos.client.config.impl.ClientWorker [fixed-localhost_8001] [subscribe] thresh-tx-manager+DEFAULT_GROUP
2021-12-25 18:39:42 INFO  Thresh-Tx-Manager main com.alibaba.nacos.client.config.impl.CacheData [fixed-localhost_8001] [add-listener] ok, tenant=, dataId=thresh-tx-manager, group=DEFAULT_GROUP, cnt=1
2021-12-25 18:39:42 INFO  Thresh-Tx-Manager main com.alibaba.nacos.client.config.impl.ClientWorker [fixed-localhost_8001] [subscribe] thresh-tx-manager.yaml+DEFAULT_GROUP
2021-12-25 18:39:42 INFO  Thresh-Tx-Manager main com.alibaba.nacos.client.config.impl.CacheData [fixed-localhost_8001] [add-listener] ok, tenant=, dataId=thresh-tx-manager.yaml, group=DEFAULT_GROUP, cnt=1
2021-12-25 18:39:43 INFO  Thresh-Tx-Manager RMI TCP Connection(7)-192.168.1.3 org.apache.catalina.core.ContainerBase.[Tomcat].[localhost].[/] Initializing Spring DispatcherServlet 'dispatcherServlet'
2021-12-25 18:39:43 INFO  Thresh-Tx-Manager RMI TCP Connection(7)-192.168.1.3 org.springframework.web.servlet.DispatcherServlet Initializing Servlet 'dispatcherServlet'
2021-12-25 18:39:43 INFO  Thresh-Tx-Manager RMI TCP Connection(7)-192.168.1.3 org.springframework.web.servlet.DispatcherServlet Completed initialization in 6 ms
